============================= test session starts ==============================
platform linux -- Python 3.8.0, pytest-6.2.1, py-1.10.0, pluggy-0.13.1
rootdir: /dc-app-performance-toolkit/app
plugins: apiritif-0.9.5
collected 14 items

selenium_ui/jira_ui.py first driver inits
1610552092372,971,selenium_login:open_login_page,Success,True
1610552095027,2655,selenium_login:login_and_view_dashboard,Success,True
1610552095028,3627,selenium_login,Success,True
.test_0_selenium_a_login,Total:1 Passed:1 Failed:0
1610552095659,617,selenium_browse_projects_list,Success,True
.test_1_selenium_browse_projects_list,Total:2 Passed:2 Failed:0
1610552098079,2418,selenium_browse_boards_list,Success,True
.test_1_selenium_browse_boards_list,Total:3 Passed:3 Failed:0
1610552099028,940,selenium_create_issue:open_quick_create,Success,True
1610552100727,1111,selenium_create_issue:fill_and_submit_issue_form:submit_issue_form,Success,True
1610552100727,1699,selenium_create_issue:fill_and_submit_issue_form,Success,True
1610552100727,2640,selenium_create_issue,Success,True
.test_1_selenium_create_issue,Total:4 Passed:4 Failed:0
1610552101823,1084,selenium_edit_issue:open_edit_issue_form,Success,True
1610552102809,525,selenium_edit_issue:save_edit_issue_form,Success,True
1610552102809,2070,selenium_edit_issue,Success,True
.test_1_selenium_edit_issue,Total:5 Passed:5 Failed:0
1610552103156,344,selenium_save_comment:open_comment_form,Success,True
1610552106493,3175,selenium_save_comment:submit_form,Success,True
1610552106493,3681,selenium_save_comment,Success,True
.test_1_selenium_save_comment,Total:6 Passed:6 Failed:0
1610552108754,2260,selenium_search_jql,Success,True
.test_1_selenium_search_jql,Total:7 Passed:7 Failed:0
1610552111247,2491,selenium_view_scrum_board_backlog,Success,True
.test_1_selenium_view_backlog_for_scrum_board,Total:8 Passed:8 Failed:0
1610552114609,3359,selenium_view_scrum_board,Success,True
.test_1_selenium_view_scrum_board,Total:9 Passed:9 Failed:0
1610552116006,1396,selenium_view_kanban_board,Success,True
.test_1_selenium_view_kanban_board,Total:10 Passed:10 Failed:0
1610552116254,246,selenium_view_dashboard,Success,True
.test_1_selenium_view_dashboard,Total:11 Passed:11 Failed:0
1610552118039,1783,selenium_view_issue,Success,True
.test_1_selenium_view_issue,Total:12 Passed:12 Failed:0
1610552120164,2124,selenium_project_summary,Success,True
.test_1_selenium_view_project_summary,Total:13 Passed:13 Failed:0
1610552120486,320,selenium_log_out,Success,True
.test_2_selenium_z_log_out,Total:14 Passed:14 Failed:0


=============================== warnings summary ===============================
../../usr/local/lib/python3.8/dist-packages/_pytest/config/__init__.py:1114
  /usr/local/lib/python3.8/dist-packages/_pytest/config/__init__.py:1114: PytestAssertRewriteWarning: Module already imported so cannot be rewritten: apiritif
    self._mark_plugins_for_rewrite(hook)

-- Docs: https://docs.pytest.org/en/stable/warnings.html
======================== 14 passed, 1 warning in 30.37s ========================
============================= test session starts ==============================
platform linux -- Python 3.8.0, pytest-6.2.1, py-1.10.0, pluggy-0.13.1
rootdir: /dc-app-performance-toolkit/app
plugins: apiritif-0.9.5
collected 14 items

selenium_ui/jira_ui.py get driver from global
1610552120625,90,selenium_login:open_login_page,Success,True
1610552121785,1159,selenium_login:login_and_view_dashboard,Success,True
1610552121785,1250,selenium_login,Success,True
.test_0_selenium_a_login,Total:15 Passed:15 Failed:0
1610552122190,377,selenium_browse_projects_list,Success,True
.test_1_selenium_browse_projects_list,Total:16 Passed:16 Failed:0
1610552122494,302,selenium_browse_boards_list,Success,True
.test_1_selenium_browse_boards_list,Total:17 Passed:17 Failed:0
1610552123145,643,selenium_create_issue:open_quick_create,Success,True
1610552124247,597,selenium_create_issue:fill_and_submit_issue_form:submit_issue_form,Success,True
1610552124247,1101,selenium_create_issue:fill_and_submit_issue_form,Success,True
1610552124247,1745,selenium_create_issue,Success,True
.test_1_selenium_create_issue,Total:18 Passed:18 Failed:0
1610552124719,460,selenium_edit_issue:open_edit_issue_form,Success,True
1610552125617,518,selenium_edit_issue:save_edit_issue_form,Success,True
1610552125617,1358,selenium_edit_issue,Success,True
.test_1_selenium_edit_issue,Total:19 Passed:19 Failed:0
1610552125971,351,selenium_save_comment:open_comment_form,Success,True
1610552126929,798,selenium_save_comment:submit_form,Success,True
1610552126929,1310,selenium_save_comment,Success,True
.test_1_selenium_save_comment,Total:20 Passed:20 Failed:0
1610552128002,1072,selenium_search_jql,Success,True
.test_1_selenium_search_jql,Total:21 Passed:21 Failed:0
1610552128511,507,selenium_view_scrum_board_backlog,Success,True
.test_1_selenium_view_backlog_for_scrum_board,Total:22 Passed:22 Failed:0
1610552129430,917,selenium_view_scrum_board,Success,True
.test_1_selenium_view_scrum_board,Total:23 Passed:23 Failed:0
1610552130694,1262,selenium_view_kanban_board,Success,True
.test_1_selenium_view_kanban_board,Total:24 Passed:24 Failed:0
1610552130944,248,selenium_view_dashboard,Success,True
.test_1_selenium_view_dashboard,Total:25 Passed:25 Failed:0
1610552131566,621,selenium_view_issue,Success,True
.test_1_selenium_view_issue,Total:26 Passed:26 Failed:0
1610552131960,392,selenium_project_summary,Success,True
.test_1_selenium_view_project_summary,Total:27 Passed:27 Failed:0
1610552132236,274,selenium_log_out,Success,True
.test_2_selenium_z_log_out,Total:28 Passed:28 Failed:0


=============================== warnings summary ===============================
../../usr/local/lib/python3.8/dist-packages/_pytest/config/__init__.py:1114
  /usr/local/lib/python3.8/dist-packages/_pytest/config/__init__.py:1114: PytestAssertRewriteWarning: Module already imported so cannot be rewritten: apiritif
    self._mark_plugins_for_rewrite(hook)

-- Docs: https://docs.pytest.org/en/stable/warnings.html
======================== 14 passed, 1 warning in 11.71s ========================
============================= test session starts ==============================
platform linux -- Python 3.8.0, pytest-6.2.1, py-1.10.0, pluggy-0.13.1
rootdir: /dc-app-performance-toolkit/app
plugins: apiritif-0.9.5
collected 14 items

selenium_ui/jira_ui.py get driver from global
1610552132384,98,selenium_login:open_login_page,Success,True
1610552132847,462,selenium_login:login_and_view_dashboard,Success,True
1610552132847,561,selenium_login,Success,True
.test_0_selenium_a_login,Total:29 Passed:29 Failed:0
1610552133158,299,selenium_browse_projects_list,Success,True
.test_1_selenium_browse_projects_list,Total:30 Passed:30 Failed:0
1610552133905,745,selenium_browse_boards_list,Success,True
.test_1_selenium_browse_boards_list,Total:31 Passed:31 Failed:0
1610552134584,671,selenium_create_issue:open_quick_create,Success,True
1610552135721,598,selenium_create_issue:fill_and_submit_issue_form:submit_issue_form,Success,True
1610552135721,1136,selenium_create_issue:fill_and_submit_issue_form,Success,True
1610552135721,1807,selenium_create_issue,Success,True
.test_1_selenium_create_issue,Total:32 Passed:32 Failed:0
1610552136389,656,selenium_edit_issue:open_edit_issue_form,Success,True
1610552137247,544,selenium_edit_issue:save_edit_issue_form,Success,True
1610552137247,1514,selenium_edit_issue,Success,True
.test_1_selenium_edit_issue,Total:33 Passed:33 Failed:0
1610552137599,350,selenium_save_comment:open_comment_form,Success,True
1610552138475,716,selenium_save_comment:submit_form,Success,True
1610552138475,1226,selenium_save_comment,Success,True
.test_1_selenium_save_comment,Total:34 Passed:34 Failed:0
1610552139513,1036,selenium_search_jql,Success,True
.test_1_selenium_search_jql,Total:35 Passed:35 Failed:0
1610552140556,1042,selenium_view_scrum_board_backlog,Success,True
.test_1_selenium_view_backlog_for_scrum_board,Total:36 Passed:36 Failed:0
1610552140946,388,selenium_view_scrum_board,Success,True
.test_1_selenium_view_scrum_board,Total:37 Passed:37 Failed:0
1610552141828,880,selenium_view_kanban_board,Success,True
.test_1_selenium_view_kanban_board,Total:38 Passed:38 Failed:0
1610552142172,342,selenium_view_dashboard,Success,True
.test_1_selenium_view_dashboard,Total:39 Passed:39 Failed:0
1610552143713,1540,selenium_view_issue,Success,True
.test_1_selenium_view_issue,Total:40 Passed:40 Failed:0
1610552144263,548,selenium_project_summary,Success,True
.test_1_selenium_view_project_summary,Total:41 Passed:41 Failed:0
1610552144553,289,selenium_log_out,Success,True
.test_2_selenium_z_log_out,Total:42 Passed:42 Failed:0


=============================== warnings summary ===============================
../../usr/local/lib/python3.8/dist-packages/_pytest/config/__init__.py:1114
  /usr/local/lib/python3.8/dist-packages/_pytest/config/__init__.py:1114: PytestAssertRewriteWarning: Module already imported so cannot be rewritten: apiritif
    self._mark_plugins_for_rewrite(hook)

-- Docs: https://docs.pytest.org/en/stable/warnings.html
======================== 14 passed, 1 warning in 12.28s ========================
============================= test session starts ==============================
platform linux -- Python 3.8.0, pytest-6.2.1, py-1.10.0, pluggy-0.13.1
rootdir: /dc-app-performance-toolkit/app
plugins: apiritif-0.9.5
collected 14 items

selenium_ui/jira_ui.py get driver from global
1610552144696,95,selenium_login:open_login_page,Success,True
1610552145171,474,selenium_login:login_and_view_dashboard,Success,True
1610552145171,570,selenium_login,Success,True
.test_0_selenium_a_login,Total:43 Passed:43 Failed:0
1610552145487,303,selenium_browse_projects_list,Success,True
.test_1_selenium_browse_projects_list,Total:44 Passed:44 Failed:0
1610552145730,241,selenium_browse_boards_list,Success,True
.test_1_selenium_browse_boards_list,Total:45 Passed:45 Failed:0
1610552146365,626,selenium_create_issue:open_quick_create,Success,True
1610552147436,605,selenium_create_issue:fill_and_submit_issue_form:submit_issue_form,Success,True
1610552147436,1071,selenium_create_issue:fill_and_submit_issue_form,Success,True
1610552147436,1698,selenium_create_issue,Success,True
.test_1_selenium_create_issue,Total:46 Passed:46 Failed:0
1610552147977,529,selenium_edit_issue:open_edit_issue_form,Success,True
1610552148801,521,selenium_edit_issue:save_edit_issue_form,Success,True
1610552148801,1353,selenium_edit_issue,Success,True
.test_1_selenium_edit_issue,Total:47 Passed:47 Failed:0
1610552149207,404,selenium_save_comment:open_comment_form,Success,True
1610552150047,699,selenium_save_comment:submit_form,Success,True
1610552150047,1245,selenium_save_comment,Success,True
.test_1_selenium_save_comment,Total:48 Passed:48 Failed:0
1610552151083,1034,selenium_search_jql,Success,True
.test_1_selenium_search_jql,Total:49 Passed:49 Failed:0
1610552151510,426,selenium_view_scrum_board_backlog,Success,True
.test_1_selenium_view_backlog_for_scrum_board,Total:50 Passed:50 Failed:0
1610552152463,951,selenium_view_scrum_board,Success,True
.test_1_selenium_view_scrum_board,Total:51 Passed:51 Failed:0
1610552153251,787,selenium_view_kanban_board,Success,True
.test_1_selenium_view_kanban_board,Total:52 Passed:52 Failed:0
1610552153608,354,selenium_view_dashboard,Success,True
.test_1_selenium_view_dashboard,Total:53 Passed:53 Failed:0
1610552154171,562,selenium_view_issue,Success,True
.test_1_selenium_view_issue,Total:54 Passed:54 Failed:0
1610552154649,476,selenium_project_summary,Success,True
.test_1_selenium_view_project_summary,Total:55 Passed:55 Failed:0
1610552154949,298,selenium_log_out,Success,True
.test_2_selenium_z_log_out,Total:56 Passed:56 Failed:0


=============================== warnings summary ===============================
../../usr/local/lib/python3.8/dist-packages/_pytest/config/__init__.py:1114
  /usr/local/lib/python3.8/dist-packages/_pytest/config/__init__.py:1114: PytestAssertRewriteWarning: Module already imported so cannot be rewritten: apiritif
    self._mark_plugins_for_rewrite(hook)

-- Docs: https://docs.pytest.org/en/stable/warnings.html
======================== 14 passed, 1 warning in 10.36s ========================
============================= test session starts ==============================
platform linux -- Python 3.8.0, pytest-6.2.1, py-1.10.0, pluggy-0.13.1
rootdir: /dc-app-performance-toolkit/app
plugins: apiritif-0.9.5
collected 14 items

selenium_ui/jira_ui.py get driver from global
1610552155093,95,selenium_login:open_login_page,Success,True
1610552155570,476,selenium_login:login_and_view_dashboard,Success,True
1610552155570,572,selenium_login,Success,True
.test_0_selenium_a_login,Total:57 Passed:57 Failed:0
1610552155876,296,selenium_browse_projects_list,Success,True
.test_1_selenium_browse_projects_list,Total:58 Passed:58 Failed:0
1610552156124,245,selenium_browse_boards_list,Success,True
.test_1_selenium_browse_boards_list,Total:59 Passed:59 Failed:0
1610552156766,634,selenium_create_issue:open_quick_create,Success,True
1610552157904,596,selenium_create_issue:fill_and_submit_issue_form:submit_issue_form,Success,True
1610552157904,1138,selenium_create_issue:fill_and_submit_issue_form,Success,True
1610552157904,1772,selenium_create_issue,Success,True
.test_1_selenium_create_issue,Total:60 Passed:60 Failed:0
1610552158471,554,selenium_edit_issue:open_edit_issue_form,Success,True
1610552159408,618,selenium_edit_issue:save_edit_issue_form,Success,True
1610552159408,1491,selenium_edit_issue,Success,True
.test_1_selenium_edit_issue,Total:61 Passed:61 Failed:0
1610552159809,399,selenium_save_comment:open_comment_form,Success,True
1610552160703,741,selenium_save_comment:submit_form,Success,True
1610552160703,1294,selenium_save_comment,Success,True
.test_1_selenium_save_comment,Total:62 Passed:62 Failed:0
1610552161745,1040,selenium_search_jql,Success,True
.test_1_selenium_search_jql,Total:63 Passed:63 Failed:0
1610552162330,584,selenium_view_scrum_board_backlog,Success,True
.test_1_selenium_view_backlog_for_scrum_board,Total:64 Passed:64 Failed:0
1610552162727,395,selenium_view_scrum_board,Success,True
.test_1_selenium_view_scrum_board,Total:65 Passed:65 Failed:0
1610552163843,1115,selenium_view_kanban_board,Success,True
.test_1_selenium_view_kanban_board,Total:66 Passed:66 Failed:0
1610552164267,422,selenium_view_dashboard,Success,True
.test_1_selenium_view_dashboard,Total:67 Passed:67 Failed:0
1610552164921,653,selenium_view_issue,Success,True
.test_1_selenium_view_issue,Total:68 Passed:68 Failed:0
1610552165359,436,selenium_project_summary,Success,True
.test_1_selenium_view_project_summary,Total:69 Passed:69 Failed:0
1610552165641,280,selenium_log_out,Success,True
.test_2_selenium_z_log_out,Total:70 Passed:70 Failed:0


=============================== warnings summary ===============================
../../usr/local/lib/python3.8/dist-packages/_pytest/config/__init__.py:1114
  /usr/local/lib/python3.8/dist-packages/_pytest/config/__init__.py:1114: PytestAssertRewriteWarning: Module already imported so cannot be rewritten: apiritif
    self._mark_plugins_for_rewrite(hook)

-- Docs: https://docs.pytest.org/en/stable/warnings.html
======================== 14 passed, 1 warning in 10.65s ========================
============================= test session starts ==============================
platform linux -- Python 3.8.0, pytest-6.2.1, py-1.10.0, pluggy-0.13.1
rootdir: /dc-app-performance-toolkit/app
plugins: apiritif-0.9.5
collected 14 items

selenium_ui/jira_ui.py get driver from global
1610552165786,94,selenium_login:open_login_page,Success,True
1610552166208,421,selenium_login:login_and_view_dashboard,Success,True
1610552166208,516,selenium_login,Success,True
.test_0_selenium_a_login,Total:71 Passed:71 Failed:0
1610552166551,329,selenium_browse_projects_list,Success,True
.test_1_selenium_browse_projects_list,Total:72 Passed:72 Failed:0
1610552166793,240,selenium_browse_boards_list,Success,True
.test_1_selenium_browse_boards_list,Total:73 Passed:73 Failed:0
1610552167488,686,selenium_create_issue:open_quick_create,Success,True
1610552168579,598,selenium_create_issue:fill_and_submit_issue_form:submit_issue_form,Success,True
1610552168579,1091,selenium_create_issue:fill_and_submit_issue_form,Success,True
1610552168580,1778,selenium_create_issue,Success,True
.test_1_selenium_create_issue,Total:74 Passed:74 Failed:0
1610552169226,635,selenium_edit_issue:open_edit_issue_form,Success,True
1610552170028,538,selenium_edit_issue:save_edit_issue_form,Success,True
1610552170028,1437,selenium_edit_issue,Success,True
.test_1_selenium_edit_issue,Total:75 Passed:75 Failed:0
1610552170369,339,selenium_save_comment:open_comment_form,Success,True
1610552171207,698,selenium_save_comment:submit_form,Success,True
1610552171207,1177,selenium_save_comment,Success,True
.test_1_selenium_save_comment,Total:76 Passed:76 Failed:0
1610552172281,1072,selenium_search_jql,Success,True
.test_1_selenium_search_jql,Total:77 Passed:77 Failed:0
1610552172834,551,selenium_view_scrum_board_backlog,Success,True
.test_1_selenium_view_backlog_for_scrum_board,Total:78 Passed:78 Failed:0
1610552173235,400,selenium_view_scrum_board,Success,True
.test_1_selenium_view_scrum_board,Total:79 Passed:79 Failed:0
1610552174488,1251,selenium_view_kanban_board,Success,True
.test_1_selenium_view_kanban_board,Total:80 Passed:80 Failed:0
1610552174781,291,selenium_view_dashboard,Success,True
.test_1_selenium_view_dashboard,Total:81 Passed:81 Failed:0
1610552175353,570,selenium_view_issue,Success,True
.test_1_selenium_view_issue,Total:82 Passed:82 Failed:0
1610552175794,440,selenium_project_summary,Success,True
.test_1_selenium_view_project_summary,Total:83 Passed:83 Failed:0
1610552176060,264,selenium_log_out,Success,True
.test_2_selenium_z_log_out,Total:84 Passed:84 Failed:0


=============================== warnings summary ===============================
../../usr/local/lib/python3.8/dist-packages/_pytest/config/__init__.py:1114
  /usr/local/lib/python3.8/dist-packages/_pytest/config/__init__.py:1114: PytestAssertRewriteWarning: Module already imported so cannot be rewritten: apiritif
    self._mark_plugins_for_rewrite(hook)

-- Docs: https://docs.pytest.org/en/stable/warnings.html
======================== 14 passed, 1 warning in 10.38s ========================
============================= test session starts ==============================
platform linux -- Python 3.8.0, pytest-6.2.1, py-1.10.0, pluggy-0.13.1
rootdir: /dc-app-performance-toolkit/app
plugins: apiritif-0.9.5
collected 14 items

selenium_ui/jira_ui.py get driver from global
1610552176200,90,selenium_login:open_login_page,Success,True
1610552176687,487,selenium_login:login_and_view_dashboard,Success,True
1610552176687,578,selenium_login,Success,True
.test_0_selenium_a_login,Total:85 Passed:85 Failed:0
1610552177007,309,selenium_browse_projects_list,Success,True
.test_1_selenium_browse_projects_list,Total:86 Passed:86 Failed:0
1610552177263,255,selenium_browse_boards_list,Success,True
.test_1_selenium_browse_boards_list,Total:87 Passed:87 Failed:0
1610552177928,656,selenium_create_issue:open_quick_create,Success,True
1610552179077,623,selenium_create_issue:fill_and_submit_issue_form:submit_issue_form,Success,True
1610552179077,1148,selenium_create_issue:fill_and_submit_issue_form,Success,True
1610552179077,1805,selenium_create_issue,Success,True
.test_1_selenium_create_issue,Total:88 Passed:88 Failed:0
1610552179713,624,selenium_edit_issue:open_edit_issue_form,Success,True
1610552180475,507,selenium_edit_issue:save_edit_issue_form,Success,True
1610552180475,1386,selenium_edit_issue,Success,True
.test_1_selenium_edit_issue,Total:89 Passed:89 Failed:0
1610552180791,314,selenium_save_comment:open_comment_form,Success,True
1610552181783,829,selenium_save_comment:submit_form,Success,True
1610552181783,1306,selenium_save_comment,Success,True
.test_1_selenium_save_comment,Total:90 Passed:90 Failed:0
1610552182829,1045,selenium_search_jql,Success,True
.test_1_selenium_search_jql,Total:91 Passed:91 Failed:0
1610552183257,426,selenium_view_scrum_board_backlog,Success,True
.test_1_selenium_view_backlog_for_scrum_board,Total:92 Passed:92 Failed:0
1610552184216,957,selenium_view_scrum_board,Success,True
.test_1_selenium_view_scrum_board,Total:93 Passed:93 Failed:0
1610552185462,1245,selenium_view_kanban_board,Success,True
.test_1_selenium_view_kanban_board,Total:94 Passed:94 Failed:0
1610552185863,399,selenium_view_dashboard,Success,True
.test_1_selenium_view_dashboard,Total:95 Passed:95 Failed:0
1610552186544,679,selenium_view_issue,Success,True
.test_1_selenium_view_issue,Total:96 Passed:96 Failed:0
1610552186936,391,selenium_project_summary,Success,True
.test_1_selenium_view_project_summary,Total:97 Passed:97 Failed:0
1610552187237,298,selenium_log_out,Success,True
.test_2_selenium_z_log_out,Total:98 Passed:98 Failed:0


=============================== warnings summary ===============================
../../usr/local/lib/python3.8/dist-packages/_pytest/config/__init__.py:1114
  /usr/local/lib/python3.8/dist-packages/_pytest/config/__init__.py:1114: PytestAssertRewriteWarning: Module already imported so cannot be rewritten: apiritif
    self._mark_plugins_for_rewrite(hook)

-- Docs: https://docs.pytest.org/en/stable/warnings.html
======================== 14 passed, 1 warning in 11.14s ========================
============================= test session starts ==============================
platform linux -- Python 3.8.0, pytest-6.2.1, py-1.10.0, pluggy-0.13.1
rootdir: /dc-app-performance-toolkit/app
plugins: apiritif-0.9.5
collected 14 items

selenium_ui/jira_ui.py get driver from global
1610552187379,93,selenium_login:open_login_page,Success,True
1610552187847,468,selenium_login:login_and_view_dashboard,Success,True
1610552187847,562,selenium_login,Success,True
.test_0_selenium_a_login,Total:99 Passed:99 Failed:0
1610552188164,305,selenium_browse_projects_list,Success,True
.test_1_selenium_browse_projects_list,Total:100 Passed:100 Failed:0
1610552188415,249,selenium_browse_boards_list,Success,True
.test_1_selenium_browse_boards_list,Total:101 Passed:101 Failed:0
1610552189140,716,selenium_create_issue:open_quick_create,Success,True
1610552190223,605,selenium_create_issue:fill_and_submit_issue_form:submit_issue_form,Success,True
1610552190223,1083,selenium_create_issue:fill_and_submit_issue_form,Success,True
1610552190223,1799,selenium_create_issue,Success,True
.test_1_selenium_create_issue,Total:102 Passed:102 Failed:0
1610552190834,594,selenium_edit_issue:open_edit_issue_form,Success,True
1610552191726,571,selenium_edit_issue:save_edit_issue_form,Success,True
1610552191726,1486,selenium_edit_issue,Success,True
.test_1_selenium_edit_issue,Total:103 Passed:103 Failed:0
1610552192023,296,selenium_save_comment:open_comment_form,Success,True
1610552192921,731,selenium_save_comment:submit_form,Success,True
1610552192922,1194,selenium_save_comment,Success,True
.test_1_selenium_save_comment,Total:104 Passed:104 Failed:0
1610552193982,1059,selenium_search_jql,Success,True
.test_1_selenium_search_jql,Total:105 Passed:105 Failed:0
1610552194511,527,selenium_view_scrum_board_backlog,Success,True
.test_1_selenium_view_backlog_for_scrum_board,Total:106 Passed:106 Failed:0
1610552195442,929,selenium_view_scrum_board,Success,True
.test_1_selenium_view_scrum_board,Total:107 Passed:107 Failed:0
1610552196688,1244,selenium_view_kanban_board,Success,True
.test_1_selenium_view_kanban_board,Total:108 Passed:108 Failed:0
1610552197114,424,selenium_view_dashboard,Success,True
.test_1_selenium_view_dashboard,Total:109 Passed:109 Failed:0
1610552197749,633,selenium_view_issue,Success,True
.test_1_selenium_view_issue,Total:110 Passed:110 Failed:0
1610552198140,390,selenium_project_summary,Success,True
.test_1_selenium_view_project_summary,Total:111 Passed:111 Failed:0
1610552198438,296,selenium_log_out,Success,True
.test_2_selenium_z_log_out,Total:112 Passed:112 Failed:0


=============================== warnings summary ===============================
../../usr/local/lib/python3.8/dist-packages/_pytest/config/__init__.py:1114
  /usr/local/lib/python3.8/dist-packages/_pytest/config/__init__.py:1114: PytestAssertRewriteWarning: Module already imported so cannot be rewritten: apiritif
    self._mark_plugins_for_rewrite(hook)

-- Docs: https://docs.pytest.org/en/stable/warnings.html
======================== 14 passed, 1 warning in 11.16s ========================
============================= test session starts ==============================
platform linux -- Python 3.8.0, pytest-6.2.1, py-1.10.0, pluggy-0.13.1
rootdir: /dc-app-performance-toolkit/app
plugins: apiritif-0.9.5
collected 14 items

selenium_ui/jira_ui.py get driver from global
1610552198610,124,selenium_login:open_login_page,Success,True
1610552199864,1253,selenium_login:login_and_view_dashboard,Success,True
1610552199864,1378,selenium_login,Success,True
.test_0_selenium_a_login,Total:113 Passed:113 Failed:0
1610552200163,280,selenium_browse_projects_list,Success,True
.test_1_selenium_browse_projects_list,Total:114 Passed:114 Failed:0
1610552200407,242,selenium_browse_boards_list,Success,True
.test_1_selenium_browse_boards_list,Total:115 Passed:115 Failed:0
1610552201144,727,selenium_create_issue:open_quick_create,Success,True
1610552202247,604,selenium_create_issue:fill_and_submit_issue_form:submit_issue_form,Success,True
1610552202247,1102,selenium_create_issue:fill_and_submit_issue_form,Success,True
1610552202247,1830,selenium_create_issue,Success,True
.test_1_selenium_create_issue,Total:116 Passed:116 Failed:0
1610552202824,559,selenium_edit_issue:open_edit_issue_form,Success,True
1610552203699,542,selenium_edit_issue:save_edit_issue_form,Success,True
1610552203699,1434,selenium_edit_issue,Success,True
.test_1_selenium_edit_issue,Total:117 Passed:117 Failed:0
1610552204037,336,selenium_save_comment:open_comment_form,Success,True
1610552204934,726,selenium_save_comment:submit_form,Success,True
1610552204934,1233,selenium_save_comment,Success,True
.test_1_selenium_save_comment,Total:118 Passed:118 Failed:0
1610552205986,1050,selenium_search_jql,Success,True
.test_1_selenium_search_jql,Total:119 Passed:119 Failed:0
1610552206475,487,selenium_view_scrum_board_backlog,Success,True
.test_1_selenium_view_backlog_for_scrum_board,Total:120 Passed:120 Failed:0
1610552207474,997,selenium_view_scrum_board,Success,True
.test_1_selenium_view_scrum_board,Total:121 Passed:121 Failed:0
1610552208234,758,selenium_view_kanban_board,Success,True
.test_1_selenium_view_kanban_board,Total:122 Passed:122 Failed:0
1610552208492,257,selenium_view_dashboard,Success,True
.test_1_selenium_view_dashboard,Total:123 Passed:123 Failed:0
1610552209097,603,selenium_view_issue,Success,True
.test_1_selenium_view_issue,Total:124 Passed:124 Failed:0
1610552209525,426,selenium_project_summary,Success,True
.test_1_selenium_view_project_summary,Total:125 Passed:125 Failed:0
1610552209830,304,selenium_log_out,Success,True
.test_2_selenium_z_log_out,Total:126 Passed:126 Failed:0


=============================== warnings summary ===============================
../../usr/local/lib/python3.8/dist-packages/_pytest/config/__init__.py:1114
  /usr/local/lib/python3.8/dist-packages/_pytest/config/__init__.py:1114: PytestAssertRewriteWarning: Module already imported so cannot be rewritten: apiritif
    self._mark_plugins_for_rewrite(hook)

-- Docs: https://docs.pytest.org/en/stable/warnings.html
======================== 14 passed, 1 warning in 11.35s ========================
============================= test session starts ==============================
platform linux -- Python 3.8.0, pytest-6.2.1, py-1.10.0, pluggy-0.13.1
rootdir: /dc-app-performance-toolkit/app
plugins: apiritif-0.9.5
collected 14 items

selenium_ui/jira_ui.py get driver from global
1610552209978,96,selenium_login:open_login_page,Success,True
1610552210469,491,selenium_login:login_and_view_dashboard,Success,True
1610552210469,588,selenium_login,Success,True
.test_0_selenium_a_login,Total:127 Passed:127 Failed:0
1610552210787,304,selenium_browse_projects_list,Success,True
.test_1_selenium_browse_projects_list,Total:128 Passed:128 Failed:0
1610552211037,248,selenium_browse_boards_list,Success,True
.test_1_selenium_browse_boards_list,Total:129 Passed:129 Failed:0
1610552211727,682,selenium_create_issue:open_quick_create,Success,True
1610552212872,607,selenium_create_issue:fill_and_submit_issue_form:submit_issue_form,Success,True
1610552212872,1145,selenium_create_issue:fill_and_submit_issue_form,Success,True
1610552212872,1827,selenium_create_issue,Success,True
.test_1_selenium_create_issue,Total:130 Passed:130 Failed:0
1610552213456,570,selenium_edit_issue:open_edit_issue_form,Success,True
1610552214340,559,selenium_edit_issue:save_edit_issue_form,Success,True
1610552214340,1453,selenium_edit_issue,Success,True
.test_1_selenium_edit_issue,Total:131 Passed:131 Failed:0
1610552214716,374,selenium_save_comment:open_comment_form,Success,True
1610552215675,813,selenium_save_comment:submit_form,Success,True
1610552215675,1333,selenium_save_comment,Success,True
.test_1_selenium_save_comment,Total:132 Passed:132 Failed:0
1610552216774,1098,selenium_search_jql,Success,True
.test_1_selenium_search_jql,Total:133 Passed:133 Failed:0
1610552217373,597,selenium_view_scrum_board_backlog,Success,True
.test_1_selenium_view_backlog_for_scrum_board,Total:134 Passed:134 Failed:0
1610552217796,421,selenium_view_scrum_board,Success,True
.test_1_selenium_view_scrum_board,Total:135 Passed:135 Failed:0
1610552219062,1264,selenium_view_kanban_board,Success,True
.test_1_selenium_view_kanban_board,Total:136 Passed:136 Failed:0
1610552219338,274,selenium_view_dashboard,Success,True
.test_1_selenium_view_dashboard,Total:137 Passed:137 Failed:0
1610552220000,661,selenium_view_issue,Success,True
.test_1_selenium_view_issue,Total:138 Passed:138 Failed:0
1610552220394,392,selenium_project_summary,Success,True
.test_1_selenium_view_project_summary,Total:139 Passed:139 Failed:0
1610552220696,301,selenium_log_out,Success,True
.test_2_selenium_z_log_out,Total:140 Passed:140 Failed:0


=============================== warnings summary ===============================
../../usr/local/lib/python3.8/dist-packages/_pytest/config/__init__.py:1114
  /usr/local/lib/python3.8/dist-packages/_pytest/config/__init__.py:1114: PytestAssertRewriteWarning: Module already imported so cannot be rewritten: apiritif
    self._mark_plugins_for_rewrite(hook)

-- Docs: https://docs.pytest.org/en/stable/warnings.html
======================== 14 passed, 1 warning in 10.82s ========================
============================= test session starts ==============================
platform linux -- Python 3.8.0, pytest-6.2.1, py-1.10.0, pluggy-0.13.1
rootdir: /dc-app-performance-toolkit/app
plugins: apiritif-0.9.5
collected 14 items

selenium_ui/jira_ui.py get driver from global
1610552220846,100,selenium_login:open_login_page,Success,True
1610552221344,497,selenium_login:login_and_view_dashboard,Success,True
1610552221344,598,selenium_login,Success,True
.test_0_selenium_a_login,Total:141 Passed:141 Failed:0
1610552221670,315,selenium_browse_projects_list,Success,True
.test_1_selenium_browse_projects_list,Total:142 Passed:142 Failed:0
1610552221919,248,selenium_browse_boards_list,Success,True
.test_1_selenium_browse_boards_list,Total:143 Passed:143 Failed:0
1610552222695,767,selenium_create_issue:open_quick_create,Success,True
1610552223868,600,selenium_create_issue:fill_and_submit_issue_form:submit_issue_form,Success,True
1610552223868,1173,selenium_create_issue:fill_and_submit_issue_form,Success,True
1610552223868,1940,selenium_create_issue,Success,True
.test_1_selenium_create_issue,Total:144 Passed:144 Failed:0
1610552224455,574,selenium_edit_issue:open_edit_issue_form,Success,True
1610552225326,550,selenium_edit_issue:save_edit_issue_form,Success,True
1610552225326,1446,selenium_edit_issue,Success,True
.test_1_selenium_edit_issue,Total:145 Passed:145 Failed:0
1610552225697,369,selenium_save_comment:open_comment_form,Success,True
1610552226649,792,selenium_save_comment:submit_form,Success,True
1610552226649,1321,selenium_save_comment,Success,True
.test_1_selenium_save_comment,Total:146 Passed:146 Failed:0
1610552227716,1066,selenium_search_jql,Success,True
.test_1_selenium_search_jql,Total:147 Passed:147 Failed:0
1610552228152,434,selenium_view_scrum_board_backlog,Success,True
.test_1_selenium_view_backlog_for_scrum_board,Total:148 Passed:148 Failed:0
1610552229140,987,selenium_view_scrum_board,Success,True
.test_1_selenium_view_scrum_board,Total:149 Passed:149 Failed:0
1610552230498,1356,selenium_view_kanban_board,Success,True
.test_1_selenium_view_kanban_board,Total:150 Passed:150 Failed:0
1610552231111,611,selenium_view_dashboard,Success,True
.test_1_selenium_view_dashboard,Total:151 Passed:151 Failed:0
1610552231775,662,selenium_view_issue,Success,True
.test_1_selenium_view_issue,Total:152 Passed:152 Failed:0
1610552232163,386,selenium_project_summary,Success,True
.test_1_selenium_view_project_summary,Total:153 Passed:153 Failed:0
1610552232454,290,selenium_log_out,Success,True
.test_2_selenium_z_log_out,Total:154 Passed:154 Failed:0


=============================== warnings summary ===============================
../../usr/local/lib/python3.8/dist-packages/_pytest/config/__init__.py:1114
  /usr/local/lib/python3.8/dist-packages/_pytest/config/__init__.py:1114: PytestAssertRewriteWarning: Module already imported so cannot be rewritten: apiritif
    self._mark_plugins_for_rewrite(hook)

-- Docs: https://docs.pytest.org/en/stable/warnings.html
======================== 14 passed, 1 warning in 11.72s ========================
============================= test session starts ==============================
platform linux -- Python 3.8.0, pytest-6.2.1, py-1.10.0, pluggy-0.13.1
rootdir: /dc-app-performance-toolkit/app
plugins: apiritif-0.9.5
collected 14 items

selenium_ui/jira_ui.py get driver from global
1610552232597,92,selenium_login:open_login_page,Success,True
1610552233815,1218,selenium_login:login_and_view_dashboard,Success,True
1610552233816,1311,selenium_login,Success,True
.test_0_selenium_a_login,Total:155 Passed:155 Failed:0
1610552234124,289,selenium_browse_projects_list,Success,True
.test_1_selenium_browse_projects_list,Total:156 Passed:156 Failed:0
1610552234380,254,selenium_browse_boards_list,Success,True
.test_1_selenium_browse_boards_list,Total:157 Passed:157 Failed:0
1610552235070,680,selenium_create_issue:open_quick_create,Success,True
1610552238522,600,selenium_create_issue:fill_and_submit_issue_form:submit_issue_form,Success,True
1610552238522,3452,selenium_create_issue:fill_and_submit_issue_form,Success,True
1610552238522,4133,selenium_create_issue,Success,True
.test_1_selenium_create_issue,Total:158 Passed:158 Failed:0
1610552239041,505,selenium_edit_issue:open_edit_issue_form,Success,True
1610552240006,554,selenium_edit_issue:save_edit_issue_form,Success,True
1610552240006,1470,selenium_edit_issue,Success,True
.test_1_selenium_edit_issue,Total:159 Passed:159 Failed:0
1610552240363,355,selenium_save_comment:open_comment_form,Success,True
1610552241240,737,selenium_save_comment:submit_form,Success,True
1610552241240,1231,selenium_save_comment,Success,True
.test_1_selenium_save_comment,Total:160 Passed:160 Failed:0
1610552242300,1058,selenium_search_jql,Success,True
.test_1_selenium_search_jql,Total:161 Passed:161 Failed:0
1610552242920,619,selenium_view_scrum_board_backlog,Success,True
.test_1_selenium_view_backlog_for_scrum_board,Total:162 Passed:162 Failed:0
1610552243648,726,selenium_view_scrum_board,Success,True
.test_1_selenium_view_scrum_board,Total:163 Passed:163 Failed:0
1610552245686,2035,selenium_view_kanban_board,Success,True
.test_1_selenium_view_kanban_board,Total:164 Passed:164 Failed:0
1610552246186,499,selenium_view_dashboard,Success,True
.test_1_selenium_view_dashboard,Total:165 Passed:165 Failed:0
1610552246852,664,selenium_view_issue,Success,True
.test_1_selenium_view_issue,Total:166 Passed:166 Failed:0
1610552247284,430,selenium_project_summary,Success,True
.test_1_selenium_view_project_summary,Total:167 Passed:167 Failed:0
1610552247653,367,selenium_log_out,Success,True
.test_2_selenium_z_log_out,Total:168 Passed:168 Failed:0


=============================== warnings summary ===============================
../../usr/local/lib/python3.8/dist-packages/_pytest/config/__init__.py:1114
  /usr/local/lib/python3.8/dist-packages/_pytest/config/__init__.py:1114: PytestAssertRewriteWarning: Module already imported so cannot be rewritten: apiritif
    self._mark_plugins_for_rewrite(hook)

-- Docs: https://docs.pytest.org/en/stable/warnings.html
======================== 14 passed, 1 warning in 15.16s ========================
============================= test session starts ==============================
platform linux -- Python 3.8.0, pytest-6.2.1, py-1.10.0, pluggy-0.13.1
rootdir: /dc-app-performance-toolkit/app
plugins: apiritif-0.9.5
collected 14 items

selenium_ui/jira_ui.py get driver from global
1610552247794,91,selenium_login:open_login_page,Success,True
1610552248274,479,selenium_login:login_and_view_dashboard,Success,True
1610552248274,571,selenium_login,Success,True
.test_0_selenium_a_login,Total:169 Passed:169 Failed:0
1610552248587,302,selenium_browse_projects_list,Success,True
.test_1_selenium_browse_projects_list,Total:170 Passed:170 Failed:0
1610552248835,247,selenium_browse_boards_list,Success,True
.test_1_selenium_browse_boards_list,Total:171 Passed:171 Failed:0
1610552249559,715,selenium_create_issue:open_quick_create,Success,True
1610552250745,604,selenium_create_issue:fill_and_submit_issue_form:submit_issue_form,Success,True
1610552250745,1186,selenium_create_issue:fill_and_submit_issue_form,Success,True
1610552250745,1901,selenium_create_issue,Success,True
.test_1_selenium_create_issue,Total:172 Passed:172 Failed:0
1610552251340,583,selenium_edit_issue:open_edit_issue_form,Success,True
1610552252368,709,selenium_edit_issue:save_edit_issue_form,Success,True
1610552252368,1611,selenium_edit_issue,Success,True
.test_1_selenium_edit_issue,Total:173 Passed:173 Failed:0
1610552252672,302,selenium_save_comment:open_comment_form,Success,True
1610552253678,871,selenium_save_comment:submit_form,Success,True
1610552253678,1309,selenium_save_comment,Success,True
.test_1_selenium_save_comment,Total:174 Passed:174 Failed:0
1610552254788,1108,selenium_search_jql,Success,True
.test_1_selenium_search_jql,Total:175 Passed:175 Failed:0
1610552255237,447,selenium_view_scrum_board_backlog,Success,True
.test_1_selenium_view_backlog_for_scrum_board,Total:176 Passed:176 Failed:0
1610552256248,1009,selenium_view_scrum_board,Success,True
.test_1_selenium_view_scrum_board,Total:177 Passed:177 Failed:0
1610552257789,1539,selenium_view_kanban_board,Success,True
.test_1_selenium_view_kanban_board,Total:178 Passed:178 Failed:0
1610552258054,264,selenium_view_dashboard,Success,True
.test_1_selenium_view_dashboard,Total:179 Passed:179 Failed:0
1610552258723,667,selenium_view_issue,Success,True
.test_1_selenium_view_issue,Total:180 Passed:180 Failed:0
1610552259113,388,selenium_project_summary,Success,True
.test_1_selenium_view_project_summary,Total:181 Passed:181 Failed:0
1610552259430,315,selenium_log_out,Success,True
.test_2_selenium_z_log_out,Total:182 Passed:182 Failed:0


=============================== warnings summary ===============================
../../usr/local/lib/python3.8/dist-packages/_pytest/config/__init__.py:1114
  /usr/local/lib/python3.8/dist-packages/_pytest/config/__init__.py:1114: PytestAssertRewriteWarning: Module already imported so cannot be rewritten: apiritif
    self._mark_plugins_for_rewrite(hook)

-- Docs: https://docs.pytest.org/en/stable/warnings.html
======================== 14 passed, 1 warning in 11.74s ========================
============================= test session starts ==============================
platform linux -- Python 3.8.0, pytest-6.2.1, py-1.10.0, pluggy-0.13.1
rootdir: /dc-app-performance-toolkit/app
plugins: apiritif-0.9.5
collected 14 items

selenium_ui/jira_ui.py get driver from global
1610552259602,103,selenium_login:open_login_page,Success,True
1610552260872,1269,selenium_login:login_and_view_dashboard,Success,True
1610552260872,1373,selenium_login,Success,True
.test_0_selenium_a_login,Total:183 Passed:183 Failed:0
1610552261184,293,selenium_browse_projects_list,Success,True
.test_1_selenium_browse_projects_list,Total:184 Passed:184 Failed:0
1610552261434,247,selenium_browse_boards_list,Success,True
.test_1_selenium_browse_boards_list,Total:185 Passed:185 Failed:0
1610552262171,728,selenium_create_issue:open_quick_create,Success,True
1610552263272,601,selenium_create_issue:fill_and_submit_issue_form:submit_issue_form,Success,True
1610552263272,1100,selenium_create_issue:fill_and_submit_issue_form,Success,True
1610552263272,1829,selenium_create_issue,Success,True
.test_1_selenium_create_issue,Total:186 Passed:186 Failed:0
1610552263925,640,selenium_edit_issue:open_edit_issue_form,Success,True
1610552264743,551,selenium_edit_issue:save_edit_issue_form,Success,True
1610552264743,1458,selenium_edit_issue,Success,True
.test_1_selenium_edit_issue,Total:187 Passed:187 Failed:0
1610552265160,416,selenium_save_comment:open_comment_form,Success,True
1610552266025,761,selenium_save_comment:submit_form,Success,True
1610552266025,1281,selenium_save_comment,Success,True
.test_1_selenium_save_comment,Total:188 Passed:188 Failed:0
1610552267189,1162,selenium_search_jql,Success,True
.test_1_selenium_search_jql,Total:189 Passed:189 Failed:0
1610552267758,567,selenium_view_scrum_board_backlog,Success,True
.test_1_selenium_view_backlog_for_scrum_board,Total:190 Passed:190 Failed:0
1610552268163,402,selenium_view_scrum_board,Success,True
.test_1_selenium_view_scrum_board,Total:191 Passed:191 Failed:0
1610552268954,790,selenium_view_kanban_board,Success,True
.test_1_selenium_view_kanban_board,Total:192 Passed:192 Failed:0
1610552269272,316,selenium_view_dashboard,Success,True
.test_1_selenium_view_dashboard,Total:193 Passed:193 Failed:0
1610552269871,598,selenium_view_issue,Success,True
.test_1_selenium_view_issue,Total:194 Passed:194 Failed:0
1610552270313,440,selenium_project_summary,Success,True
.test_1_selenium_view_project_summary,Total:195 Passed:195 Failed:0
1610552270637,322,selenium_log_out,Success,True
.test_2_selenium_z_log_out,Total:196 Passed:196 Failed:0


=============================== warnings summary ===============================
../../usr/local/lib/python3.8/dist-packages/_pytest/config/__init__.py:1114
  /usr/local/lib/python3.8/dist-packages/_pytest/config/__init__.py:1114: PytestAssertRewriteWarning: Module already imported so cannot be rewritten: apiritif
    self._mark_plugins_for_rewrite(hook)

-- Docs: https://docs.pytest.org/en/stable/warnings.html
======================== 14 passed, 1 warning in 11.17s ========================
============================= test session starts ==============================
platform linux -- Python 3.8.0, pytest-6.2.1, py-1.10.0, pluggy-0.13.1
rootdir: /dc-app-performance-toolkit/app
plugins: apiritif-0.9.5
collected 14 items

selenium_ui/jira_ui.py get driver from global
1610552270788,102,selenium_login:open_login_page,Success,True
1610552272022,1233,selenium_login:login_and_view_dashboard,Success,True
1610552272022,1336,selenium_login,Success,True
.test_0_selenium_a_login,Total:197 Passed:197 Failed:0
1610552272320,279,selenium_browse_projects_list,Success,True
.test_1_selenium_browse_projects_list,Total:198 Passed:198 Failed:0
1610552272575,253,selenium_browse_boards_list,Success,True
.test_1_selenium_browse_boards_list,Total:199 Passed:199 Failed:0
1610552273283,698,selenium_create_issue:open_quick_create,Success,True
1610552274362,605,selenium_create_issue:fill_and_submit_issue_form:submit_issue_form,Success,True
1610552274362,1079,selenium_create_issue:fill_and_submit_issue_form,Success,True
1610552274362,1777,selenium_create_issue,Success,True
.test_1_selenium_create_issue,Total:200 Passed:200 Failed:0
1610552275030,655,selenium_edit_issue:open_edit_issue_form,Success,True
1610552275841,550,selenium_edit_issue:save_edit_issue_form,Success,True
1610552275841,1466,selenium_edit_issue,Success,True
.test_1_selenium_edit_issue,Total:201 Passed:201 Failed:0
1610552276208,365,selenium_save_comment:open_comment_form,Success,True
1610552277140,786,selenium_save_comment:submit_form,Success,True
1610552277140,1297,selenium_save_comment,Success,True
.test_1_selenium_save_comment,Total:202 Passed:202 Failed:0
1610552278249,1107,selenium_search_jql,Success,True
.test_1_selenium_search_jql,Total:203 Passed:203 Failed:0
1610552278708,457,selenium_view_scrum_board_backlog,Success,True
.test_1_selenium_view_backlog_for_scrum_board,Total:204 Passed:204 Failed:0
1610552279734,1024,selenium_view_scrum_board,Success,True
.test_1_selenium_view_scrum_board,Total:205 Passed:205 Failed:0
1610552281201,1465,selenium_view_kanban_board,Success,True
.test_1_selenium_view_kanban_board,Total:206 Passed:206 Failed:0
1610552281673,470,selenium_view_dashboard,Success,True
.test_1_selenium_view_dashboard,Total:207 Passed:207 Failed:0
1610552282216,541,selenium_view_issue,Success,True
.test_1_selenium_view_issue,Total:208 Passed:208 Failed:0
1610552282764,546,selenium_project_summary,Success,True
.test_1_selenium_view_project_summary,Total:209 Passed:209 Failed:0
1610552283056,290,selenium_log_out,Success,True
.test_2_selenium_z_log_out,Total:210 Passed:210 Failed:0


=============================== warnings summary ===============================
../../usr/local/lib/python3.8/dist-packages/_pytest/config/__init__.py:1114
  /usr/local/lib/python3.8/dist-packages/_pytest/config/__init__.py:1114: PytestAssertRewriteWarning: Module already imported so cannot be rewritten: apiritif
    self._mark_plugins_for_rewrite(hook)

-- Docs: https://docs.pytest.org/en/stable/warnings.html
======================== 14 passed, 1 warning in 12.38s ========================
============================= test session starts ==============================
platform linux -- Python 3.8.0, pytest-6.2.1, py-1.10.0, pluggy-0.13.1
rootdir: /dc-app-performance-toolkit/app
plugins: apiritif-0.9.5
collected 14 items

selenium_ui/jira_ui.py get driver from global
1610552283206,101,selenium_login:open_login_page,Success,True
1610552283754,548,selenium_login:login_and_view_dashboard,Success,True
1610552283754,650,selenium_login,Success,True
.test_0_selenium_a_login,Total:211 Passed:211 Failed:0
1610552284074,308,selenium_browse_projects_list,Success,True
.test_1_selenium_browse_projects_list,Total:212 Passed:212 Failed:0
1610552284323,246,selenium_browse_boards_list,Success,True
.test_1_selenium_browse_boards_list,Total:213 Passed:213 Failed:0
1610552284979,647,selenium_create_issue:open_quick_create,Success,True
1610552286103,602,selenium_create_issue:fill_and_submit_issue_form:submit_issue_form,Success,True
1610552286103,1124,selenium_create_issue:fill_and_submit_issue_form,Success,True
1610552286103,1772,selenium_create_issue,Success,True
.test_1_selenium_create_issue,Total:214 Passed:214 Failed:0
1610552286696,576,selenium_edit_issue:open_edit_issue_form,Success,True
1610552287545,537,selenium_edit_issue:save_edit_issue_form,Success,True
1610552287545,1425,selenium_edit_issue,Success,True
.test_1_selenium_edit_issue,Total:215 Passed:215 Failed:0
1610552287877,330,selenium_save_comment:open_comment_form,Success,True
1610552288877,847,selenium_save_comment:submit_form,Success,True
1610552288877,1330,selenium_save_comment,Success,True
.test_1_selenium_save_comment,Total:216 Passed:216 Failed:0
1610552290007,1129,selenium_search_jql,Success,True
.test_1_selenium_search_jql,Total:217 Passed:217 Failed:0
1610552290491,482,selenium_view_scrum_board_backlog,Success,True
.test_1_selenium_view_backlog_for_scrum_board,Total:218 Passed:218 Failed:0
1610552291437,943,selenium_view_scrum_board,Success,True
.test_1_selenium_view_scrum_board,Total:219 Passed:219 Failed:0
1610552292688,1250,selenium_view_kanban_board,Success,True
.test_1_selenium_view_kanban_board,Total:220 Passed:220 Failed:0
1610552292918,228,selenium_view_dashboard,Success,True
.test_1_selenium_view_dashboard,Total:221 Passed:221 Failed:0
1610552293628,708,selenium_view_issue,Success,True
.test_1_selenium_view_issue,Total:222 Passed:222 Failed:0
1610552294082,453,selenium_project_summary,Success,True
.test_1_selenium_view_project_summary,Total:223 Passed:223 Failed:0
1610552294382,298,selenium_log_out,Success,True
.test_2_selenium_z_log_out,Total:224 Passed:224 Failed:0


=============================== warnings summary ===============================
../../usr/local/lib/python3.8/dist-packages/_pytest/config/__init__.py:1114
  /usr/local/lib/python3.8/dist-packages/_pytest/config/__init__.py:1114: PytestAssertRewriteWarning: Module already imported so cannot be rewritten: apiritif
    self._mark_plugins_for_rewrite(hook)

-- Docs: https://docs.pytest.org/en/stable/warnings.html
======================== 14 passed, 1 warning in 11.29s ========================
============================= test session starts ==============================
platform linux -- Python 3.8.0, pytest-6.2.1, py-1.10.0, pluggy-0.13.1
rootdir: /dc-app-performance-toolkit/app
plugins: apiritif-0.9.5
collected 14 items

selenium_ui/jira_ui.py get driver from global
1610552294537,102,selenium_login:open_login_page,Success,True
1610552295010,472,selenium_login:login_and_view_dashboard,Success,True
1610552295010,575,selenium_login,Success,True
.test_0_selenium_a_login,Total:225 Passed:225 Failed:0
1610552295345,324,selenium_browse_projects_list,Success,True
.test_1_selenium_browse_projects_list,Total:226 Passed:226 Failed:0
1610552295596,249,selenium_browse_boards_list,Success,True
.test_1_selenium_browse_boards_list,Total:227 Passed:227 Failed:0
1610552296247,642,selenium_create_issue:open_quick_create,Success,True
1610552297336,600,selenium_create_issue:fill_and_submit_issue_form:submit_issue_form,Success,True
1610552297336,1089,selenium_create_issue:fill_and_submit_issue_form,Success,True
1610552297336,1731,selenium_create_issue,Success,True
.test_1_selenium_create_issue,Total:228 Passed:228 Failed:0
1610552297983,632,selenium_edit_issue:open_edit_issue_form,Success,True
1610552298771,539,selenium_edit_issue:save_edit_issue_form,Success,True
1610552298771,1420,selenium_edit_issue,Success,True
.test_1_selenium_edit_issue,Total:229 Passed:229 Failed:0
1610552299138,365,selenium_save_comment:open_comment_form,Success,True
1610552300061,775,selenium_save_comment:submit_form,Success,True
1610552300061,1288,selenium_save_comment,Success,True
.test_1_selenium_save_comment,Total:230 Passed:230 Failed:0
1610552301182,1119,selenium_search_jql,Success,True
.test_1_selenium_search_jql,Total:231 Passed:231 Failed:0
1610552301644,460,selenium_view_scrum_board_backlog,Success,True
.test_1_selenium_view_backlog_for_scrum_board,Total:232 Passed:232 Failed:0
1610552302635,989,selenium_view_scrum_board,Success,True
.test_1_selenium_view_scrum_board,Total:233 Passed:233 Failed:0
1610552303975,1339,selenium_view_kanban_board,Success,True
.test_1_selenium_view_kanban_board,Total:234 Passed:234 Failed:0
1610552304439,462,selenium_view_dashboard,Success,True
.test_1_selenium_view_dashboard,Total:235 Passed:235 Failed:0
1610552305072,632,selenium_view_issue,Success,True
.test_1_selenium_view_issue,Total:236 Passed:236 Failed:0
1610552305455,380,selenium_project_summary,Success,True
.test_1_selenium_view_project_summary,Total:237 Passed:237 Failed:0
1610552305759,303,selenium_log_out,Success,True
.test_2_selenium_z_log_out,Total:238 Passed:238 Failed:0


=============================== warnings summary ===============================
../../usr/local/lib/python3.8/dist-packages/_pytest/config/__init__.py:1114
  /usr/local/lib/python3.8/dist-packages/_pytest/config/__init__.py:1114: PytestAssertRewriteWarning: Module already imported so cannot be rewritten: apiritif
    self._mark_plugins_for_rewrite(hook)

-- Docs: https://docs.pytest.org/en/stable/warnings.html
======================== 14 passed, 1 warning in 11.33s ========================
============================= test session starts ==============================
platform linux -- Python 3.8.0, pytest-6.2.1, py-1.10.0, pluggy-0.13.1
rootdir: /dc-app-performance-toolkit/app
plugins: apiritif-0.9.5
collected 14 items

selenium_ui/jira_ui.py get driver from global
1610552305908,100,selenium_login:open_login_page,Success,True
1610552307093,1185,selenium_login:login_and_view_dashboard,Success,True
1610552307093,1286,selenium_login,Success,True
.test_0_selenium_a_login,Total:239 Passed:239 Failed:0
1610552307410,297,selenium_browse_projects_list,Success,True
.test_1_selenium_browse_projects_list,Total:240 Passed:240 Failed:0
1610552308131,720,selenium_browse_boards_list,Success,True
.test_1_selenium_browse_boards_list,Total:241 Passed:241 Failed:0
1610552308829,689,selenium_create_issue:open_quick_create,Success,True
1610552309987,606,selenium_create_issue:fill_and_submit_issue_form:submit_issue_form,Success,True
1610552309988,1158,selenium_create_issue:fill_and_submit_issue_form,Success,True
1610552309988,1847,selenium_create_issue,Success,True
.test_1_selenium_create_issue,Total:242 Passed:242 Failed:0
1610552310608,607,selenium_edit_issue:open_edit_issue_form,Success,True
1610552311490,549,selenium_edit_issue:save_edit_issue_form,Success,True
1610552311490,1489,selenium_edit_issue,Success,True
.test_1_selenium_edit_issue,Total:243 Passed:243 Failed:0
1610552311844,353,selenium_save_comment:open_comment_form,Success,True
1610552312644,704,selenium_save_comment:submit_form,Success,True
1610552312644,1152,selenium_save_comment,Success,True
.test_1_selenium_save_comment,Total:244 Passed:244 Failed:0
1610552313720,1074,selenium_search_jql,Success,True
.test_1_selenium_search_jql,Total:245 Passed:245 Failed:0
1610552314307,585,selenium_view_scrum_board_backlog,Success,True
.test_1_selenium_view_backlog_for_scrum_board,Total:246 Passed:246 Failed:0
1610552314699,390,selenium_view_scrum_board,Success,True
.test_1_selenium_view_scrum_board,Total:247 Passed:247 Failed:0
1610552315938,1237,selenium_view_kanban_board,Success,True
.test_1_selenium_view_kanban_board,Total:248 Passed:248 Failed:0
1610552316375,435,selenium_view_dashboard,Success,True
.test_1_selenium_view_dashboard,Total:249 Passed:249 Failed:0
1610552316903,526,selenium_view_issue,Success,True
.test_1_selenium_view_issue,Total:250 Passed:250 Failed:0
1610552317422,517,selenium_project_summary,Success,True
.test_1_selenium_view_project_summary,Total:251 Passed:251 Failed:0
1610552317707,284,selenium_log_out,Success,True
.test_2_selenium_z_log_out,Total:252 Passed:252 Failed:0


=============================== warnings summary ===============================
../../usr/local/lib/python3.8/dist-packages/_pytest/config/__init__.py:1114
  /usr/local/lib/python3.8/dist-packages/_pytest/config/__init__.py:1114: PytestAssertRewriteWarning: Module already imported so cannot be rewritten: apiritif
    self._mark_plugins_for_rewrite(hook)

-- Docs: https://docs.pytest.org/en/stable/warnings.html
======================== 14 passed, 1 warning in 11.91s ========================
============================= test session starts ==============================
platform linux -- Python 3.8.0, pytest-6.2.1, py-1.10.0, pluggy-0.13.1
rootdir: /dc-app-performance-toolkit/app
plugins: apiritif-0.9.5
collected 14 items

selenium_ui/jira_ui.py get driver from global
1610552317884,130,selenium_login:open_login_page,Success,True
1610552318381,496,selenium_login:login_and_view_dashboard,Success,True
1610552318381,626,selenium_login,Success,True
.test_0_selenium_a_login,Total:253 Passed:253 Failed:0
1610552318711,320,selenium_browse_projects_list,Success,True
.test_1_selenium_browse_projects_list,Total:254 Passed:254 Failed:0
1610552318957,244,selenium_browse_boards_list,Success,True
.test_1_selenium_browse_boards_list,Total:255 Passed:255 Failed:0
1610552319642,677,selenium_create_issue:open_quick_create,Success,True
1610552320697,596,selenium_create_issue:fill_and_submit_issue_form:submit_issue_form,Success,True
1610552320697,1055,selenium_create_issue:fill_and_submit_issue_form,Success,True
1610552320697,1732,selenium_create_issue,Success,True
.test_1_selenium_create_issue,Total:256 Passed:256 Failed:0
1610552321278,568,selenium_edit_issue:open_edit_issue_form,Success,True
1610552322123,529,selenium_edit_issue:save_edit_issue_form,Success,True
1610552322123,1413,selenium_edit_issue,Success,True
.test_1_selenium_edit_issue,Total:257 Passed:257 Failed:0
1610552322511,387,selenium_save_comment:open_comment_form,Success,True
1610552323294,684,selenium_save_comment:submit_form,Success,True
1610552323294,1170,selenium_save_comment,Success,True
.test_1_selenium_save_comment,Total:258 Passed:258 Failed:0
1610552324408,1112,selenium_search_jql,Success,True
.test_1_selenium_search_jql,Total:259 Passed:259 Failed:0
1610552324852,442,selenium_view_scrum_board_backlog,Success,True
.test_1_selenium_view_backlog_for_scrum_board,Total:260 Passed:260 Failed:0
1610552325840,986,selenium_view_scrum_board,Success,True
.test_1_selenium_view_scrum_board,Total:261 Passed:261 Failed:0
1610552327081,1240,selenium_view_kanban_board,Success,True
.test_1_selenium_view_kanban_board,Total:262 Passed:262 Failed:0
1610552327283,200,selenium_view_dashboard,Success,True
.test_1_selenium_view_dashboard,Total:263 Passed:263 Failed:0
1610552327903,618,selenium_view_issue,Success,True
.test_1_selenium_view_issue,Total:264 Passed:264 Failed:0
1610552328296,391,selenium_project_summary,Success,True
.test_1_selenium_view_project_summary,Total:265 Passed:265 Failed:0
1610552328597,299,selenium_log_out,Success,True
.test_2_selenium_z_log_out,Total:266 Passed:266 Failed:0


=============================== warnings summary ===============================
../../usr/local/lib/python3.8/dist-packages/_pytest/config/__init__.py:1114
  /usr/local/lib/python3.8/dist-packages/_pytest/config/__init__.py:1114: PytestAssertRewriteWarning: Module already imported so cannot be rewritten: apiritif
    self._mark_plugins_for_rewrite(hook)

-- Docs: https://docs.pytest.org/en/stable/warnings.html
======================== 14 passed, 1 warning in 10.85s ========================
============================= test session starts ==============================
platform linux -- Python 3.8.0, pytest-6.2.1, py-1.10.0, pluggy-0.13.1
rootdir: /dc-app-performance-toolkit/app
plugins: apiritif-0.9.5
collected 14 items

selenium_ui/jira_ui.py get driver from global
1610552328741,97,selenium_login:open_login_page,Success,True
1610552329217,474,selenium_login:login_and_view_dashboard,Success,True
1610552329217,572,selenium_login,Success,True
.test_0_selenium_a_login,Total:267 Passed:267 Failed:0
1610552329530,301,selenium_browse_projects_list,Success,True
.test_1_selenium_browse_projects_list,Total:268 Passed:268 Failed:0
1610552329790,258,selenium_browse_boards_list,Success,True
.test_1_selenium_browse_boards_list,Total:269 Passed:269 Failed:0
1610552330508,709,selenium_create_issue:open_quick_create,Success,True
1610552331931,598,selenium_create_issue:fill_and_submit_issue_form:submit_issue_form,Success,True
1610552331931,1423,selenium_create_issue:fill_and_submit_issue_form,Success,True
1610552331931,2133,selenium_create_issue,Success,True
.test_1_selenium_create_issue,Total:270 Passed:270 Failed:0
1610552332569,625,selenium_edit_issue:open_edit_issue_form,Success,True
1610552333354,530,selenium_edit_issue:save_edit_issue_form,Success,True
1610552333354,1410,selenium_edit_issue,Success,True
.test_1_selenium_edit_issue,Total:271 Passed:271 Failed:0
1610552333700,344,selenium_save_comment:open_comment_form,Success,True
1610552334588,746,selenium_save_comment:submit_form,Success,True
1610552334588,1232,selenium_save_comment,Success,True
.test_1_selenium_save_comment,Total:272 Passed:272 Failed:0
1610552335716,1127,selenium_search_jql,Success,True
.test_1_selenium_search_jql,Total:273 Passed:273 Failed:0
1610552336149,431,selenium_view_scrum_board_backlog,Success,True
.test_1_selenium_view_backlog_for_scrum_board,Total:274 Passed:274 Failed:0
1610552337090,939,selenium_view_scrum_board,Success,True
.test_1_selenium_view_scrum_board,Total:275 Passed:275 Failed:0
1610552338329,1237,selenium_view_kanban_board,Success,True
.test_1_selenium_view_kanban_board,Total:276 Passed:276 Failed:0
1610552338921,590,selenium_view_dashboard,Success,True
.test_1_selenium_view_dashboard,Total:277 Passed:277 Failed:0
1610552339510,587,selenium_view_issue,Success,True
.test_1_selenium_view_issue,Total:278 Passed:278 Failed:0
1610552339942,430,selenium_project_summary,Success,True
.test_1_selenium_view_project_summary,Total:279 Passed:279 Failed:0
1610552340242,298,selenium_log_out,Success,True
.test_2_selenium_z_log_out,Total:280 Passed:280 Failed:0


=============================== warnings summary ===============================
../../usr/local/lib/python3.8/dist-packages/_pytest/config/__init__.py:1114
  /usr/local/lib/python3.8/dist-packages/_pytest/config/__init__.py:1114: PytestAssertRewriteWarning: Module already imported so cannot be rewritten: apiritif
    self._mark_plugins_for_rewrite(hook)

-- Docs: https://docs.pytest.org/en/stable/warnings.html
======================== 14 passed, 1 warning in 11.61s ========================
============================= test session starts ==============================
platform linux -- Python 3.8.0, pytest-6.2.1, py-1.10.0, pluggy-0.13.1
rootdir: /dc-app-performance-toolkit/app
plugins: apiritif-0.9.5
collected 14 items

selenium_ui/jira_ui.py get driver from global
1610552340381,91,selenium_login:open_login_page,Success,True
1610552340845,463,selenium_login:login_and_view_dashboard,Success,True
1610552340845,556,selenium_login,Success,True
.test_0_selenium_a_login,Total:281 Passed:281 Failed:0
1610552341177,321,selenium_browse_projects_list,Success,True
.test_1_selenium_browse_projects_list,Total:282 Passed:282 Failed:0
1610552341411,233,selenium_browse_boards_list,Success,True
.test_1_selenium_browse_boards_list,Total:283 Passed:283 Failed:0
1610552342099,680,selenium_create_issue:open_quick_create,Success,True
1610552343251,601,selenium_create_issue:fill_and_submit_issue_form:submit_issue_form,Success,True
1610552343251,1152,selenium_create_issue:fill_and_submit_issue_form,Success,True
1610552343251,1832,selenium_create_issue,Success,True
.test_1_selenium_create_issue,Total:284 Passed:284 Failed:0
1610552343891,627,selenium_edit_issue:open_edit_issue_form,Success,True
1610552344708,538,selenium_edit_issue:save_edit_issue_form,Success,True
1610552344708,1444,selenium_edit_issue,Success,True
.test_1_selenium_edit_issue,Total:285 Passed:285 Failed:0
1610552345012,303,selenium_save_comment:open_comment_form,Success,True
1610552345967,772,selenium_save_comment:submit_form,Success,True
1610552345967,1257,selenium_save_comment,Success,True
.test_1_selenium_save_comment,Total:286 Passed:286 Failed:0
1610552347060,1092,selenium_search_jql,Success,True
.test_1_selenium_search_jql,Total:287 Passed:287 Failed:0
1610552347506,444,selenium_view_scrum_board_backlog,Success,True
.test_1_selenium_view_backlog_for_scrum_board,Total:288 Passed:288 Failed:0
1610552348491,983,selenium_view_scrum_board,Success,True
.test_1_selenium_view_scrum_board,Total:289 Passed:289 Failed:0
1610552349774,1281,selenium_view_kanban_board,Success,True
.test_1_selenium_view_kanban_board,Total:290 Passed:290 Failed:0
1610552350064,288,selenium_view_dashboard,Success,True
.test_1_selenium_view_dashboard,Total:291 Passed:291 Failed:0
1610552350705,639,selenium_view_issue,Success,True
.test_1_selenium_view_issue,Total:292 Passed:292 Failed:0
1610552351091,384,selenium_project_summary,Success,True
.test_1_selenium_view_project_summary,Total:293 Passed:293 Failed:0
1610552351420,328,selenium_log_out,Success,True
.test_2_selenium_z_log_out,Total:294 Passed:294 Failed:0


=============================== warnings summary ===============================
../../usr/local/lib/python3.8/dist-packages/_pytest/config/__init__.py:1114
  /usr/local/lib/python3.8/dist-packages/_pytest/config/__init__.py:1114: PytestAssertRewriteWarning: Module already imported so cannot be rewritten: apiritif
    self._mark_plugins_for_rewrite(hook)

-- Docs: https://docs.pytest.org/en/stable/warnings.html
======================== 14 passed, 1 warning in 11.14s ========================
============================= test session starts ==============================
platform linux -- Python 3.8.0, pytest-6.2.1, py-1.10.0, pluggy-0.13.1
rootdir: /dc-app-performance-toolkit/app
plugins: apiritif-0.9.5
collected 14 items

selenium_ui/jira_ui.py get driver from global
1610552351567,98,selenium_login:open_login_page,Success,True
1610552352700,1132,selenium_login:login_and_view_dashboard,Success,True
1610552352700,1231,selenium_login,Success,True
.test_0_selenium_a_login,Total:295 Passed:295 Failed:0
1610552353092,278,selenium_browse_projects_list,Success,True
.test_1_selenium_browse_projects_list,Total:296 Passed:296 Failed:0
1610552353356,262,selenium_browse_boards_list,Success,True
.test_1_selenium_browse_boards_list,Total:297 Passed:297 Failed:0
1610552354017,653,selenium_create_issue:open_quick_create,Success,True
1610552355091,597,selenium_create_issue:fill_and_submit_issue_form:submit_issue_form,Success,True
1610552355091,1073,selenium_create_issue:fill_and_submit_issue_form,Success,True
1610552355091,1726,selenium_create_issue,Success,True
.test_1_selenium_create_issue,Total:298 Passed:298 Failed:0
1610552355735,633,selenium_edit_issue:open_edit_issue_form,Success,True
1610552356630,643,selenium_edit_issue:save_edit_issue_form,Success,True
1610552356630,1527,selenium_edit_issue,Success,True
.test_1_selenium_edit_issue,Total:299 Passed:299 Failed:0
1610552356941,308,selenium_save_comment:open_comment_form,Success,True
1610552357972,893,selenium_save_comment:submit_form,Success,True
1610552357972,1339,selenium_save_comment,Success,True
.test_1_selenium_save_comment,Total:300 Passed:300 Failed:0
1610552359161,1187,selenium_search_jql,Success,True
.test_1_selenium_search_jql,Total:301 Passed:301 Failed:0
1610552359644,481,selenium_view_scrum_board_backlog,Success,True
.test_1_selenium_view_backlog_for_scrum_board,Total:302 Passed:302 Failed:0
1610552360659,1013,selenium_view_scrum_board,Success,True
.test_1_selenium_view_scrum_board,Total:303 Passed:303 Failed:0
1610552361457,797,selenium_view_kanban_board,Success,True
.test_1_selenium_view_kanban_board,Total:304 Passed:304 Failed:0
1610552361688,229,selenium_view_dashboard,Success,True
.test_1_selenium_view_dashboard,Total:305 Passed:305 Failed:0
1610552362288,598,selenium_view_issue,Success,True
.test_1_selenium_view_issue,Total:306 Passed:306 Failed:0
1610552362731,441,selenium_project_summary,Success,True
.test_1_selenium_view_project_summary,Total:307 Passed:307 Failed:0
1610552363071,338,selenium_log_out,Success,True
.test_2_selenium_z_log_out,Total:308 Passed:308 Failed:0


=============================== warnings summary ===============================
../../usr/local/lib/python3.8/dist-packages/_pytest/config/__init__.py:1114
  /usr/local/lib/python3.8/dist-packages/_pytest/config/__init__.py:1114: PytestAssertRewriteWarning: Module already imported so cannot be rewritten: apiritif
    self._mark_plugins_for_rewrite(hook)

-- Docs: https://docs.pytest.org/en/stable/warnings.html
======================== 14 passed, 1 warning in 11.61s ========================
============================= test session starts ==============================
platform linux -- Python 3.8.0, pytest-6.2.1, py-1.10.0, pluggy-0.13.1
rootdir: /dc-app-performance-toolkit/app
plugins: apiritif-0.9.5
collected 14 items

selenium_ui/jira_ui.py get driver from global
1610552363233,101,selenium_login:open_login_page,Success,True
1610552363691,458,selenium_login:login_and_view_dashboard,Success,True
1610552363691,560,selenium_login,Success,True
.test_0_selenium_a_login,Total:309 Passed:309 Failed:0
1610552363997,294,selenium_browse_projects_list,Success,True
.test_1_selenium_browse_projects_list,Total:310 Passed:310 Failed:0
1610552364248,249,selenium_browse_boards_list,Success,True
.test_1_selenium_browse_boards_list,Total:311 Passed:311 Failed:0
1610552364901,645,selenium_create_issue:open_quick_create,Success,True
1610552366024,598,selenium_create_issue:fill_and_submit_issue_form:submit_issue_form,Success,True
1610552366024,1122,selenium_create_issue:fill_and_submit_issue_form,Success,True
1610552366024,1769,selenium_create_issue,Success,True
.test_1_selenium_create_issue,Total:312 Passed:312 Failed:0
1610552366596,559,selenium_edit_issue:open_edit_issue_form,Success,True
1610552367472,544,selenium_edit_issue:save_edit_issue_form,Success,True
1610552367473,1436,selenium_edit_issue,Success,True
.test_1_selenium_edit_issue,Total:313 Passed:313 Failed:0
1610552367811,336,selenium_save_comment:open_comment_form,Success,True
1610552368782,806,selenium_save_comment:submit_form,Success,True
1610552368782,1307,selenium_save_comment,Success,True
.test_1_selenium_save_comment,Total:314 Passed:314 Failed:0
1610552369930,1147,selenium_search_jql,Success,True
.test_1_selenium_search_jql,Total:315 Passed:315 Failed:0
1610552370408,476,selenium_view_scrum_board_backlog,Success,True
.test_1_selenium_view_backlog_for_scrum_board,Total:316 Passed:316 Failed:0
1610552371352,942,selenium_view_scrum_board,Success,True
.test_1_selenium_view_scrum_board,Total:317 Passed:317 Failed:0
1610552372936,1583,selenium_view_kanban_board,Success,True
.test_1_selenium_view_kanban_board,Total:318 Passed:318 Failed:0
1610552373460,522,selenium_view_dashboard,Success,True
.test_1_selenium_view_dashboard,Total:319 Passed:319 Failed:0
1610552374153,690,selenium_view_issue,Success,True
.test_1_selenium_view_issue,Total:320 Passed:320 Failed:0
1610552374543,388,selenium_project_summary,Success,True
.test_1_selenium_view_project_summary,Total:321 Passed:321 Failed:0
1610552374839,295,selenium_log_out,Success,True
.test_2_selenium_z_log_out,Total:322 Passed:322 Failed:0


=============================== warnings summary ===============================
../../usr/local/lib/python3.8/dist-packages/_pytest/config/__init__.py:1114
  /usr/local/lib/python3.8/dist-packages/_pytest/config/__init__.py:1114: PytestAssertRewriteWarning: Module already imported so cannot be rewritten: apiritif
    self._mark_plugins_for_rewrite(hook)

-- Docs: https://docs.pytest.org/en/stable/warnings.html
======================== 14 passed, 1 warning in 11.72s ========================
============================= test session starts ==============================
platform linux -- Python 3.8.0, pytest-6.2.1, py-1.10.0, pluggy-0.13.1
rootdir: /dc-app-performance-toolkit/app
plugins: apiritif-0.9.5
collected 14 items

selenium_ui/jira_ui.py get driver from global
1610552374981,93,selenium_login:open_login_page,Success,True
1610552375441,459,selenium_login:login_and_view_dashboard,Success,True
1610552375441,553,selenium_login,Success,True
.test_0_selenium_a_login,Total:323 Passed:323 Failed:0
1610552375748,296,selenium_browse_projects_list,Success,True
.test_1_selenium_browse_projects_list,Total:324 Passed:324 Failed:0
1610552376503,754,selenium_browse_boards_list,Success,True
.test_1_selenium_browse_boards_list,Total:325 Passed:325 Failed:0
1610552377238,726,selenium_create_issue:open_quick_create,Success,True
1610552378369,603,selenium_create_issue:fill_and_submit_issue_form:submit_issue_form,Success,True
1610552378369,1131,selenium_create_issue:fill_and_submit_issue_form,Success,True
1610552378369,1857,selenium_create_issue,Success,True
.test_1_selenium_create_issue,Total:326 Passed:326 Failed:0
1610552379005,623,selenium_edit_issue:open_edit_issue_form,Success,True
1610552379804,539,selenium_edit_issue:save_edit_issue_form,Success,True
1610552379804,1422,selenium_edit_issue,Success,True
.test_1_selenium_edit_issue,Total:327 Passed:327 Failed:0
1610552380159,353,selenium_save_comment:open_comment_form,Success,True
1610552381111,801,selenium_save_comment:submit_form,Success,True
1610552381111,1306,selenium_save_comment,Success,True
.test_1_selenium_save_comment,Total:328 Passed:328 Failed:0
1610552382153,1040,selenium_search_jql,Success,True
.test_1_selenium_search_jql,Total:329 Passed:329 Failed:0
1610552382759,605,selenium_view_scrum_board_backlog,Success,True
.test_1_selenium_view_backlog_for_scrum_board,Total:330 Passed:330 Failed:0
1610552383160,399,selenium_view_scrum_board,Success,True
.test_1_selenium_view_scrum_board,Total:331 Passed:331 Failed:0
1610552383987,825,selenium_view_kanban_board,Success,True
.test_1_selenium_view_kanban_board,Total:332 Passed:332 Failed:0
1610552384336,347,selenium_view_dashboard,Success,True
.test_1_selenium_view_dashboard,Total:333 Passed:333 Failed:0
1610552384881,544,selenium_view_issue,Success,True
.test_1_selenium_view_issue,Total:334 Passed:334 Failed:0
1610552385362,479,selenium_project_summary,Success,True
.test_1_selenium_view_project_summary,Total:335 Passed:335 Failed:0
1610552385626,263,selenium_log_out,Success,True
.test_2_selenium_z_log_out,Total:336 Passed:336 Failed:0


=============================== warnings summary ===============================
../../usr/local/lib/python3.8/dist-packages/_pytest/config/__init__.py:1114
  /usr/local/lib/python3.8/dist-packages/_pytest/config/__init__.py:1114: PytestAssertRewriteWarning: Module already imported so cannot be rewritten: apiritif
    self._mark_plugins_for_rewrite(hook)

-- Docs: https://docs.pytest.org/en/stable/warnings.html
======================== 14 passed, 1 warning in 10.75s ========================
============================= test session starts ==============================
platform linux -- Python 3.8.0, pytest-6.2.1, py-1.10.0, pluggy-0.13.1
rootdir: /dc-app-performance-toolkit/app
plugins: apiritif-0.9.5
collected 14 items

selenium_ui/jira_ui.py get driver from global
1610552385770,97,selenium_login:open_login_page,Success,True
1610552386259,488,selenium_login:login_and_view_dashboard,Success,True
1610552386259,586,selenium_login,Success,True
.test_0_selenium_a_login,Total:337 Passed:337 Failed:0
1610552386562,293,selenium_browse_projects_list,Success,True
.test_1_selenium_browse_projects_list,Total:338 Passed:338 Failed:0
1610552386841,277,selenium_browse_boards_list,Success,True
.test_1_selenium_browse_boards_list,Total:339 Passed:339 Failed:0
1610552387542,693,selenium_create_issue:open_quick_create,Success,True
1610552388658,601,selenium_create_issue:fill_and_submit_issue_form:submit_issue_form,Success,True
1610552388659,1116,selenium_create_issue:fill_and_submit_issue_form,Success,True
1610552388659,1810,selenium_create_issue,Success,True
.test_1_selenium_create_issue,Total:340 Passed:340 Failed:0
1610552389227,557,selenium_edit_issue:open_edit_issue_form,Success,True
1610552390104,552,selenium_edit_issue:save_edit_issue_form,Success,True
1610552390104,1434,selenium_edit_issue,Success,True
.test_1_selenium_edit_issue,Total:341 Passed:341 Failed:0
1610552390473,367,selenium_save_comment:open_comment_form,Success,True
1610552391341,728,selenium_save_comment:submit_form,Success,True
1610552391341,1235,selenium_save_comment,Success,True
.test_1_selenium_save_comment,Total:342 Passed:342 Failed:0
1610552392426,1083,selenium_search_jql,Success,True
.test_1_selenium_search_jql,Total:343 Passed:343 Failed:0
1610552393022,595,selenium_view_scrum_board_backlog,Success,True
.test_1_selenium_view_backlog_for_scrum_board,Total:344 Passed:344 Failed:0
1610552393429,405,selenium_view_scrum_board,Success,True
.test_1_selenium_view_scrum_board,Total:345 Passed:345 Failed:0
1610552394664,1233,selenium_view_kanban_board,Success,True
.test_1_selenium_view_kanban_board,Total:346 Passed:346 Failed:0
1610552395151,486,selenium_view_dashboard,Success,True
.test_1_selenium_view_dashboard,Total:347 Passed:347 Failed:0
1610552395792,638,selenium_view_issue,Success,True
.test_1_selenium_view_issue,Total:348 Passed:348 Failed:0
1610552396176,382,selenium_project_summary,Success,True
.test_1_selenium_view_project_summary,Total:349 Passed:349 Failed:0
1610552396482,304,selenium_log_out,Success,True
.test_2_selenium_z_log_out,Total:350 Passed:350 Failed:0


=============================== warnings summary ===============================
../../usr/local/lib/python3.8/dist-packages/_pytest/config/__init__.py:1114
  /usr/local/lib/python3.8/dist-packages/_pytest/config/__init__.py:1114: PytestAssertRewriteWarning: Module already imported so cannot be rewritten: apiritif
    self._mark_plugins_for_rewrite(hook)

-- Docs: https://docs.pytest.org/en/stable/warnings.html
======================== 14 passed, 1 warning in 10.82s ========================
============================= test session starts ==============================
platform linux -- Python 3.8.0, pytest-6.2.1, py-1.10.0, pluggy-0.13.1
rootdir: /dc-app-performance-toolkit/app
plugins: apiritif-0.9.5
collected 14 items

selenium_ui/jira_ui.py get driver from global
1610552396626,95,selenium_login:open_login_page,Success,True
1610552397060,433,selenium_login:login_and_view_dashboard,Success,True
1610552397060,529,selenium_login,Success,True
.test_0_selenium_a_login,Total:351 Passed:351 Failed:0
1610552397444,368,selenium_browse_projects_list,Success,True
.test_1_selenium_browse_projects_list,Total:352 Passed:352 Failed:0
1610552398169,723,selenium_browse_boards_list,Success,True
.test_1_selenium_browse_boards_list,Total:353 Passed:353 Failed:0
1610552398863,685,selenium_create_issue:open_quick_create,Success,True
1610552399960,603,selenium_create_issue:fill_and_submit_issue_form:submit_issue_form,Success,True
1610552399960,1096,selenium_create_issue:fill_and_submit_issue_form,Success,True
1610552399960,1782,selenium_create_issue,Success,True
.test_1_selenium_create_issue,Total:354 Passed:354 Failed:0
1610552400590,617,selenium_edit_issue:open_edit_issue_form,Success,True
1610552401466,622,selenium_edit_issue:save_edit_issue_form,Success,True
1610552401466,1493,selenium_edit_issue,Success,True
.test_1_selenium_edit_issue,Total:355 Passed:355 Failed:0
1610552401766,298,selenium_save_comment:open_comment_form,Success,True
1610552402586,684,selenium_save_comment:submit_form,Success,True
1610552402586,1118,selenium_save_comment,Success,True
.test_1_selenium_save_comment,Total:356 Passed:356 Failed:0
1610552403750,1162,selenium_search_jql,Success,True
.test_1_selenium_search_jql,Total:357 Passed:357 Failed:0
1610552404330,579,selenium_view_scrum_board_backlog,Success,True
.test_1_selenium_view_backlog_for_scrum_board,Total:358 Passed:358 Failed:0
1610552404738,406,selenium_view_scrum_board,Success,True
.test_1_selenium_view_scrum_board,Total:359 Passed:359 Failed:0
1610552405602,862,selenium_view_kanban_board,Success,True
.test_1_selenium_view_kanban_board,Total:360 Passed:360 Failed:0
1610552405973,369,selenium_view_dashboard,Success,True
.test_1_selenium_view_dashboard,Total:361 Passed:361 Failed:0
1610552406514,539,selenium_view_issue,Success,True
.test_1_selenium_view_issue,Total:362 Passed:362 Failed:0
1610552406986,470,selenium_project_summary,Success,True
.test_1_selenium_view_project_summary,Total:363 Passed:363 Failed:0
1610552407258,270,selenium_log_out,Success,True
.test_2_selenium_z_log_out,Total:364 Passed:364 Failed:0


=============================== warnings summary ===============================
../../usr/local/lib/python3.8/dist-packages/_pytest/config/__init__.py:1114
  /usr/local/lib/python3.8/dist-packages/_pytest/config/__init__.py:1114: PytestAssertRewriteWarning: Module already imported so cannot be rewritten: apiritif
    self._mark_plugins_for_rewrite(hook)

-- Docs: https://docs.pytest.org/en/stable/warnings.html
[...]
.test_1_selenium_view_backlog_for_scrum_board,Total:3242 Passed:3242 Failed:0
1610554720447,295,selenium_view_scrum_board,Success,True
.test_1_selenium_view_scrum_board,Total:3243 Passed:3243 Failed:0
1610554722248,1800,selenium_view_kanban_board,Success,True
.test_1_selenium_view_kanban_board,Total:3244 Passed:3244 Failed:0
1610554722883,633,selenium_view_dashboard,Success,True
.test_1_selenium_view_dashboard,Total:3245 Passed:3245 Failed:0
1610554723507,622,selenium_view_issue,Success,True
.test_1_selenium_view_issue,Total:3246 Passed:3246 Failed:0
1610554723887,379,selenium_project_summary,Success,True
.test_1_selenium_view_project_summary,Total:3247 Passed:3247 Failed:0
1610554724235,346,selenium_log_out,Success,True
.test_2_selenium_z_log_out,Total:3248 Passed:3248 Failed:0


=============================== warnings summary ===============================
../../usr/local/lib/python3.8/dist-packages/_pytest/config/__init__.py:1114
  /usr/local/lib/python3.8/dist-packages/_pytest/config/__init__.py:1114: PytestAssertRewriteWarning: Module already imported so cannot be rewritten: apiritif
    self._mark_plugins_for_rewrite(hook)

-- Docs: https://docs.pytest.org/en/stable/warnings.html
======================== 14 passed, 1 warning in 12.88s ========================
============================= test session starts ==============================
platform linux -- Python 3.8.0, pytest-6.2.1, py-1.10.0, pluggy-0.13.1
rootdir: /dc-app-performance-toolkit/app
plugins: apiritif-0.9.5
collected 14 items

selenium_ui/jira_ui.py get driver from global
1610554724386,102,selenium_login:open_login_page,Success,True
1610554724914,527,selenium_login:login_and_view_dashboard,Success,True
1610554724914,630,selenium_login,Success,True
.test_0_selenium_a_login,Total:3249 Passed:3249 Failed:0
1610554725260,335,selenium_browse_projects_list,Success,True
.test_1_selenium_browse_projects_list,Total:3250 Passed:3250 Failed:0
1610554725521,259,selenium_browse_boards_list,Success,True
.test_1_selenium_browse_boards_list,Total:3251 Passed:3251 Failed:0
1610554726249,718,selenium_create_issue:open_quick_create,Success,True
1610554727388,607,selenium_create_issue:fill_and_submit_issue_form:submit_issue_form,Success,True
1610554727388,1139,selenium_create_issue:fill_and_submit_issue_form,Success,True
1610554727388,1858,selenium_create_issue,Success,True
.test_1_selenium_create_issue,Total:3252 Passed:3252 Failed:0
1610554727973,572,selenium_edit_issue:open_edit_issue_form,Success,True
1610554728850,551,selenium_edit_issue:save_edit_issue_form,Success,True
1610554728850,1449,selenium_edit_issue,Success,True
.test_1_selenium_edit_issue,Total:3253 Passed:3253 Failed:0
1610554729133,281,selenium_save_comment:open_comment_form,Success,True
1610554730020,706,selenium_save_comment:submit_form,Success,True
1610554730020,1168,selenium_save_comment,Success,True
.test_1_selenium_save_comment,Total:3254 Passed:3254 Failed:0
1610554731081,1060,selenium_search_jql,Success,True
.test_1_selenium_search_jql,Total:3255 Passed:3255 Failed:0
1610554731639,556,selenium_view_scrum_board_backlog,Success,True
.test_1_selenium_view_backlog_for_scrum_board,Total:3256 Passed:3256 Failed:0
1610554732042,402,selenium_view_scrum_board,Success,True
.test_1_selenium_view_scrum_board,Total:3257 Passed:3257 Failed:0
1610554733324,1280,selenium_view_kanban_board,Success,True
.test_1_selenium_view_kanban_board,Total:3258 Passed:3258 Failed:0
1610554733653,328,selenium_view_dashboard,Success,True
.test_1_selenium_view_dashboard,Total:3259 Passed:3259 Failed:0
1610554734243,588,selenium_view_issue,Success,True
.test_1_selenium_view_issue,Total:3260 Passed:3260 Failed:0
1610554734634,389,selenium_project_summary,Success,True
.test_1_selenium_view_project_summary,Total:3261 Passed:3261 Failed:0
1610554734967,332,selenium_log_out,Success,True
.test_2_selenium_z_log_out,Total:3262 Passed:3262 Failed:0


=============================== warnings summary ===============================
../../usr/local/lib/python3.8/dist-packages/_pytest/config/__init__.py:1114
  /usr/local/lib/python3.8/dist-packages/_pytest/config/__init__.py:1114: PytestAssertRewriteWarning: Module already imported so cannot be rewritten: apiritif
    self._mark_plugins_for_rewrite(hook)

-- Docs: https://docs.pytest.org/en/stable/warnings.html
======================== 14 passed, 1 warning in 10.69s ========================
============================= test session starts ==============================
platform linux -- Python 3.8.0, pytest-6.2.1, py-1.10.0, pluggy-0.13.1
rootdir: /dc-app-performance-toolkit/app
plugins: apiritif-0.9.5
collected 14 items

selenium_ui/jira_ui.py get driver from global
1610554735122,96,selenium_login:open_login_page,Success,True
1610554735582,459,selenium_login:login_and_view_dashboard,Success,True
1610554735582,556,selenium_login,Success,True
.test_0_selenium_a_login,Total:3263 Passed:3263 Failed:0
1610554735891,299,selenium_browse_projects_list,Success,True
.test_1_selenium_browse_projects_list,Total:3264 Passed:3264 Failed:0
1610554736159,267,selenium_browse_boards_list,Success,True
.test_1_selenium_browse_boards_list,Total:3265 Passed:3265 Failed:0
1610554736864,693,selenium_create_issue:open_quick_create,Success,True
1610554737977,604,selenium_create_issue:fill_and_submit_issue_form:submit_issue_form,Success,True
1610554737977,1113,selenium_create_issue:fill_and_submit_issue_form,Success,True
1610554737978,1807,selenium_create_issue,Success,True
.test_1_selenium_create_issue,Total:3266 Passed:3266 Failed:0
1610554738535,545,selenium_edit_issue:open_edit_issue_form,Success,True
1610554739380,530,selenium_edit_issue:save_edit_issue_form,Success,True
1610554739380,1390,selenium_edit_issue,Success,True
.test_1_selenium_edit_issue,Total:3267 Passed:3267 Failed:0
1610554739786,404,selenium_save_comment:open_comment_form,Success,True
1610554740608,714,selenium_save_comment:submit_form,Success,True
1610554740608,1226,selenium_save_comment,Success,True
.test_1_selenium_save_comment,Total:3268 Passed:3268 Failed:0
1610554741783,1173,selenium_search_jql,Success,True
.test_1_selenium_search_jql,Total:3269 Passed:3269 Failed:0
1610554742247,462,selenium_view_scrum_board_backlog,Success,True
.test_1_selenium_view_backlog_for_scrum_board,Total:3270 Passed:3270 Failed:0
1610554743235,986,selenium_view_scrum_board,Success,True
.test_1_selenium_view_scrum_board,Total:3271 Passed:3271 Failed:0
1610554744702,1465,selenium_view_kanban_board,Success,True
.test_1_selenium_view_kanban_board,Total:3272 Passed:3272 Failed:0
1610554745144,440,selenium_view_dashboard,Success,True
.test_1_selenium_view_dashboard,Total:3273 Passed:3273 Failed:0
1610554745803,657,selenium_view_issue,Success,True
.test_1_selenium_view_issue,Total:3274 Passed:3274 Failed:0
1610554746267,462,selenium_project_summary,Success,True
.test_1_selenium_view_project_summary,Total:3275 Passed:3275 Failed:0
1610554746632,363,selenium_log_out,Success,True
.test_2_selenium_z_log_out,Total:3276 Passed:3276 Failed:0


=============================== warnings summary ===============================
../../usr/local/lib/python3.8/dist-packages/_pytest/config/__init__.py:1114
  /usr/local/lib/python3.8/dist-packages/_pytest/config/__init__.py:1114: PytestAssertRewriteWarning: Module already imported so cannot be rewritten: apiritif
    self._mark_plugins_for_rewrite(hook)

-- Docs: https://docs.pytest.org/en/stable/warnings.html
======================== 14 passed, 1 warning in 11.62s ========================
============================= test session starts ==============================
platform linux -- Python 3.8.0, pytest-6.2.1, py-1.10.0, pluggy-0.13.1
rootdir: /dc-app-performance-toolkit/app
plugins: apiritif-0.9.5
collected 14 items

selenium_ui/jira_ui.py get driver from global
1610554746778,97,selenium_login:open_login_page,Success,True
1610554747251,472,selenium_login:login_and_view_dashboard,Success,True
1610554747251,569,selenium_login,Success,True
.test_0_selenium_a_login,Total:3277 Passed:3277 Failed:0
1610554747580,318,selenium_browse_projects_list,Success,True
.test_1_selenium_browse_projects_list,Total:3278 Passed:3278 Failed:0
1610554747852,271,selenium_browse_boards_list,Success,True
.test_1_selenium_browse_boards_list,Total:3279 Passed:3279 Failed:0
1610554748570,709,selenium_create_issue:open_quick_create,Success,True
1610554749689,602,selenium_create_issue:fill_and_submit_issue_form:submit_issue_form,Success,True
1610554749689,1118,selenium_create_issue:fill_and_submit_issue_form,Success,True
1610554749689,1828,selenium_create_issue,Success,True
.test_1_selenium_create_issue,Total:3280 Passed:3280 Failed:0
1610554750247,542,selenium_edit_issue:open_edit_issue_form,Success,True
1610554751128,559,selenium_edit_issue:save_edit_issue_form,Success,True
1610554751128,1423,selenium_edit_issue,Success,True
.test_1_selenium_edit_issue,Total:3281 Passed:3281 Failed:0
1610554751488,358,selenium_save_comment:open_comment_form,Success,True
1610554752392,747,selenium_save_comment:submit_form,Success,True
1610554752392,1262,selenium_save_comment,Success,True
.test_1_selenium_save_comment,Total:3282 Passed:3282 Failed:0
1610554753519,1125,selenium_search_jql,Success,True
.test_1_selenium_search_jql,Total:3283 Passed:3283 Failed:0
1610554754108,588,selenium_view_scrum_board_backlog,Success,True
.test_1_selenium_view_backlog_for_scrum_board,Total:3284 Passed:3284 Failed:0
1610554754522,412,selenium_view_scrum_board,Success,True
.test_1_selenium_view_scrum_board,Total:3285 Passed:3285 Failed:0
1610554755767,1243,selenium_view_kanban_board,Success,True
.test_1_selenium_view_kanban_board,Total:3286 Passed:3286 Failed:0
1610554756051,282,selenium_view_dashboard,Success,True
.test_1_selenium_view_dashboard,Total:3287 Passed:3287 Failed:0
1610554756638,585,selenium_view_issue,Success,True
.test_1_selenium_view_issue,Total:3288 Passed:3288 Failed:0
1610554757058,418,selenium_project_summary,Success,True
.test_1_selenium_view_project_summary,Total:3289 Passed:3289 Failed:0
1610554757338,279,selenium_log_out,Success,True
.test_2_selenium_z_log_out,Total:3290 Passed:3290 Failed:0


=============================== warnings summary ===============================
../../usr/local/lib/python3.8/dist-packages/_pytest/config/__init__.py:1114
  /usr/local/lib/python3.8/dist-packages/_pytest/config/__init__.py:1114: PytestAssertRewriteWarning: Module already imported so cannot be rewritten: apiritif
    self._mark_plugins_for_rewrite(hook)

-- Docs: https://docs.pytest.org/en/stable/warnings.html
======================== 14 passed, 1 warning in 10.67s ========================
============================= test session starts ==============================
platform linux -- Python 3.8.0, pytest-6.2.1, py-1.10.0, pluggy-0.13.1
rootdir: /dc-app-performance-toolkit/app
plugins: apiritif-0.9.5
collected 14 items

selenium_ui/jira_ui.py get driver from global
1610554757515,127,selenium_login:open_login_page,Success,True
1610554758005,490,selenium_login:login_and_view_dashboard,Success,True
1610554758005,618,selenium_login,Success,True
.test_0_selenium_a_login,Total:3291 Passed:3291 Failed:0
1610554758334,317,selenium_browse_projects_list,Success,True
.test_1_selenium_browse_projects_list,Total:3292 Passed:3292 Failed:0
1610554758594,259,selenium_browse_boards_list,Success,True
.test_1_selenium_browse_boards_list,Total:3293 Passed:3293 Failed:0
1610554759239,635,selenium_create_issue:open_quick_create,Success,True
1610554760399,610,selenium_create_issue:fill_and_submit_issue_form:submit_issue_form,Success,True
1610554760399,1160,selenium_create_issue:fill_and_submit_issue_form,Success,True
1610554760399,1796,selenium_create_issue,Success,True
.test_1_selenium_create_issue,Total:3294 Passed:3294 Failed:0
1610554760883,465,selenium_edit_issue:open_edit_issue_form,Success,True
1610554761848,558,selenium_edit_issue:save_edit_issue_form,Success,True
1610554761848,1430,selenium_edit_issue,Success,True
.test_1_selenium_edit_issue,Total:3295 Passed:3295 Failed:0
1610554762213,363,selenium_save_comment:open_comment_form,Success,True
1610554763111,749,selenium_save_comment:submit_form,Success,True
1610554763111,1261,selenium_save_comment,Success,True
.test_1_selenium_save_comment,Total:3296 Passed:3296 Failed:0
1610554764206,1093,selenium_search_jql,Success,True
.test_1_selenium_search_jql,Total:3297 Passed:3297 Failed:0
1610554764795,587,selenium_view_scrum_board_backlog,Success,True
.test_1_selenium_view_backlog_for_scrum_board,Total:3298 Passed:3298 Failed:0
1610554765209,411,selenium_view_scrum_board,Success,True
.test_1_selenium_view_scrum_board,Total:3299 Passed:3299 Failed:0
1610554766475,1264,selenium_view_kanban_board,Success,True
.test_1_selenium_view_kanban_board,Total:3300 Passed:3300 Failed:0
1610554766944,466,selenium_view_dashboard,Success,True
.test_1_selenium_view_dashboard,Total:3301 Passed:3301 Failed:0
1610554767574,628,selenium_view_issue,Success,True
.test_1_selenium_view_issue,Total:3302 Passed:3302 Failed:0
1610554767996,421,selenium_project_summary,Success,True
.test_1_selenium_view_project_summary,Total:3303 Passed:3303 Failed:0
1610554768305,306,selenium_log_out,Success,True
.test_2_selenium_z_log_out,Total:3304 Passed:3304 Failed:0


=============================== warnings summary ===============================
../../usr/local/lib/python3.8/dist-packages/_pytest/config/__init__.py:1114
  /usr/local/lib/python3.8/dist-packages/_pytest/config/__init__.py:1114: PytestAssertRewriteWarning: Module already imported so cannot be rewritten: apiritif
    self._mark_plugins_for_rewrite(hook)

-- Docs: https://docs.pytest.org/en/stable/warnings.html
======================== 14 passed, 1 warning in 10.93s ========================
============================= test session starts ==============================
platform linux -- Python 3.8.0, pytest-6.2.1, py-1.10.0, pluggy-0.13.1
rootdir: /dc-app-performance-toolkit/app
plugins: apiritif-0.9.5
collected 14 items

selenium_ui/jira_ui.py get driver from global
1610554768448,94,selenium_login:open_login_page,Success,True
1610554768924,475,selenium_login:login_and_view_dashboard,Success,True
1610554768924,570,selenium_login,Success,True
.test_0_selenium_a_login,Total:3305 Passed:3305 Failed:0
1610554769247,311,selenium_browse_projects_list,Success,True
.test_1_selenium_browse_projects_list,Total:3306 Passed:3306 Failed:0
1610554769502,254,selenium_browse_boards_list,Success,True
.test_1_selenium_browse_boards_list,Total:3307 Passed:3307 Failed:0
1610554770219,708,selenium_create_issue:open_quick_create,Success,True
1610554771313,601,selenium_create_issue:fill_and_submit_issue_form:submit_issue_form,Success,True
1610554771313,1094,selenium_create_issue:fill_and_submit_issue_form,Success,True
1610554771313,1802,selenium_create_issue,Success,True
.test_1_selenium_create_issue,Total:3308 Passed:3308 Failed:0
1610554771877,553,selenium_edit_issue:open_edit_issue_form,Success,True
1610554772857,616,selenium_edit_issue:save_edit_issue_form,Success,True
1610554772857,1532,selenium_edit_issue,Success,True
.test_1_selenium_edit_issue,Total:3309 Passed:3309 Failed:0
1610554773150,291,selenium_save_comment:open_comment_form,Success,True
1610554774052,763,selenium_save_comment:submit_form,Success,True
1610554774052,1193,selenium_save_comment,Success,True
.test_1_selenium_save_comment,Total:3310 Passed:3310 Failed:0
1610554775172,1119,selenium_search_jql,Success,True
.test_1_selenium_search_jql,Total:3311 Passed:3311 Failed:0
1610554776464,1290,selenium_view_scrum_board_backlog,Success,True
.test_1_selenium_view_backlog_for_scrum_board,Total:3312 Passed:3312 Failed:0
1610554776759,293,selenium_view_scrum_board,Success,True
.test_1_selenium_view_scrum_board,Total:3313 Passed:3313 Failed:0
1610554778001,1240,selenium_view_kanban_board,Success,True
.test_1_selenium_view_kanban_board,Total:3314 Passed:3314 Failed:0
1610554778264,261,selenium_view_dashboard,Success,True
.test_1_selenium_view_dashboard,Total:3315 Passed:3315 Failed:0
1610554778854,588,selenium_view_issue,Success,True
.test_1_selenium_view_issue,Total:3316 Passed:3316 Failed:0
1610554779303,447,selenium_project_summary,Success,True
.test_1_selenium_view_project_summary,Total:3317 Passed:3317 Failed:0
1610554779632,328,selenium_log_out,Success,True
.test_2_selenium_z_log_out,Total:3318 Passed:3318 Failed:0


=============================== warnings summary ===============================
../../usr/local/lib/python3.8/dist-packages/_pytest/config/__init__.py:1114
  /usr/local/lib/python3.8/dist-packages/_pytest/config/__init__.py:1114: PytestAssertRewriteWarning: Module already imported so cannot be rewritten: apiritif
    self._mark_plugins_for_rewrite(hook)

-- Docs: https://docs.pytest.org/en/stable/warnings.html
======================== 14 passed, 1 warning in 11.29s ========================
============================= test session starts ==============================
platform linux -- Python 3.8.0, pytest-6.2.1, py-1.10.0, pluggy-0.13.1
rootdir: /dc-app-performance-toolkit/app
plugins: apiritif-0.9.5
collected 14 items

selenium_ui/jira_ui.py get driver from global
1610554779776,94,selenium_login:open_login_page,Success,True
1610554780243,467,selenium_login:login_and_view_dashboard,Success,True
1610554780243,561,selenium_login,Success,True
.test_0_selenium_a_login,Total:3319 Passed:3319 Failed:0
1610554780578,323,selenium_browse_projects_list,Success,True
.test_1_selenium_browse_projects_list,Total:3320 Passed:3320 Failed:0
1610554780845,265,selenium_browse_boards_list,Success,True
.test_1_selenium_browse_boards_list,Total:3321 Passed:3321 Failed:0
1610554781486,633,selenium_create_issue:open_quick_create,Success,True
1610554782570,597,selenium_create_issue:fill_and_submit_issue_form:submit_issue_form,Success,True
1610554782570,1084,selenium_create_issue:fill_and_submit_issue_form,Success,True
1610554782570,1717,selenium_create_issue,Success,True
.test_1_selenium_create_issue,Total:3322 Passed:3322 Failed:0
1610554783133,550,selenium_edit_issue:open_edit_issue_form,Success,True
1610554783991,531,selenium_edit_issue:save_edit_issue_form,Success,True
1610554783991,1408,selenium_edit_issue,Success,True
.test_1_selenium_edit_issue,Total:3323 Passed:3323 Failed:0
1610554784344,352,selenium_save_comment:open_comment_form,Success,True
1610554785255,766,selenium_save_comment:submit_form,Success,True
1610554785255,1262,selenium_save_comment,Success,True
.test_1_selenium_save_comment,Total:3324 Passed:3324 Failed:0
1610554786327,1070,selenium_search_jql,Success,True
.test_1_selenium_search_jql,Total:3325 Passed:3325 Failed:0
1610554786932,603,selenium_view_scrum_board_backlog,Success,True
.test_1_selenium_view_backlog_for_scrum_board,Total:3326 Passed:3326 Failed:0
1610554787338,404,selenium_view_scrum_board,Success,True
.test_1_selenium_view_scrum_board,Total:3327 Passed:3327 Failed:0
1610554789059,1719,selenium_view_kanban_board,Success,True
.test_1_selenium_view_kanban_board,Total:3328 Passed:3328 Failed:0
1610554789738,677,selenium_view_dashboard,Success,True
.test_1_selenium_view_dashboard,Total:3329 Passed:3329 Failed:0
1610554790396,656,selenium_view_issue,Success,True
.test_1_selenium_view_issue,Total:3330 Passed:3330 Failed:0
1610554790771,374,selenium_project_summary,Success,True
.test_1_selenium_view_project_summary,Total:3331 Passed:3331 Failed:0
1610554791055,283,selenium_log_out,Success,True
.test_2_selenium_z_log_out,Total:3332 Passed:3332 Failed:0


=============================== warnings summary ===============================
../../usr/local/lib/python3.8/dist-packages/_pytest/config/__init__.py:1114
  /usr/local/lib/python3.8/dist-packages/_pytest/config/__init__.py:1114: PytestAssertRewriteWarning: Module already imported so cannot be rewritten: apiritif
    self._mark_plugins_for_rewrite(hook)

-- Docs: https://docs.pytest.org/en/stable/warnings.html
======================== 14 passed, 1 warning in 11.38s ========================
