============================= test session starts ==============================
platform linux -- Python 3.8.0, pytest-6.2.1, py-1.10.0, pluggy-0.13.1
rootdir: /dc-app-performance-toolkit/app
plugins: apiritif-0.9.5
collected 15 items

selenium_ui/jira_ui.py first driver inits
1610581528547,883,selenium_login:open_login_page,Success,True
1610581529438,890,selenium_login:login_and_view_dashboard,Success,True
1610581529438,1774,selenium_login,Success,True
.test_0_selenium_a_login,Total:1 Passed:1 Failed:0
1610581529867,419,selenium_browse_projects_list,Success,True
.test_1_selenium_browse_projects_list,Total:2 Passed:2 Failed:0
1610581530210,341,selenium_browse_boards_list,Success,True
.test_1_selenium_browse_boards_list,Total:3 Passed:3 Failed:0
1610581530984,765,selenium_create_issue:open_quick_create,Success,True
1610581532603,1113,selenium_create_issue:fill_and_submit_issue_form:submit_issue_form,Success,True
1610581532603,1619,selenium_create_issue:fill_and_submit_issue_form,Success,True
1610581532603,2384,selenium_create_issue,Success,True
.test_1_selenium_create_issue,Total:4 Passed:4 Failed:0
1610581533267,651,selenium_edit_issue:open_edit_issue_form,Success,True
1610581534024,506,selenium_edit_issue:save_edit_issue_form,Success,True
1610581534024,1408,selenium_edit_issue,Success,True
.test_1_selenium_edit_issue,Total:5 Passed:5 Failed:0
1610581534375,349,selenium_save_comment:open_comment_form,Success,True
1610581535248,731,selenium_save_comment:submit_form,Success,True
1610581535248,1223,selenium_save_comment,Success,True
.test_1_selenium_save_comment,Total:6 Passed:6 Failed:0
1610581536535,1285,selenium_search_jql,Success,True
.test_1_selenium_search_jql,Total:7 Passed:7 Failed:0
1610581536991,455,selenium_view_scrum_board_backlog,Success,True
.test_1_selenium_view_backlog_for_scrum_board,Total:8 Passed:8 Failed:0
1610581537929,935,selenium_view_scrum_board,Success,True
.test_1_selenium_view_scrum_board,Total:9 Passed:9 Failed:0
1610581539209,1278,selenium_view_kanban_board,Success,True
.test_1_selenium_view_kanban_board,Total:10 Passed:10 Failed:0
1610581539596,386,selenium_view_dashboard,Success,True
.test_1_selenium_view_dashboard,Total:11 Passed:11 Failed:0
1610581540221,623,selenium_view_issue,Success,True
.test_1_selenium_view_issue,Total:12 Passed:12 Failed:0
1610581540708,485,selenium_project_summary,Success,True
.test_1_selenium_view_project_summary,Total:13 Passed:13 Failed:0
1610581541269,559,selenium_app_custom_action:view_issue,Success,True
1610581541269,559,selenium_app_custom_action,Success,True
.test_1_selenium_custom_action,Total:14 Passed:14 Failed:0
1610581541571,300,selenium_log_out,Success,True
.test_2_selenium_z_log_out,Total:15 Passed:15 Failed:0


=============================== warnings summary ===============================
../../usr/local/lib/python3.8/dist-packages/_pytest/config/__init__.py:1114
  /usr/local/lib/python3.8/dist-packages/_pytest/config/__init__.py:1114: PytestAssertRewriteWarning: Module already imported so cannot be rewritten: apiritif
    self._mark_plugins_for_rewrite(hook)

-- Docs: https://docs.pytest.org/en/stable/warnings.html
======================== 15 passed, 1 warning in 15.19s ========================
============================= test session starts ==============================
platform linux -- Python 3.8.0, pytest-6.2.1, py-1.10.0, pluggy-0.13.1
rootdir: /dc-app-performance-toolkit/app
plugins: apiritif-0.9.5
collected 15 items

selenium_ui/jira_ui.py get driver from global
1610581541709,89,selenium_login:open_login_page,Success,True
1610581542171,462,selenium_login:login_and_view_dashboard,Success,True
1610581542171,551,selenium_login,Success,True
.test_0_selenium_a_login,Total:16 Passed:16 Failed:0
1610581542485,303,selenium_browse_projects_list,Success,True
.test_1_selenium_browse_projects_list,Total:17 Passed:17 Failed:0
1610581542786,299,selenium_browse_boards_list,Success,True
.test_1_selenium_browse_boards_list,Total:18 Passed:18 Failed:0
1610581543461,667,selenium_create_issue:open_quick_create,Success,True
1610581544598,615,selenium_create_issue:fill_and_submit_issue_form:submit_issue_form,Success,True
1610581544598,1137,selenium_create_issue:fill_and_submit_issue_form,Success,True
1610581544598,1804,selenium_create_issue,Success,True
.test_1_selenium_create_issue,Total:19 Passed:19 Failed:0
1610581545129,518,selenium_edit_issue:open_edit_issue_form,Success,True
1610581546067,612,selenium_edit_issue:save_edit_issue_form,Success,True
1610581546067,1456,selenium_edit_issue,Success,True
.test_1_selenium_edit_issue,Total:20 Passed:20 Failed:0
1610581546356,288,selenium_save_comment:open_comment_form,Success,True
1610581547183,697,selenium_save_comment:submit_form,Success,True
1610581547183,1114,selenium_save_comment,Success,True
.test_1_selenium_save_comment,Total:21 Passed:21 Failed:0
1610581548305,1120,selenium_search_jql,Success,True
.test_1_selenium_search_jql,Total:22 Passed:22 Failed:0
1610581548909,603,selenium_view_scrum_board_backlog,Success,True
.test_1_selenium_view_backlog_for_scrum_board,Total:23 Passed:23 Failed:0
1610581549290,378,selenium_view_scrum_board,Success,True
.test_1_selenium_view_scrum_board,Total:24 Passed:24 Failed:0
1610581550527,1236,selenium_view_kanban_board,Success,True
.test_1_selenium_view_kanban_board,Total:25 Passed:25 Failed:0
1610581550750,221,selenium_view_dashboard,Success,True
.test_1_selenium_view_dashboard,Total:26 Passed:26 Failed:0
1610581551320,568,selenium_view_issue,Success,True
.test_1_selenium_view_issue,Total:27 Passed:27 Failed:0
1610581551752,430,selenium_project_summary,Success,True
.test_1_selenium_view_project_summary,Total:28 Passed:28 Failed:0
1610581552235,482,selenium_app_custom_action:view_issue,Success,True
1610581552235,482,selenium_app_custom_action,Success,True
.test_1_selenium_custom_action,Total:29 Passed:29 Failed:0
1610581552579,342,selenium_log_out,Success,True
.test_2_selenium_z_log_out,Total:30 Passed:30 Failed:0


=============================== warnings summary ===============================
../../usr/local/lib/python3.8/dist-packages/_pytest/config/__init__.py:1114
  /usr/local/lib/python3.8/dist-packages/_pytest/config/__init__.py:1114: PytestAssertRewriteWarning: Module already imported so cannot be rewritten: apiritif
    self._mark_plugins_for_rewrite(hook)

-- Docs: https://docs.pytest.org/en/stable/warnings.html
======================== 15 passed, 1 warning in 10.97s ========================
============================= test session starts ==============================
platform linux -- Python 3.8.0, pytest-6.2.1, py-1.10.0, pluggy-0.13.1
rootdir: /dc-app-performance-toolkit/app
plugins: apiritif-0.9.5
collected 15 items

selenium_ui/jira_ui.py get driver from global
1610581552724,97,selenium_login:open_login_page,Success,True
1610581553180,455,selenium_login:login_and_view_dashboard,Success,True
1610581553180,553,selenium_login,Success,True
.test_0_selenium_a_login,Total:31 Passed:31 Failed:0
1610581553492,301,selenium_browse_projects_list,Success,True
.test_1_selenium_browse_projects_list,Total:32 Passed:32 Failed:0
1610581553740,247,selenium_browse_boards_list,Success,True
.test_1_selenium_browse_boards_list,Total:33 Passed:33 Failed:0
1610581554390,641,selenium_create_issue:open_quick_create,Success,True
1610581555459,598,selenium_create_issue:fill_and_submit_issue_form:submit_issue_form,Success,True
1610581555459,1068,selenium_create_issue:fill_and_submit_issue_form,Success,True
1610581555459,1710,selenium_create_issue,Success,True
.test_1_selenium_create_issue,Total:34 Passed:34 Failed:0
1610581556049,578,selenium_edit_issue:open_edit_issue_form,Success,True
1610581556899,596,selenium_edit_issue:save_edit_issue_form,Success,True
1610581556899,1428,selenium_edit_issue,Success,True
.test_1_selenium_edit_issue,Total:35 Passed:35 Failed:0
1610581557227,326,selenium_save_comment:open_comment_form,Success,True
1610581558035,714,selenium_save_comment:submit_form,Success,True
1610581558035,1134,selenium_save_comment,Success,True
.test_1_selenium_save_comment,Total:36 Passed:36 Failed:0
1610581559099,1062,selenium_search_jql,Success,True
.test_1_selenium_search_jql,Total:37 Passed:37 Failed:0
1610581559554,454,selenium_view_scrum_board_backlog,Success,True
.test_1_selenium_view_backlog_for_scrum_board,Total:38 Passed:38 Failed:0
1610581560510,953,selenium_view_scrum_board,Success,True
.test_1_selenium_view_scrum_board,Total:39 Passed:39 Failed:0
1610581561850,1339,selenium_view_kanban_board,Success,True
.test_1_selenium_view_kanban_board,Total:40 Passed:40 Failed:0
1610581562224,372,selenium_view_dashboard,Success,True
.test_1_selenium_view_dashboard,Total:41 Passed:41 Failed:0
1610581562892,666,selenium_view_issue,Success,True
.test_1_selenium_view_issue,Total:42 Passed:42 Failed:0
1610581563274,381,selenium_project_summary,Success,True
.test_1_selenium_view_project_summary,Total:43 Passed:43 Failed:0
1610581563723,447,selenium_app_custom_action:view_issue,Success,True
1610581563723,447,selenium_app_custom_action,Success,True
.test_1_selenium_custom_action,Total:44 Passed:44 Failed:0
1610581564031,306,selenium_log_out,Success,True
.test_2_selenium_z_log_out,Total:45 Passed:45 Failed:0


=============================== warnings summary ===============================
../../usr/local/lib/python3.8/dist-packages/_pytest/config/__init__.py:1114
  /usr/local/lib/python3.8/dist-packages/_pytest/config/__init__.py:1114: PytestAssertRewriteWarning: Module already imported so cannot be rewritten: apiritif
    self._mark_plugins_for_rewrite(hook)

-- Docs: https://docs.pytest.org/en/stable/warnings.html
======================== 15 passed, 1 warning in 11.41s ========================
============================= test session starts ==============================
platform linux -- Python 3.8.0, pytest-6.2.1, py-1.10.0, pluggy-0.13.1
rootdir: /dc-app-performance-toolkit/app
plugins: apiritif-0.9.5
collected 15 items

selenium_ui/jira_ui.py get driver from global
1610581564184,105,selenium_login:open_login_page,Success,True
1610581564618,433,selenium_login:login_and_view_dashboard,Success,True
1610581564618,539,selenium_login,Success,True
.test_0_selenium_a_login,Total:46 Passed:46 Failed:0
1610581564981,347,selenium_browse_projects_list,Success,True
.test_1_selenium_browse_projects_list,Total:47 Passed:47 Failed:0
1610581565231,248,selenium_browse_boards_list,Success,True
.test_1_selenium_browse_boards_list,Total:48 Passed:48 Failed:0
1610581565878,638,selenium_create_issue:open_quick_create,Success,True
1610581567056,605,selenium_create_issue:fill_and_submit_issue_form:submit_issue_form,Success,True
1610581567056,1178,selenium_create_issue:fill_and_submit_issue_form,Success,True
1610581567056,1817,selenium_create_issue,Success,True
.test_1_selenium_create_issue,Total:49 Passed:49 Failed:0
1610581567586,519,selenium_edit_issue:open_edit_issue_form,Success,True
1610581568406,507,selenium_edit_issue:save_edit_issue_form,Success,True
1610581568406,1338,selenium_edit_issue,Success,True
.test_1_selenium_edit_issue,Total:50 Passed:50 Failed:0
1610581568725,318,selenium_save_comment:open_comment_form,Success,True
1610581569579,689,selenium_save_comment:submit_form,Success,True
1610581569579,1172,selenium_save_comment,Success,True
.test_1_selenium_save_comment,Total:51 Passed:51 Failed:0
1610581570616,1035,selenium_search_jql,Success,True
.test_1_selenium_search_jql,Total:52 Passed:52 Failed:0
1610581571371,753,selenium_view_scrum_board_backlog,Success,True
.test_1_selenium_view_backlog_for_scrum_board,Total:53 Passed:53 Failed:0
1610581571747,374,selenium_view_scrum_board,Success,True
.test_1_selenium_view_scrum_board,Total:54 Passed:54 Failed:0
1610581573063,1314,selenium_view_kanban_board,Success,True
.test_1_selenium_view_kanban_board,Total:55 Passed:55 Failed:0
1610581573485,420,selenium_view_dashboard,Success,True
.test_1_selenium_view_dashboard,Total:56 Passed:56 Failed:0
1610581574125,639,selenium_view_issue,Success,True
.test_1_selenium_view_issue,Total:57 Passed:57 Failed:0
1610581574588,461,selenium_project_summary,Success,True
.test_1_selenium_view_project_summary,Total:58 Passed:58 Failed:0
1610581575035,445,selenium_app_custom_action:view_issue,Success,True
1610581575035,445,selenium_app_custom_action,Success,True
.test_1_selenium_custom_action,Total:59 Passed:59 Failed:0
1610581575371,334,selenium_log_out,Success,True
.test_2_selenium_z_log_out,Total:60 Passed:60 Failed:0


=============================== warnings summary ===============================
../../usr/local/lib/python3.8/dist-packages/_pytest/config/__init__.py:1114
  /usr/local/lib/python3.8/dist-packages/_pytest/config/__init__.py:1114: PytestAssertRewriteWarning: Module already imported so cannot be rewritten: apiritif
    self._mark_plugins_for_rewrite(hook)

-- Docs: https://docs.pytest.org/en/stable/warnings.html
======================== 15 passed, 1 warning in 11.30s ========================
============================= test session starts ==============================
platform linux -- Python 3.8.0, pytest-6.2.1, py-1.10.0, pluggy-0.13.1
rootdir: /dc-app-performance-toolkit/app
plugins: apiritif-0.9.5
collected 15 items

selenium_ui/jira_ui.py get driver from global
1610581575525,105,selenium_login:open_login_page,Success,True
1610581576004,478,selenium_login:login_and_view_dashboard,Success,True
1610581576004,584,selenium_login,Success,True
.test_0_selenium_a_login,Total:61 Passed:61 Failed:0
1610581576333,317,selenium_browse_projects_list,Success,True
.test_1_selenium_browse_projects_list,Total:62 Passed:62 Failed:0
1610581576571,236,selenium_browse_boards_list,Success,True
.test_1_selenium_browse_boards_list,Total:63 Passed:63 Failed:0
1610581577269,689,selenium_create_issue:open_quick_create,Success,True
1610581578390,597,selenium_create_issue:fill_and_submit_issue_form:submit_issue_form,Success,True
1610581578390,1121,selenium_create_issue:fill_and_submit_issue_form,Success,True
1610581578390,1811,selenium_create_issue,Success,True
.test_1_selenium_create_issue,Total:64 Passed:64 Failed:0
1610581578910,509,selenium_edit_issue:open_edit_issue_form,Success,True
1610581579819,549,selenium_edit_issue:save_edit_issue_form,Success,True
1610581579820,1418,selenium_edit_issue,Success,True
.test_1_selenium_edit_issue,Total:65 Passed:65 Failed:0
1610581580168,347,selenium_save_comment:open_comment_form,Success,True
1610581580990,680,selenium_save_comment:submit_form,Success,True
1610581580990,1168,selenium_save_comment,Success,True
.test_1_selenium_save_comment,Total:66 Passed:66 Failed:0
1610581582060,1069,selenium_search_jql,Success,True
.test_1_selenium_search_jql,Total:67 Passed:67 Failed:0
1610581582481,419,selenium_view_scrum_board_backlog,Success,True
.test_1_selenium_view_backlog_for_scrum_board,Total:68 Passed:68 Failed:0
1610581583383,900,selenium_view_scrum_board,Success,True
.test_1_selenium_view_scrum_board,Total:69 Passed:69 Failed:0
1610581584659,1275,selenium_view_kanban_board,Success,True
.test_1_selenium_view_kanban_board,Total:70 Passed:70 Failed:0
1610581585228,567,selenium_view_dashboard,Success,True
.test_1_selenium_view_dashboard,Total:71 Passed:71 Failed:0
1610581585814,585,selenium_view_issue,Success,True
.test_1_selenium_view_issue,Total:72 Passed:72 Failed:0
1610581586096,280,selenium_project_summary,Success,True
.test_1_selenium_view_project_summary,Total:73 Passed:73 Failed:0
1610581586536,439,selenium_app_custom_action:view_issue,Success,True
1610581586536,439,selenium_app_custom_action,Success,True
.test_1_selenium_custom_action,Total:74 Passed:74 Failed:0
1610581586864,326,selenium_log_out,Success,True
.test_2_selenium_z_log_out,Total:75 Passed:75 Failed:0


=============================== warnings summary ===============================
../../usr/local/lib/python3.8/dist-packages/_pytest/config/__init__.py:1114
  /usr/local/lib/python3.8/dist-packages/_pytest/config/__init__.py:1114: PytestAssertRewriteWarning: Module already imported so cannot be rewritten: apiritif
    self._mark_plugins_for_rewrite(hook)

-- Docs: https://docs.pytest.org/en/stable/warnings.html
======================== 15 passed, 1 warning in 11.45s ========================
============================= test session starts ==============================
platform linux -- Python 3.8.0, pytest-6.2.1, py-1.10.0, pluggy-0.13.1
rootdir: /dc-app-performance-toolkit/app
plugins: apiritif-0.9.5
collected 15 items

selenium_ui/jira_ui.py get driver from global
1610581587002,90,selenium_login:open_login_page,Success,True
1610581587425,422,selenium_login:login_and_view_dashboard,Success,True
1610581587425,513,selenium_login,Success,True
.test_0_selenium_a_login,Total:76 Passed:76 Failed:0
1610581587816,375,selenium_browse_projects_list,Success,True
.test_1_selenium_browse_projects_list,Total:77 Passed:77 Failed:0
1610581588061,243,selenium_browse_boards_list,Success,True
.test_1_selenium_browse_boards_list,Total:78 Passed:78 Failed:0
1610581588705,636,selenium_create_issue:open_quick_create,Success,True
1610581589741,593,selenium_create_issue:fill_and_submit_issue_form:submit_issue_form,Success,True
1610581589741,1035,selenium_create_issue:fill_and_submit_issue_form,Success,True
1610581589741,1672,selenium_create_issue,Success,True
.test_1_selenium_create_issue,Total:79 Passed:79 Failed:0
1610581590421,664,selenium_edit_issue:open_edit_issue_form,Success,True
1610581591220,528,selenium_edit_issue:save_edit_issue_form,Success,True
1610581591220,1464,selenium_edit_issue,Success,True
.test_1_selenium_edit_issue,Total:80 Passed:80 Failed:0
1610581591574,352,selenium_save_comment:open_comment_form,Success,True
1610581592468,745,selenium_save_comment:submit_form,Success,True
1610581592468,1246,selenium_save_comment,Success,True
.test_1_selenium_save_comment,Total:81 Passed:81 Failed:0
1610581593536,1066,selenium_search_jql,Success,True
.test_1_selenium_search_jql,Total:82 Passed:82 Failed:0
1610581593975,437,selenium_view_scrum_board_backlog,Success,True
.test_1_selenium_view_backlog_for_scrum_board,Total:83 Passed:83 Failed:0
1610581595010,1033,selenium_view_scrum_board,Success,True
.test_1_selenium_view_scrum_board,Total:84 Passed:84 Failed:0
1610581596633,1622,selenium_view_kanban_board,Success,True
.test_1_selenium_view_kanban_board,Total:85 Passed:85 Failed:0
1610581597045,410,selenium_view_dashboard,Success,True
.test_1_selenium_view_dashboard,Total:86 Passed:86 Failed:0
1610581597579,532,selenium_view_issue,Success,True
.test_1_selenium_view_issue,Total:87 Passed:87 Failed:0
1610581598015,434,selenium_project_summary,Success,True
.test_1_selenium_view_project_summary,Total:88 Passed:88 Failed:0
1610581598656,639,selenium_app_custom_action:view_issue,Success,True
1610581598656,639,selenium_app_custom_action,Success,True
.test_1_selenium_custom_action,Total:89 Passed:89 Failed:0
1610581598992,333,selenium_log_out,Success,True
.test_2_selenium_z_log_out,Total:90 Passed:90 Failed:0


=============================== warnings summary ===============================
../../usr/local/lib/python3.8/dist-packages/_pytest/config/__init__.py:1114
  /usr/local/lib/python3.8/dist-packages/_pytest/config/__init__.py:1114: PytestAssertRewriteWarning: Module already imported so cannot be rewritten: apiritif
    self._mark_plugins_for_rewrite(hook)

-- Docs: https://docs.pytest.org/en/stable/warnings.html
======================== 15 passed, 1 warning in 12.09s ========================
============================= test session starts ==============================
platform linux -- Python 3.8.0, pytest-6.2.1, py-1.10.0, pluggy-0.13.1
rootdir: /dc-app-performance-toolkit/app
plugins: apiritif-0.9.5
collected 15 items

selenium_ui/jira_ui.py get driver from global
1610581599144,104,selenium_login:open_login_page,Success,True
1610581599585,440,selenium_login:login_and_view_dashboard,Success,True
1610581599585,544,selenium_login,Success,True
.test_0_selenium_a_login,Total:91 Passed:91 Failed:0
1610581599984,383,selenium_browse_projects_list,Success,True
.test_1_selenium_browse_projects_list,Total:92 Passed:92 Failed:0
1610581600231,246,selenium_browse_boards_list,Success,True
.test_1_selenium_browse_boards_list,Total:93 Passed:93 Failed:0
1610581600921,682,selenium_create_issue:open_quick_create,Success,True
1610581602037,602,selenium_create_issue:fill_and_submit_issue_form:submit_issue_form,Success,True
1610581602037,1115,selenium_create_issue:fill_and_submit_issue_form,Success,True
1610581602037,1798,selenium_create_issue,Success,True
.test_1_selenium_create_issue,Total:94 Passed:94 Failed:0
1610581602655,607,selenium_edit_issue:open_edit_issue_form,Success,True
1610581603454,545,selenium_edit_issue:save_edit_issue_form,Success,True
1610581603454,1406,selenium_edit_issue,Success,True
.test_1_selenium_edit_issue,Total:95 Passed:95 Failed:0
1610581603822,366,selenium_save_comment:open_comment_form,Success,True
1610581604778,780,selenium_save_comment:submit_form,Success,True
1610581604778,1322,selenium_save_comment,Success,True
.test_1_selenium_save_comment,Total:96 Passed:96 Failed:0
1610581605935,1155,selenium_search_jql,Success,True
.test_1_selenium_search_jql,Total:97 Passed:97 Failed:0
1610581606515,579,selenium_view_scrum_board_backlog,Success,True
.test_1_selenium_view_backlog_for_scrum_board,Total:98 Passed:98 Failed:0
1610581606908,391,selenium_view_scrum_board,Success,True
.test_1_selenium_view_scrum_board,Total:99 Passed:99 Failed:0
1610581608319,1410,selenium_view_kanban_board,Success,True
.test_1_selenium_view_kanban_board,Total:100 Passed:100 Failed:0
1610581608721,400,selenium_view_dashboard,Success,True
.test_1_selenium_view_dashboard,Total:101 Passed:101 Failed:0
1610581609344,622,selenium_view_issue,Success,True
.test_1_selenium_view_issue,Total:102 Passed:102 Failed:0
1610581609821,475,selenium_project_summary,Success,True
.test_1_selenium_view_project_summary,Total:103 Passed:103 Failed:0
1610581610245,422,selenium_app_custom_action:view_issue,Success,True
1610581610245,422,selenium_app_custom_action,Success,True
.test_1_selenium_custom_action,Total:104 Passed:104 Failed:0
1610581610546,299,selenium_log_out,Success,True
.test_2_selenium_z_log_out,Total:105 Passed:105 Failed:0


=============================== warnings summary ===============================
../../usr/local/lib/python3.8/dist-packages/_pytest/config/__init__.py:1114
  /usr/local/lib/python3.8/dist-packages/_pytest/config/__init__.py:1114: PytestAssertRewriteWarning: Module already imported so cannot be rewritten: apiritif
    self._mark_plugins_for_rewrite(hook)

-- Docs: https://docs.pytest.org/en/stable/warnings.html
======================== 15 passed, 1 warning in 11.51s ========================
============================= test session starts ==============================
platform linux -- Python 3.8.0, pytest-6.2.1, py-1.10.0, pluggy-0.13.1
rootdir: /dc-app-performance-toolkit/app
plugins: apiritif-0.9.5
collected 15 items

selenium_ui/jira_ui.py get driver from global
1610581610685,89,selenium_login:open_login_page,Success,True
1610581611140,454,selenium_login:login_and_view_dashboard,Success,True
1610581611140,545,selenium_login,Success,True
.test_0_selenium_a_login,Total:106 Passed:106 Failed:0
1610581611523,365,selenium_browse_projects_list,Success,True
.test_1_selenium_browse_projects_list,Total:107 Passed:107 Failed:0
1610581611772,247,selenium_browse_boards_list,Success,True
.test_1_selenium_browse_boards_list,Total:108 Passed:108 Failed:0
1610581612431,650,selenium_create_issue:open_quick_create,Success,True
1610581613506,596,selenium_create_issue:fill_and_submit_issue_form:submit_issue_form,Success,True
1610581613506,1074,selenium_create_issue:fill_and_submit_issue_form,Success,True
1610581613506,1724,selenium_create_issue,Success,True
.test_1_selenium_create_issue,Total:109 Passed:109 Failed:0
1610581614137,619,selenium_edit_issue:open_edit_issue_form,Success,True
1610581614890,504,selenium_edit_issue:save_edit_issue_form,Success,True
1610581614890,1372,selenium_edit_issue,Success,True
.test_1_selenium_edit_issue,Total:110 Passed:110 Failed:0
1610581615314,422,selenium_save_comment:open_comment_form,Success,True
1610581616055,640,selenium_save_comment:submit_form,Success,True
1610581616055,1163,selenium_save_comment,Success,True
.test_1_selenium_save_comment,Total:111 Passed:111 Failed:0
1610581617106,1049,selenium_search_jql,Success,True
.test_1_selenium_search_jql,Total:112 Passed:112 Failed:0
1610581617570,463,selenium_view_scrum_board_backlog,Success,True
.test_1_selenium_view_backlog_for_scrum_board,Total:113 Passed:113 Failed:0
1610581618532,960,selenium_view_scrum_board,Success,True
.test_1_selenium_view_scrum_board,Total:114 Passed:114 Failed:0
1610581620331,1797,selenium_view_kanban_board,Success,True
.test_1_selenium_view_kanban_board,Total:115 Passed:115 Failed:0
1610581620791,458,selenium_view_dashboard,Success,True
.test_1_selenium_view_dashboard,Total:116 Passed:116 Failed:0
1610581621381,588,selenium_view_issue,Success,True
.test_1_selenium_view_issue,Total:117 Passed:117 Failed:0
1610581621865,482,selenium_project_summary,Success,True
.test_1_selenium_view_project_summary,Total:118 Passed:118 Failed:0
1610581622339,473,selenium_app_custom_action:view_issue,Success,True
1610581622339,473,selenium_app_custom_action,Success,True
.test_1_selenium_custom_action,Total:119 Passed:119 Failed:0
1610581622649,308,selenium_log_out,Success,True
.test_2_selenium_z_log_out,Total:120 Passed:120 Failed:0


=============================== warnings summary ===============================
../../usr/local/lib/python3.8/dist-packages/_pytest/config/__init__.py:1114
  /usr/local/lib/python3.8/dist-packages/_pytest/config/__init__.py:1114: PytestAssertRewriteWarning: Module already imported so cannot be rewritten: apiritif
    self._mark_plugins_for_rewrite(hook)

-- Docs: https://docs.pytest.org/en/stable/warnings.html
======================== 15 passed, 1 warning in 12.06s ========================
============================= test session starts ==============================
platform linux -- Python 3.8.0, pytest-6.2.1, py-1.10.0, pluggy-0.13.1
rootdir: /dc-app-performance-toolkit/app
plugins: apiritif-0.9.5
collected 15 items

selenium_ui/jira_ui.py get driver from global
1610581622800,100,selenium_login:open_login_page,Success,True
1610581623260,459,selenium_login:login_and_view_dashboard,Success,True
1610581623261,561,selenium_login,Success,True
.test_0_selenium_a_login,Total:121 Passed:121 Failed:0
1610581623637,361,selenium_browse_projects_list,Success,True
.test_1_selenium_browse_projects_list,Total:122 Passed:122 Failed:0
1610581623883,245,selenium_browse_boards_list,Success,True
.test_1_selenium_browse_boards_list,Total:123 Passed:123 Failed:0
1610581624593,701,selenium_create_issue:open_quick_create,Success,True
1610581625692,600,selenium_create_issue:fill_and_submit_issue_form:submit_issue_form,Success,True
1610581625692,1099,selenium_create_issue:fill_and_submit_issue_form,Success,True
1610581625692,1801,selenium_create_issue,Success,True
.test_1_selenium_create_issue,Total:124 Passed:124 Failed:0
1610581626307,601,selenium_edit_issue:open_edit_issue_form,Success,True
1610581627189,617,selenium_edit_issue:save_edit_issue_form,Success,True
1610581627189,1484,selenium_edit_issue,Success,True
.test_1_selenium_edit_issue,Total:125 Passed:125 Failed:0
1610581627488,296,selenium_save_comment:open_comment_form,Success,True
1610581628431,806,selenium_save_comment:submit_form,Success,True
1610581628431,1240,selenium_save_comment,Success,True
.test_1_selenium_save_comment,Total:126 Passed:126 Failed:0
1610581629474,1041,selenium_search_jql,Success,True
.test_1_selenium_search_jql,Total:127 Passed:127 Failed:0
1610581630023,548,selenium_view_scrum_board_backlog,Success,True
.test_1_selenium_view_backlog_for_scrum_board,Total:128 Passed:128 Failed:0
1610581630441,416,selenium_view_scrum_board,Success,True
.test_1_selenium_view_scrum_board,Total:129 Passed:129 Failed:0
1610581631788,1346,selenium_view_kanban_board,Success,True
.test_1_selenium_view_kanban_board,Total:130 Passed:130 Failed:0
1610581632138,348,selenium_view_dashboard,Success,True
.test_1_selenium_view_dashboard,Total:131 Passed:131 Failed:0
1610581632700,560,selenium_view_issue,Success,True
.test_1_selenium_view_issue,Total:132 Passed:132 Failed:0
1610581633234,532,selenium_project_summary,Success,True
.test_1_selenium_view_project_summary,Total:133 Passed:133 Failed:0
1610581633691,455,selenium_app_custom_action:view_issue,Success,True
1610581633691,455,selenium_app_custom_action,Success,True
.test_1_selenium_custom_action,Total:134 Passed:134 Failed:0
1610581633990,297,selenium_log_out,Success,True
.test_2_selenium_z_log_out,Total:135 Passed:135 Failed:0


=============================== warnings summary ===============================
../../usr/local/lib/python3.8/dist-packages/_pytest/config/__init__.py:1114
  /usr/local/lib/python3.8/dist-packages/_pytest/config/__init__.py:1114: PytestAssertRewriteWarning: Module already imported so cannot be rewritten: apiritif
    self._mark_plugins_for_rewrite(hook)

-- Docs: https://docs.pytest.org/en/stable/warnings.html
======================== 15 passed, 1 warning in 11.30s ========================
============================= test session starts ==============================
platform linux -- Python 3.8.0, pytest-6.2.1, py-1.10.0, pluggy-0.13.1
rootdir: /dc-app-performance-toolkit/app
plugins: apiritif-0.9.5
collected 15 items

selenium_ui/jira_ui.py get driver from global
1610581634132,94,selenium_login:open_login_page,Success,True
1610581634604,471,selenium_login:login_and_view_dashboard,Success,True
1610581634604,565,selenium_login,Success,True
.test_0_selenium_a_login,Total:136 Passed:136 Failed:0
1610581634925,310,selenium_browse_projects_list,Success,True
.test_1_selenium_browse_projects_list,Total:137 Passed:137 Failed:0
1610581635192,266,selenium_browse_boards_list,Success,True
.test_1_selenium_browse_boards_list,Total:138 Passed:138 Failed:0
1610581635836,634,selenium_create_issue:open_quick_create,Success,True
1610581636988,595,selenium_create_issue:fill_and_submit_issue_form:submit_issue_form,Success,True
1610581636988,1152,selenium_create_issue:fill_and_submit_issue_form,Success,True
1610581636988,1786,selenium_create_issue,Success,True
.test_1_selenium_create_issue,Total:139 Passed:139 Failed:0
1610581637594,594,selenium_edit_issue:open_edit_issue_form,Success,True
1610581638353,523,selenium_edit_issue:save_edit_issue_form,Success,True
1610581638353,1354,selenium_edit_issue,Success,True
.test_1_selenium_edit_issue,Total:140 Passed:140 Failed:0
1610581638722,367,selenium_save_comment:open_comment_form,Success,True
1610581639665,801,selenium_save_comment:submit_form,Success,True
1610581639665,1310,selenium_save_comment,Success,True
.test_1_selenium_save_comment,Total:141 Passed:141 Failed:0
1610581640745,1078,selenium_search_jql,Success,True
.test_1_selenium_search_jql,Total:142 Passed:142 Failed:0
1610581641175,428,selenium_view_scrum_board_backlog,Success,True
.test_1_selenium_view_backlog_for_scrum_board,Total:143 Passed:143 Failed:0
1610581642197,1021,selenium_view_scrum_board,Success,True
.test_1_selenium_view_scrum_board,Total:144 Passed:144 Failed:0
1610581643826,1627,selenium_view_kanban_board,Success,True
.test_1_selenium_view_kanban_board,Total:145 Passed:145 Failed:0
1610581644247,419,selenium_view_dashboard,Success,True
.test_1_selenium_view_dashboard,Total:146 Passed:146 Failed:0
1610581644869,620,selenium_view_issue,Success,True
.test_1_selenium_view_issue,Total:147 Passed:147 Failed:0
1610581645294,423,selenium_project_summary,Success,True
.test_1_selenium_view_project_summary,Total:148 Passed:148 Failed:0
1610581645706,410,selenium_app_custom_action:view_issue,Success,True
1610581645706,410,selenium_app_custom_action,Success,True
.test_1_selenium_custom_action,Total:149 Passed:149 Failed:0
1610581646055,347,selenium_log_out,Success,True
.test_2_selenium_z_log_out,Total:150 Passed:150 Failed:0


=============================== warnings summary ===============================
../../usr/local/lib/python3.8/dist-packages/_pytest/config/__init__.py:1114
  /usr/local/lib/python3.8/dist-packages/_pytest/config/__init__.py:1114: PytestAssertRewriteWarning: Module already imported so cannot be rewritten: apiritif
    self._mark_plugins_for_rewrite(hook)

-- Docs: https://docs.pytest.org/en/stable/warnings.html
======================== 15 passed, 1 warning in 12.03s ========================
============================= test session starts ==============================
platform linux -- Python 3.8.0, pytest-6.2.1, py-1.10.0, pluggy-0.13.1
rootdir: /dc-app-performance-toolkit/app
plugins: apiritif-0.9.5
collected 15 items

selenium_ui/jira_ui.py get driver from global
1610581646232,105,selenium_login:open_login_page,Success,True
1610581646696,463,selenium_login:login_and_view_dashboard,Success,True
1610581646696,569,selenium_login,Success,True
.test_0_selenium_a_login,Total:151 Passed:151 Failed:0
1610581647023,317,selenium_browse_projects_list,Success,True
.test_1_selenium_browse_projects_list,Total:152 Passed:152 Failed:0
1610581647269,245,selenium_browse_boards_list,Success,True
.test_1_selenium_browse_boards_list,Total:153 Passed:153 Failed:0
1610581647962,684,selenium_create_issue:open_quick_create,Success,True
1610581649063,596,selenium_create_issue:fill_and_submit_issue_form:submit_issue_form,Success,True
1610581649063,1101,selenium_create_issue:fill_and_submit_issue_form,Success,True
1610581649063,1785,selenium_create_issue,Success,True
.test_1_selenium_create_issue,Total:154 Passed:154 Failed:0
1610581649641,566,selenium_edit_issue:open_edit_issue_form,Success,True
1610581650502,525,selenium_edit_issue:save_edit_issue_form,Success,True
1610581650502,1427,selenium_edit_issue,Success,True
.test_1_selenium_edit_issue,Total:155 Passed:155 Failed:0
1610581650852,348,selenium_save_comment:open_comment_form,Success,True
1610581651685,700,selenium_save_comment:submit_form,Success,True
1610581651685,1181,selenium_save_comment,Success,True
.test_1_selenium_save_comment,Total:156 Passed:156 Failed:0
1610581652736,1049,selenium_search_jql,Success,True
.test_1_selenium_search_jql,Total:157 Passed:157 Failed:0
1610581653283,545,selenium_view_scrum_board_backlog,Success,True
.test_1_selenium_view_backlog_for_scrum_board,Total:158 Passed:158 Failed:0
1610581653713,428,selenium_view_scrum_board,Success,True
.test_1_selenium_view_scrum_board,Total:159 Passed:159 Failed:0
1610581655194,1480,selenium_view_kanban_board,Success,True
.test_1_selenium_view_kanban_board,Total:160 Passed:160 Failed:0
1610581655667,470,selenium_view_dashboard,Success,True
.test_1_selenium_view_dashboard,Total:161 Passed:161 Failed:0
1610581656310,641,selenium_view_issue,Success,True
.test_1_selenium_view_issue,Total:162 Passed:162 Failed:0
1610581656690,379,selenium_project_summary,Success,True
.test_1_selenium_view_project_summary,Total:163 Passed:163 Failed:0
1610581657123,432,selenium_app_custom_action:view_issue,Success,True
1610581657123,432,selenium_app_custom_action,Success,True
.test_1_selenium_custom_action,Total:164 Passed:164 Failed:0
1610581657468,343,selenium_log_out,Success,True
.test_2_selenium_z_log_out,Total:165 Passed:165 Failed:0


=============================== warnings summary ===============================
../../usr/local/lib/python3.8/dist-packages/_pytest/config/__init__.py:1114
  /usr/local/lib/python3.8/dist-packages/_pytest/config/__init__.py:1114: PytestAssertRewriteWarning: Module already imported so cannot be rewritten: apiritif
    self._mark_plugins_for_rewrite(hook)

-- Docs: https://docs.pytest.org/en/stable/warnings.html
======================== 15 passed, 1 warning in 11.35s ========================
============================= test session starts ==============================
platform linux -- Python 3.8.0, pytest-6.2.1, py-1.10.0, pluggy-0.13.1
rootdir: /dc-app-performance-toolkit/app
plugins: apiritif-0.9.5
collected 15 items

selenium_ui/jira_ui.py get driver from global
1610581657618,99,selenium_login:open_login_page,Success,True
1610581658031,412,selenium_login:login_and_view_dashboard,Success,True
1610581658031,512,selenium_login,Success,True
.test_0_selenium_a_login,Total:166 Passed:166 Failed:0
1610581658375,331,selenium_browse_projects_list,Success,True
.test_1_selenium_browse_projects_list,Total:167 Passed:167 Failed:0
1610581659152,775,selenium_browse_boards_list,Success,True
.test_1_selenium_browse_boards_list,Total:168 Passed:168 Failed:0
1610581659833,672,selenium_create_issue:open_quick_create,Success,True
1610581660928,599,selenium_create_issue:fill_and_submit_issue_form:submit_issue_form,Success,True
1610581660928,1094,selenium_create_issue:fill_and_submit_issue_form,Success,True
1610581660928,1766,selenium_create_issue,Success,True
.test_1_selenium_create_issue,Total:169 Passed:169 Failed:0
1610581661505,565,selenium_edit_issue:open_edit_issue_form,Success,True
1610581662354,546,selenium_edit_issue:save_edit_issue_form,Success,True
1610581662354,1415,selenium_edit_issue,Success,True
.test_1_selenium_edit_issue,Total:170 Passed:170 Failed:0
1610581662675,319,selenium_save_comment:open_comment_form,Success,True
1610581663564,727,selenium_save_comment:submit_form,Success,True
1610581663564,1208,selenium_save_comment,Success,True
.test_1_selenium_save_comment,Total:171 Passed:171 Failed:0
1610581664674,1108,selenium_search_jql,Success,True
.test_1_selenium_search_jql,Total:172 Passed:172 Failed:0
1610581665392,716,selenium_view_scrum_board_backlog,Success,True
.test_1_selenium_view_backlog_for_scrum_board,Total:173 Passed:173 Failed:0
1610581666358,965,selenium_view_scrum_board,Success,True
.test_1_selenium_view_scrum_board,Total:174 Passed:174 Failed:0
1610581668114,1754,selenium_view_kanban_board,Success,True
.test_1_selenium_view_kanban_board,Total:175 Passed:175 Failed:0
1610581668339,224,selenium_view_dashboard,Success,True
.test_1_selenium_view_dashboard,Total:176 Passed:176 Failed:0
1610581668946,604,selenium_view_issue,Success,True
.test_1_selenium_view_issue,Total:177 Passed:177 Failed:0
1610581669375,428,selenium_project_summary,Success,True
.test_1_selenium_view_project_summary,Total:178 Passed:178 Failed:0
1610581669849,472,selenium_app_custom_action:view_issue,Success,True
1610581669849,472,selenium_app_custom_action,Success,True
.test_1_selenium_custom_action,Total:179 Passed:179 Failed:0
1610581670165,314,selenium_log_out,Success,True
.test_2_selenium_z_log_out,Total:180 Passed:180 Failed:0


=============================== warnings summary ===============================
../../usr/local/lib/python3.8/dist-packages/_pytest/config/__init__.py:1114
  /usr/local/lib/python3.8/dist-packages/_pytest/config/__init__.py:1114: PytestAssertRewriteWarning: Module already imported so cannot be rewritten: apiritif
    self._mark_plugins_for_rewrite(hook)

-- Docs: https://docs.pytest.org/en/stable/warnings.html
======================== 15 passed, 1 warning in 12.66s ========================
============================= test session starts ==============================
platform linux -- Python 3.8.0, pytest-6.2.1, py-1.10.0, pluggy-0.13.1
rootdir: /dc-app-performance-toolkit/app
plugins: apiritif-0.9.5
collected 15 items

selenium_ui/jira_ui.py get driver from global
1610581670327,101,selenium_login:open_login_page,Success,True
1610581671550,1223,selenium_login:login_and_view_dashboard,Success,True
1610581671550,1324,selenium_login,Success,True
.test_0_selenium_a_login,Total:181 Passed:181 Failed:0
1610581671900,313,selenium_browse_projects_list,Success,True
.test_1_selenium_browse_projects_list,Total:182 Passed:182 Failed:0
1610581672156,254,selenium_browse_boards_list,Success,True
.test_1_selenium_browse_boards_list,Total:183 Passed:183 Failed:0
1610581672846,681,selenium_create_issue:open_quick_create,Success,True
1610581673935,600,selenium_create_issue:fill_and_submit_issue_form:submit_issue_form,Success,True
1610581673935,1089,selenium_create_issue:fill_and_submit_issue_form,Success,True
1610581673935,1770,selenium_create_issue,Success,True
.test_1_selenium_create_issue,Total:184 Passed:184 Failed:0
1610581674542,596,selenium_edit_issue:open_edit_issue_form,Success,True
1610581675329,532,selenium_edit_issue:save_edit_issue_form,Success,True
1610581675329,1383,selenium_edit_issue,Success,True
.test_1_selenium_edit_issue,Total:185 Passed:185 Failed:0
1610581675614,283,selenium_save_comment:open_comment_form,Success,True
1610581676689,915,selenium_save_comment:submit_form,Success,True
1610581676689,1359,selenium_save_comment,Success,True
.test_1_selenium_save_comment,Total:186 Passed:186 Failed:0
1610581677828,1136,selenium_search_jql,Success,True
.test_1_selenium_search_jql,Total:187 Passed:187 Failed:0
1610581678378,548,selenium_view_scrum_board_backlog,Success,True
.test_1_selenium_view_backlog_for_scrum_board,Total:188 Passed:188 Failed:0
1610581678781,402,selenium_view_scrum_board,Success,True
.test_1_selenium_view_scrum_board,Total:189 Passed:189 Failed:0
1610581680674,1891,selenium_view_kanban_board,Success,True
.test_1_selenium_view_kanban_board,Total:190 Passed:190 Failed:0
1610581681113,437,selenium_view_dashboard,Success,True
.test_1_selenium_view_dashboard,Total:191 Passed:191 Failed:0
1610581681658,544,selenium_view_issue,Success,True
.test_1_selenium_view_issue,Total:192 Passed:192 Failed:0
1610581682158,497,selenium_project_summary,Success,True
.test_1_selenium_view_project_summary,Total:193 Passed:193 Failed:0
1610581682660,500,selenium_app_custom_action:view_issue,Success,True
1610581682660,500,selenium_app_custom_action,Success,True
.test_1_selenium_custom_action,Total:194 Passed:194 Failed:0
1610581683034,372,selenium_log_out,Success,True
.test_2_selenium_z_log_out,Total:195 Passed:195 Failed:0


=============================== warnings summary ===============================
../../usr/local/lib/python3.8/dist-packages/_pytest/config/__init__.py:1114
  /usr/local/lib/python3.8/dist-packages/_pytest/config/__init__.py:1114: PytestAssertRewriteWarning: Module already imported so cannot be rewritten: apiritif
    self._mark_plugins_for_rewrite(hook)

-- Docs: https://docs.pytest.org/en/stable/warnings.html
======================== 15 passed, 1 warning in 12.82s ========================
============================= test session starts ==============================
platform linux -- Python 3.8.0, pytest-6.2.1, py-1.10.0, pluggy-0.13.1
rootdir: /dc-app-performance-toolkit/app
plugins: apiritif-0.9.5
collected 15 items

selenium_ui/jira_ui.py get driver from global
1610581683180,96,selenium_login:open_login_page,Success,True
1610581683670,490,selenium_login:login_and_view_dashboard,Success,True
1610581683670,586,selenium_login,Success,True
.test_0_selenium_a_login,Total:196 Passed:196 Failed:0
1610581683999,315,selenium_browse_projects_list,Success,True
.test_1_selenium_browse_projects_list,Total:197 Passed:197 Failed:0
1610581684265,265,selenium_browse_boards_list,Success,True
.test_1_selenium_browse_boards_list,Total:198 Passed:198 Failed:0
1610581684919,644,selenium_create_issue:open_quick_create,Success,True
1610581686126,643,selenium_create_issue:fill_and_submit_issue_form:submit_issue_form,Success,True
1610581686126,1207,selenium_create_issue:fill_and_submit_issue_form,Success,True
1610581686126,1851,selenium_create_issue,Success,True
.test_1_selenium_create_issue,Total:199 Passed:199 Failed:0
1610581686772,633,selenium_edit_issue:open_edit_issue_form,Success,True
1610581687668,640,selenium_edit_issue:save_edit_issue_form,Success,True
1610581687668,1530,selenium_edit_issue,Success,True
.test_1_selenium_edit_issue,Total:200 Passed:200 Failed:0
1610581687967,297,selenium_save_comment:open_comment_form,Success,True
1610581689015,910,selenium_save_comment:submit_form,Success,True
1610581689015,1345,selenium_save_comment,Success,True
.test_1_selenium_save_comment,Total:201 Passed:201 Failed:0
1610581690085,1068,selenium_search_jql,Success,True
.test_1_selenium_search_jql,Total:202 Passed:202 Failed:0
1610581690665,578,selenium_view_scrum_board_backlog,Success,True
.test_1_selenium_view_backlog_for_scrum_board,Total:203 Passed:203 Failed:0
1610581691108,442,selenium_view_scrum_board,Success,True
.test_1_selenium_view_scrum_board,Total:204 Passed:204 Failed:0
1610581692721,1611,selenium_view_kanban_board,Success,True
.test_1_selenium_view_kanban_board,Total:205 Passed:205 Failed:0
1610581693247,525,selenium_view_dashboard,Success,True
.test_1_selenium_view_dashboard,Total:206 Passed:206 Failed:0
1610581693902,653,selenium_view_issue,Success,True
.test_1_selenium_view_issue,Total:207 Passed:207 Failed:0
1610581694337,433,selenium_project_summary,Success,True
.test_1_selenium_view_project_summary,Total:208 Passed:208 Failed:0
1610581694803,464,selenium_app_custom_action:view_issue,Success,True
1610581694803,465,selenium_app_custom_action,Success,True
.test_1_selenium_custom_action,Total:209 Passed:209 Failed:0
1610581695112,308,selenium_log_out,Success,True
.test_2_selenium_z_log_out,Total:210 Passed:210 Failed:0


=============================== warnings summary ===============================
../../usr/local/lib/python3.8/dist-packages/_pytest/config/__init__.py:1114
  /usr/local/lib/python3.8/dist-packages/_pytest/config/__init__.py:1114: PytestAssertRewriteWarning: Module already imported so cannot be rewritten: apiritif
    self._mark_plugins_for_rewrite(hook)

-- Docs: https://docs.pytest.org/en/stable/warnings.html
======================== 15 passed, 1 warning in 12.04s ========================
============================= test session starts ==============================
platform linux -- Python 3.8.0, pytest-6.2.1, py-1.10.0, pluggy-0.13.1
rootdir: /dc-app-performance-toolkit/app
plugins: apiritif-0.9.5
collected 15 items

selenium_ui/jira_ui.py get driver from global
1610581695263,101,selenium_login:open_login_page,Success,True
1610581695722,458,selenium_login:login_and_view_dashboard,Success,True
1610581695722,560,selenium_login,Success,True
.test_0_selenium_a_login,Total:211 Passed:211 Failed:0
1610581696119,383,selenium_browse_projects_list,Success,True
.test_1_selenium_browse_projects_list,Total:212 Passed:212 Failed:0
1610581696839,719,selenium_browse_boards_list,Success,True
.test_1_selenium_browse_boards_list,Total:213 Passed:213 Failed:0
1610581697523,675,selenium_create_issue:open_quick_create,Success,True
1610581698613,600,selenium_create_issue:fill_and_submit_issue_form:submit_issue_form,Success,True
1610581698613,1089,selenium_create_issue:fill_and_submit_issue_form,Success,True
1610581698613,1765,selenium_create_issue,Success,True
.test_1_selenium_create_issue,Total:214 Passed:214 Failed:0
1610581699242,615,selenium_edit_issue:open_edit_issue_form,Success,True
1610581700012,520,selenium_edit_issue:save_edit_issue_form,Success,True
1610581700012,1385,selenium_edit_issue,Success,True
.test_1_selenium_edit_issue,Total:215 Passed:215 Failed:0
1610581700333,319,selenium_save_comment:open_comment_form,Success,True
1610581701353,859,selenium_save_comment:submit_form,Success,True
1610581701353,1340,selenium_save_comment,Success,True
.test_1_selenium_save_comment,Total:216 Passed:216 Failed:0
1610581702436,1081,selenium_search_jql,Success,True
.test_1_selenium_search_jql,Total:217 Passed:217 Failed:0
1610581703006,569,selenium_view_scrum_board_backlog,Success,True
.test_1_selenium_view_backlog_for_scrum_board,Total:218 Passed:218 Failed:0
1610581703443,435,selenium_view_scrum_board,Success,True
.test_1_selenium_view_scrum_board,Total:219 Passed:219 Failed:0
1610581705266,1821,selenium_view_kanban_board,Success,True
.test_1_selenium_view_kanban_board,Total:220 Passed:220 Failed:0
1610581705707,440,selenium_view_dashboard,Success,True
.test_1_selenium_view_dashboard,Total:221 Passed:221 Failed:0
1610581706393,684,selenium_view_issue,Success,True
.test_1_selenium_view_issue,Total:222 Passed:222 Failed:0
1610581706854,460,selenium_project_summary,Success,True
.test_1_selenium_view_project_summary,Total:223 Passed:223 Failed:0
1610581707360,504,selenium_app_custom_action:view_issue,Success,True
1610581707360,504,selenium_app_custom_action,Success,True
.test_1_selenium_custom_action,Total:224 Passed:224 Failed:0
1610581707669,307,selenium_log_out,Success,True
.test_2_selenium_z_log_out,Total:225 Passed:225 Failed:0


=============================== warnings summary ===============================
../../usr/local/lib/python3.8/dist-packages/_pytest/config/__init__.py:1114
  /usr/local/lib/python3.8/dist-packages/_pytest/config/__init__.py:1114: PytestAssertRewriteWarning: Module already imported so cannot be rewritten: apiritif
    self._mark_plugins_for_rewrite(hook)

-- Docs: https://docs.pytest.org/en/stable/warnings.html
======================== 15 passed, 1 warning in 12.52s ========================
============================= test session starts ==============================
platform linux -- Python 3.8.0, pytest-6.2.1, py-1.10.0, pluggy-0.13.1
rootdir: /dc-app-performance-toolkit/app
plugins: apiritif-0.9.5
collected 15 items

selenium_ui/jira_ui.py get driver from global
1610581707815,92,selenium_login:open_login_page,Success,True
1610581708314,499,selenium_login:login_and_view_dashboard,Success,True
1610581708314,592,selenium_login,Success,True
.test_0_selenium_a_login,Total:226 Passed:226 Failed:0
1610581708654,324,selenium_browse_projects_list,Success,True
.test_1_selenium_browse_projects_list,Total:227 Passed:227 Failed:0
1610581709410,754,selenium_browse_boards_list,Success,True
.test_1_selenium_browse_boards_list,Total:228 Passed:228 Failed:0
1610581710056,637,selenium_create_issue:open_quick_create,Success,True
1610581711074,596,selenium_create_issue:fill_and_submit_issue_form:submit_issue_form,Success,True
1610581711074,1018,selenium_create_issue:fill_and_submit_issue_form,Success,True
1610581711074,1656,selenium_create_issue,Success,True
.test_1_selenium_create_issue,Total:229 Passed:229 Failed:0
1610581711695,606,selenium_edit_issue:open_edit_issue_form,Success,True
1610581712488,543,selenium_edit_issue:save_edit_issue_form,Success,True
1610581712488,1399,selenium_edit_issue,Success,True
.test_1_selenium_edit_issue,Total:230 Passed:230 Failed:0
1610581712816,326,selenium_save_comment:open_comment_form,Success,True
1610581713881,893,selenium_save_comment:submit_form,Success,True
1610581713881,1391,selenium_save_comment,Success,True
.test_1_selenium_save_comment,Total:231 Passed:231 Failed:0
1610581715058,1175,selenium_search_jql,Success,True
.test_1_selenium_search_jql,Total:232 Passed:232 Failed:0
1610581715617,557,selenium_view_scrum_board_backlog,Success,True
.test_1_selenium_view_backlog_for_scrum_board,Total:233 Passed:233 Failed:0
1610581716037,417,selenium_view_scrum_board,Success,True
.test_1_selenium_view_scrum_board,Total:234 Passed:234 Failed:0
1610581717790,1752,selenium_view_kanban_board,Success,True
.test_1_selenium_view_kanban_board,Total:235 Passed:235 Failed:0
1610581718024,232,selenium_view_dashboard,Success,True
.test_1_selenium_view_dashboard,Total:236 Passed:236 Failed:0
1610581718738,713,selenium_view_issue,Success,True
.test_1_selenium_view_issue,Total:237 Passed:237 Failed:0
1610581719143,403,selenium_project_summary,Success,True
.test_1_selenium_view_project_summary,Total:238 Passed:238 Failed:0
1610581719612,467,selenium_app_custom_action:view_issue,Success,True
1610581719612,467,selenium_app_custom_action,Success,True
.test_1_selenium_custom_action,Total:239 Passed:239 Failed:0
1610581719963,350,selenium_log_out,Success,True
.test_2_selenium_z_log_out,Total:240 Passed:240 Failed:0


=============================== warnings summary ===============================
../../usr/local/lib/python3.8/dist-packages/_pytest/config/__init__.py:1114
  /usr/local/lib/python3.8/dist-packages/_pytest/config/__init__.py:1114: PytestAssertRewriteWarning: Module already imported so cannot be rewritten: apiritif
    self._mark_plugins_for_rewrite(hook)

-- Docs: https://docs.pytest.org/en/stable/warnings.html
======================== 15 passed, 1 warning in 12.25s ========================
============================= test session starts ==============================
platform linux -- Python 3.8.0, pytest-6.2.1, py-1.10.0, pluggy-0.13.1
rootdir: /dc-app-performance-toolkit/app
plugins: apiritif-0.9.5
collected 15 items

selenium_ui/jira_ui.py get driver from global
1610581720116,101,selenium_login:open_login_page,Success,True
1610581720595,479,selenium_login:login_and_view_dashboard,Success,True
1610581720595,581,selenium_login,Success,True
.test_0_selenium_a_login,Total:241 Passed:241 Failed:0
1610581720913,305,selenium_browse_projects_list,Success,True
.test_1_selenium_browse_projects_list,Total:242 Passed:242 Failed:0
1610581721166,252,selenium_browse_boards_list,Success,True
.test_1_selenium_browse_boards_list,Total:243 Passed:243 Failed:0
1610581721854,680,selenium_create_issue:open_quick_create,Success,True
1610581723002,598,selenium_create_issue:fill_and_submit_issue_form:submit_issue_form,Success,True
1610581723003,1148,selenium_create_issue:fill_and_submit_issue_form,Success,True
1610581723003,1828,selenium_create_issue,Success,True
.test_1_selenium_create_issue,Total:244 Passed:244 Failed:0
1610581723685,671,selenium_edit_issue:open_edit_issue_form,Success,True
1610581724487,541,selenium_edit_issue:save_edit_issue_form,Success,True
1610581724487,1472,selenium_edit_issue,Success,True
.test_1_selenium_edit_issue,Total:245 Passed:245 Failed:0
1610581724827,338,selenium_save_comment:open_comment_form,Success,True
1610581725634,667,selenium_save_comment:submit_form,Success,True
1610581725634,1146,selenium_save_comment,Success,True
.test_1_selenium_save_comment,Total:246 Passed:246 Failed:0
1610581726745,1110,selenium_search_jql,Success,True
.test_1_selenium_search_jql,Total:247 Passed:247 Failed:0
1610581727205,458,selenium_view_scrum_board_backlog,Success,True
.test_1_selenium_view_backlog_for_scrum_board,Total:248 Passed:248 Failed:0
1610581728209,1002,selenium_view_scrum_board,Success,True
.test_1_selenium_view_scrum_board,Total:249 Passed:249 Failed:0
1610581729446,1235,selenium_view_kanban_board,Success,True
.test_1_selenium_view_kanban_board,Total:250 Passed:250 Failed:0
1610581729698,250,selenium_view_dashboard,Success,True
.test_1_selenium_view_dashboard,Total:251 Passed:251 Failed:0
1610581730231,531,selenium_view_issue,Success,True
.test_1_selenium_view_issue,Total:252 Passed:252 Failed:0
1610581730721,488,selenium_project_summary,Success,True
.test_1_selenium_view_project_summary,Total:253 Passed:253 Failed:0
1610581731177,454,selenium_app_custom_action:view_issue,Success,True
1610581731177,454,selenium_app_custom_action,Success,True
.test_1_selenium_custom_action,Total:254 Passed:254 Failed:0
1610581731509,330,selenium_log_out,Success,True
.test_2_selenium_z_log_out,Total:255 Passed:255 Failed:0


=============================== warnings summary ===============================
../../usr/local/lib/python3.8/dist-packages/_pytest/config/__init__.py:1114
  /usr/local/lib/python3.8/dist-packages/_pytest/config/__init__.py:1114: PytestAssertRewriteWarning: Module already imported so cannot be rewritten: apiritif
    self._mark_plugins_for_rewrite(hook)

-- Docs: https://docs.pytest.org/en/stable/warnings.html
======================== 15 passed, 1 warning in 11.50s ========================
============================= test session starts ==============================
platform linux -- Python 3.8.0, pytest-6.2.1, py-1.10.0, pluggy-0.13.1
rootdir: /dc-app-performance-toolkit/app
plugins: apiritif-0.9.5
collected 15 items

selenium_ui/jira_ui.py get driver from global
1610581731657,99,selenium_login:open_login_page,Success,True
1610581732120,463,selenium_login:login_and_view_dashboard,Success,True
1610581732121,562,selenium_login,Success,True
.test_0_selenium_a_login,Total:256 Passed:256 Failed:0
1610581732436,303,selenium_browse_projects_list,Success,True
.test_1_selenium_browse_projects_list,Total:257 Passed:257 Failed:0
1610581732686,248,selenium_browse_boards_list,Success,True
.test_1_selenium_browse_boards_list,Total:258 Passed:258 Failed:0
1610581733387,693,selenium_create_issue:open_quick_create,Success,True
1610581734503,599,selenium_create_issue:fill_and_submit_issue_form:submit_issue_form,Success,True
1610581734503,1115,selenium_create_issue:fill_and_submit_issue_form,Success,True
1610581734503,1809,selenium_create_issue,Success,True
.test_1_selenium_create_issue,Total:259 Passed:259 Failed:0
1610581735083,567,selenium_edit_issue:open_edit_issue_form,Success,True
1610581736012,602,selenium_edit_issue:save_edit_issue_form,Success,True
1610581736012,1497,selenium_edit_issue,Success,True
.test_1_selenium_edit_issue,Total:260 Passed:260 Failed:0
1610581736356,342,selenium_save_comment:open_comment_form,Success,True
1610581737220,724,selenium_save_comment:submit_form,Success,True
1610581737220,1207,selenium_save_comment,Success,True
.test_1_selenium_save_comment,Total:261 Passed:261 Failed:0
1610581738393,1172,selenium_search_jql,Success,True
.test_1_selenium_search_jql,Total:262 Passed:262 Failed:0
1610581738870,475,selenium_view_scrum_board_backlog,Success,True
.test_1_selenium_view_backlog_for_scrum_board,Total:263 Passed:263 Failed:0
1610581739816,944,selenium_view_scrum_board,Success,True
.test_1_selenium_view_scrum_board,Total:264 Passed:264 Failed:0
1610581741753,1935,selenium_view_kanban_board,Success,True
.test_1_selenium_view_kanban_board,Total:265 Passed:265 Failed:0
1610581742341,586,selenium_view_dashboard,Success,True
.test_1_selenium_view_dashboard,Total:266 Passed:266 Failed:0
1610581743125,781,selenium_view_issue,Success,True
.test_1_selenium_view_issue,Total:267 Passed:267 Failed:0
1610581743613,487,selenium_project_summary,Success,True
.test_1_selenium_view_project_summary,Total:268 Passed:268 Failed:0
1610581744134,520,selenium_app_custom_action:view_issue,Success,True
1610581744134,520,selenium_app_custom_action,Success,True
.test_1_selenium_custom_action,Total:269 Passed:269 Failed:0
1610581744437,301,selenium_log_out,Success,True
.test_2_selenium_z_log_out,Total:270 Passed:270 Failed:0


=============================== warnings summary ===============================
../../usr/local/lib/python3.8/dist-packages/_pytest/config/__init__.py:1114
  /usr/local/lib/python3.8/dist-packages/_pytest/config/__init__.py:1114: PytestAssertRewriteWarning: Module already imported so cannot be rewritten: apiritif
    self._mark_plugins_for_rewrite(hook)

-- Docs: https://docs.pytest.org/en/stable/warnings.html
======================== 15 passed, 1 warning in 12.89s ========================
============================= test session starts ==============================
platform linux -- Python 3.8.0, pytest-6.2.1, py-1.10.0, pluggy-0.13.1
rootdir: /dc-app-performance-toolkit/app
plugins: apiritif-0.9.5
collected 15 items

selenium_ui/jira_ui.py get driver from global
1610581744587,101,selenium_login:open_login_page,Success,True
1610581745190,602,selenium_login:login_and_view_dashboard,Success,True
1610581745190,703,selenium_login,Success,True
.test_0_selenium_a_login,Total:271 Passed:271 Failed:0
1610581745525,323,selenium_browse_projects_list,Success,True
.test_1_selenium_browse_projects_list,Total:272 Passed:272 Failed:0
1610581745784,257,selenium_browse_boards_list,Success,True
.test_1_selenium_browse_boards_list,Total:273 Passed:273 Failed:0
1610581746496,702,selenium_create_issue:open_quick_create,Success,True
1610581747641,598,selenium_create_issue:fill_and_submit_issue_form:submit_issue_form,Success,True
1610581747642,1145,selenium_create_issue:fill_and_submit_issue_form,Success,True
1610581747642,1848,selenium_create_issue,Success,True
.test_1_selenium_create_issue,Total:274 Passed:274 Failed:0
1610581748258,603,selenium_edit_issue:open_edit_issue_form,Success,True
1610581749198,637,selenium_edit_issue:save_edit_issue_form,Success,True
1610581749198,1543,selenium_edit_issue,Success,True
.test_1_selenium_edit_issue,Total:275 Passed:275 Failed:0
1610581749492,292,selenium_save_comment:open_comment_form,Success,True
1610581750354,730,selenium_save_comment:submit_form,Success,True
1610581750354,1154,selenium_save_comment,Success,True
.test_1_selenium_save_comment,Total:276 Passed:276 Failed:0
1610581751525,1169,selenium_search_jql,Success,True
.test_1_selenium_search_jql,Total:277 Passed:277 Failed:0
1610581752017,490,selenium_view_scrum_board_backlog,Success,True
.test_1_selenium_view_backlog_for_scrum_board,Total:278 Passed:278 Failed:0
1610581752999,980,selenium_view_scrum_board,Success,True
.test_1_selenium_view_scrum_board,Total:279 Passed:279 Failed:0
1610581754773,1773,selenium_view_kanban_board,Success,True
.test_1_selenium_view_kanban_board,Total:280 Passed:280 Failed:0
1610581755030,256,selenium_view_dashboard,Success,True
.test_1_selenium_view_dashboard,Total:281 Passed:281 Failed:0
1610581755689,657,selenium_view_issue,Success,True
.test_1_selenium_view_issue,Total:282 Passed:282 Failed:0
1610581756075,384,selenium_project_summary,Success,True
.test_1_selenium_view_project_summary,Total:283 Passed:283 Failed:0
1610581756535,459,selenium_app_custom_action:view_issue,Success,True
1610581756536,459,selenium_app_custom_action,Success,True
.test_1_selenium_custom_action,Total:284 Passed:284 Failed:0
1610581756889,352,selenium_log_out,Success,True
.test_2_selenium_z_log_out,Total:285 Passed:285 Failed:0


=============================== warnings summary ===============================
../../usr/local/lib/python3.8/dist-packages/_pytest/config/__init__.py:1114
  /usr/local/lib/python3.8/dist-packages/_pytest/config/__init__.py:1114: PytestAssertRewriteWarning: Module already imported so cannot be rewritten: apiritif
    self._mark_plugins_for_rewrite(hook)

-- Docs: https://docs.pytest.org/en/stable/warnings.html
======================== 15 passed, 1 warning in 12.41s ========================
============================= test session starts ==============================
platform linux -- Python 3.8.0, pytest-6.2.1, py-1.10.0, pluggy-0.13.1
rootdir: /dc-app-performance-toolkit/app
plugins: apiritif-0.9.5
collected 15 items

selenium_ui/jira_ui.py get driver from global
1610581757036,99,selenium_login:open_login_page,Success,True
1610581757507,470,selenium_login:login_and_view_dashboard,Success,True
1610581757507,570,selenium_login,Success,True
.test_0_selenium_a_login,Total:286 Passed:286 Failed:0
1610581757860,334,selenium_browse_projects_list,Success,True
.test_1_selenium_browse_projects_list,Total:287 Passed:287 Failed:0
1610581758113,252,selenium_browse_boards_list,Success,True
.test_1_selenium_browse_boards_list,Total:288 Passed:288 Failed:0
1610581758785,663,selenium_create_issue:open_quick_create,Success,True
1610581759841,601,selenium_create_issue:fill_and_submit_issue_form:submit_issue_form,Success,True
1610581759841,1055,selenium_create_issue:fill_and_submit_issue_form,Success,True
1610581759841,1719,selenium_create_issue,Success,True
.test_1_selenium_create_issue,Total:289 Passed:289 Failed:0
1610581760476,621,selenium_edit_issue:open_edit_issue_form,Success,True
1610581761330,599,selenium_edit_issue:save_edit_issue_form,Success,True
1610581761330,1475,selenium_edit_issue,Success,True
.test_1_selenium_edit_issue,Total:290 Passed:290 Failed:0
1610581761635,302,selenium_save_comment:open_comment_form,Success,True
1610581762481,713,selenium_save_comment:submit_form,Success,True
1610581762481,1149,selenium_save_comment,Success,True
.test_1_selenium_save_comment,Total:291 Passed:291 Failed:0
1610581763634,1151,selenium_search_jql,Success,True
.test_1_selenium_search_jql,Total:292 Passed:292 Failed:0
1610581764101,465,selenium_view_scrum_board_backlog,Success,True
.test_1_selenium_view_backlog_for_scrum_board,Total:293 Passed:293 Failed:0
1610581765059,956,selenium_view_scrum_board,Success,True
.test_1_selenium_view_scrum_board,Total:294 Passed:294 Failed:0
1610581766345,1283,selenium_view_kanban_board,Success,True
.test_1_selenium_view_kanban_board,Total:295 Passed:295 Failed:0
1610581766571,224,selenium_view_dashboard,Success,True
.test_1_selenium_view_dashboard,Total:296 Passed:296 Failed:0
1610581767200,628,selenium_view_issue,Success,True
.test_1_selenium_view_issue,Total:297 Passed:297 Failed:0
1610581767595,393,selenium_project_summary,Success,True
.test_1_selenium_view_project_summary,Total:298 Passed:298 Failed:0
1610581768023,426,selenium_app_custom_action:view_issue,Success,True
1610581768023,426,selenium_app_custom_action,Success,True
.test_1_selenium_custom_action,Total:299 Passed:299 Failed:0
1610581768324,299,selenium_log_out,Success,True
.test_2_selenium_z_log_out,Total:300 Passed:300 Failed:0


=============================== warnings summary ===============================
../../usr/local/lib/python3.8/dist-packages/_pytest/config/__init__.py:1114
  /usr/local/lib/python3.8/dist-packages/_pytest/config/__init__.py:1114: PytestAssertRewriteWarning: Module already imported so cannot be rewritten: apiritif
    self._mark_plugins_for_rewrite(hook)

-- Docs: https://docs.pytest.org/en/stable/warnings.html
======================== 15 passed, 1 warning in 11.40s ========================
============================= test session starts ==============================
platform linux -- Python 3.8.0, pytest-6.2.1, py-1.10.0, pluggy-0.13.1
rootdir: /dc-app-performance-toolkit/app
plugins: apiritif-0.9.5
collected 15 items

selenium_ui/jira_ui.py get driver from global
1610581768461,90,selenium_login:open_login_page,Success,True
1610581768903,441,selenium_login:login_and_view_dashboard,Success,True
1610581768903,531,selenium_login,Success,True
.test_0_selenium_a_login,Total:301 Passed:301 Failed:0
1610581769267,347,selenium_browse_projects_list,Success,True
.test_1_selenium_browse_projects_list,Total:302 Passed:302 Failed:0
1610581769995,725,selenium_browse_boards_list,Success,True
.test_1_selenium_browse_boards_list,Total:303 Passed:303 Failed:0
1610581770692,689,selenium_create_issue:open_quick_create,Success,True
1610581771803,602,selenium_create_issue:fill_and_submit_issue_form:submit_issue_form,Success,True
1610581771803,1110,selenium_create_issue:fill_and_submit_issue_form,Success,True
1610581771803,1800,selenium_create_issue,Success,True
.test_1_selenium_create_issue,Total:304 Passed:304 Failed:0
1610581772416,601,selenium_edit_issue:open_edit_issue_form,Success,True
1610581773202,540,selenium_edit_issue:save_edit_issue_form,Success,True
1610581773202,1387,selenium_edit_issue,Success,True
.test_1_selenium_edit_issue,Total:305 Passed:305 Failed:0
1610581773552,349,selenium_save_comment:open_comment_form,Success,True
1610581774439,748,selenium_save_comment:submit_form,Success,True
1610581774439,1236,selenium_save_comment,Success,True
.test_1_selenium_save_comment,Total:306 Passed:306 Failed:0
1610581775570,1130,selenium_search_jql,Success,True
.test_1_selenium_search_jql,Total:307 Passed:307 Failed:0
1610581776139,567,selenium_view_scrum_board_backlog,Success,True
.test_1_selenium_view_backlog_for_scrum_board,Total:308 Passed:308 Failed:0
1610581776531,390,selenium_view_scrum_board,Success,True
.test_1_selenium_view_scrum_board,Total:309 Passed:309 Failed:0
1610581778289,1756,selenium_view_kanban_board,Success,True
.test_1_selenium_view_kanban_board,Total:310 Passed:310 Failed:0
1610581778658,367,selenium_view_dashboard,Success,True
.test_1_selenium_view_dashboard,Total:311 Passed:311 Failed:0
1610581779196,537,selenium_view_issue,Success,True
.test_1_selenium_view_issue,Total:312 Passed:312 Failed:0
1610581779643,445,selenium_project_summary,Success,True
.test_1_selenium_view_project_summary,Total:313 Passed:313 Failed:0
1610581780233,589,selenium_app_custom_action:view_issue,Success,True
1610581780233,589,selenium_app_custom_action,Success,True
.test_1_selenium_custom_action,Total:314 Passed:314 Failed:0
1610581780586,351,selenium_log_out,Success,True
.test_2_selenium_z_log_out,Total:315 Passed:315 Failed:0


=============================== warnings summary ===============================
../../usr/local/lib/python3.8/dist-packages/_pytest/config/__init__.py:1114
  /usr/local/lib/python3.8/dist-packages/_pytest/config/__init__.py:1114: PytestAssertRewriteWarning: Module already imported so cannot be rewritten: apiritif
    self._mark_plugins_for_rewrite(hook)

-- Docs: https://docs.pytest.org/en/stable/warnings.html
======================== 15 passed, 1 warning in 12.22s ========================
============================= test session starts ==============================
platform linux -- Python 3.8.0, pytest-6.2.1, py-1.10.0, pluggy-0.13.1
rootdir: /dc-app-performance-toolkit/app
plugins: apiritif-0.9.5
collected 15 items

selenium_ui/jira_ui.py get driver from global
1610581780733,97,selenium_login:open_login_page,Success,True
1610581781198,464,selenium_login:login_and_view_dashboard,Success,True
1610581781198,562,selenium_login,Success,True
.test_0_selenium_a_login,Total:316 Passed:316 Failed:0
1610581781518,308,selenium_browse_projects_list,Success,True
.test_1_selenium_browse_projects_list,Total:317 Passed:317 Failed:0
1610581781765,245,selenium_browse_boards_list,Success,True
.test_1_selenium_browse_boards_list,Total:318 Passed:318 Failed:0
1610581782454,682,selenium_create_issue:open_quick_create,Success,True
1610581783601,604,selenium_create_issue:fill_and_submit_issue_form:submit_issue_form,Success,True
1610581783601,1146,selenium_create_issue:fill_and_submit_issue_form,Success,True
1610581783601,1829,selenium_create_issue,Success,True
.test_1_selenium_create_issue,Total:319 Passed:319 Failed:0
1610581784242,629,selenium_edit_issue:open_edit_issue_form,Success,True
1610581785038,540,selenium_edit_issue:save_edit_issue_form,Success,True
1610581785039,1425,selenium_edit_issue,Success,True
.test_1_selenium_edit_issue,Total:320 Passed:320 Failed:0
1610581785367,327,selenium_save_comment:open_comment_form,Success,True
1610581786244,715,selenium_save_comment:submit_form,Success,True
1610581786244,1203,selenium_save_comment,Success,True
.test_1_selenium_save_comment,Total:321 Passed:321 Failed:0
1610581787383,1137,selenium_search_jql,Success,True
.test_1_selenium_search_jql,Total:322 Passed:322 Failed:0
1610581787934,549,selenium_view_scrum_board_backlog,Success,True
.test_1_selenium_view_backlog_for_scrum_board,Total:323 Passed:323 Failed:0
1610581788324,389,selenium_view_scrum_board,Success,True
.test_1_selenium_view_scrum_board,Total:324 Passed:324 Failed:0
1610581790144,1818,selenium_view_kanban_board,Success,True
.test_1_selenium_view_kanban_board,Total:325 Passed:325 Failed:0
1610581790624,478,selenium_view_dashboard,Success,True
.test_1_selenium_view_dashboard,Total:326 Passed:326 Failed:0
1610581791253,627,selenium_view_issue,Success,True
.test_1_selenium_view_issue,Total:327 Passed:327 Failed:0
1610581791692,437,selenium_project_summary,Success,True
.test_1_selenium_view_project_summary,Total:328 Passed:328 Failed:0
1610581792136,442,selenium_app_custom_action:view_issue,Success,True
1610581792136,443,selenium_app_custom_action,Success,True
.test_1_selenium_custom_action,Total:329 Passed:329 Failed:0
1610581792452,314,selenium_log_out,Success,True
.test_2_selenium_z_log_out,Total:330 Passed:330 Failed:0


=============================== warnings summary ===============================
../../usr/local/lib/python3.8/dist-packages/_pytest/config/__init__.py:1114
  /usr/local/lib/python3.8/dist-packages/_pytest/config/__init__.py:1114: PytestAssertRewriteWarning: Module already imported so cannot be rewritten: apiritif
    self._mark_plugins_for_rewrite(hook)

-- Docs: https://docs.pytest.org/en/stable/warnings.html
======================== 15 passed, 1 warning in 11.83s ========================
============================= test session starts ==============================
platform linux -- Python 3.8.0, pytest-6.2.1, py-1.10.0, pluggy-0.13.1
rootdir: /dc-app-performance-toolkit/app
plugins: apiritif-0.9.5
collected 15 items

selenium_ui/jira_ui.py get driver from global
1610581792607,106,selenium_login:open_login_page,Success,True
1610581793069,461,selenium_login:login_and_view_dashboard,Success,True
1610581793069,568,selenium_login,Success,True
.test_0_selenium_a_login,Total:331 Passed:331 Failed:0
1610581793387,307,selenium_browse_projects_list,Success,True
.test_1_selenium_browse_projects_list,Total:332 Passed:332 Failed:0
1610581793635,246,selenium_browse_boards_list,Success,True
.test_1_selenium_browse_boards_list,Total:333 Passed:333 Failed:0
1610581794290,646,selenium_create_issue:open_quick_create,Success,True
1610581795388,596,selenium_create_issue:fill_and_submit_issue_form:submit_issue_form,Success,True
1610581795388,1098,selenium_create_issue:fill_and_submit_issue_form,Success,True
1610581795388,1745,selenium_create_issue,Success,True
.test_1_selenium_create_issue,Total:334 Passed:334 Failed:0
1610581795960,558,selenium_edit_issue:open_edit_issue_form,Success,True
1610581796863,585,selenium_edit_issue:save_edit_issue_form,Success,True
1610581796863,1461,selenium_edit_issue,Success,True
.test_1_selenium_edit_issue,Total:335 Passed:335 Failed:0
1610581797211,346,selenium_save_comment:open_comment_form,Success,True
1610581798100,737,selenium_save_comment:submit_form,Success,True
1610581798100,1235,selenium_save_comment,Success,True
.test_1_selenium_save_comment,Total:336 Passed:336 Failed:0
1610581799272,1170,selenium_search_jql,Success,True
.test_1_selenium_search_jql,Total:337 Passed:337 Failed:0
1610581799695,421,selenium_view_scrum_board_backlog,Success,True
.test_1_selenium_view_backlog_for_scrum_board,Total:338 Passed:338 Failed:0
1610581800614,917,selenium_view_scrum_board,Success,True
.test_1_selenium_view_scrum_board,Total:339 Passed:339 Failed:0
1610581802463,1848,selenium_view_kanban_board,Success,True
.test_1_selenium_view_kanban_board,Total:340 Passed:340 Failed:0
1610581803103,639,selenium_view_dashboard,Success,True
.test_1_selenium_view_dashboard,Total:341 Passed:341 Failed:0
1610581803611,506,selenium_view_issue,Success,True
.test_1_selenium_view_issue,Total:342 Passed:342 Failed:0
1610581803898,286,selenium_project_summary,Success,True
.test_1_selenium_view_project_summary,Total:343 Passed:343 Failed:0
1610581804343,443,selenium_app_custom_action:view_issue,Success,True
1610581804343,443,selenium_app_custom_action,Success,True
.test_1_selenium_custom_action,Total:344 Passed:344 Failed:0
1610581804701,357,selenium_log_out,Success,True
.test_2_selenium_z_log_out,Total:345 Passed:345 Failed:0


=============================== warnings summary ===============================
../../usr/local/lib/python3.8/dist-packages/_pytest/config/__init__.py:1114
  /usr/local/lib/python3.8/dist-packages/_pytest/config/__init__.py:1114: PytestAssertRewriteWarning: Module already imported so cannot be rewritten: apiritif
    self._mark_plugins_for_rewrite(hook)

-- Docs: https://docs.pytest.org/en/stable/warnings.html
======================== 15 passed, 1 warning in 12.21s ========================
============================= test session starts ==============================
platform linux -- Python 3.8.0, pytest-6.2.1, py-1.10.0, pluggy-0.13.1
rootdir: /dc-app-performance-toolkit/app
plugins: apiritif-0.9.5
collected 15 items

selenium_ui/jira_ui.py get driver from global
1610581804844,93,selenium_login:open_login_page,Success,True
1610581805278,434,selenium_login:login_and_view_dashboard,Success,True
1610581805278,527,selenium_login,Success,True
.test_0_selenium_a_login,Total:346 Passed:346 Failed:0
1610581805648,355,selenium_browse_projects_list,Success,True
.test_1_selenium_browse_projects_list,Total:347 Passed:347 Failed:0
1610581805901,251,selenium_browse_boards_list,Success,True
.test_1_selenium_browse_boards_list,Total:348 Passed:348 Failed:0
1610581806589,680,selenium_create_issue:open_quick_create,Success,True
1610581807711,599,selenium_create_issue:fill_and_submit_issue_form:submit_issue_form,Success,True
1610581807711,1121,selenium_create_issue:fill_and_submit_issue_form,Success,True
1610581807711,1802,selenium_create_issue,Success,True
.test_1_selenium_create_issue,Total:349 Passed:349 Failed:0
1610581808305,581,selenium_edit_issue:open_edit_issue_form,Success,True
1610581809051,508,selenium_edit_issue:save_edit_issue_form,Success,True
1610581809052,1328,selenium_edit_issue,Success,True
.test_1_selenium_edit_issue,Total:350 Passed:350 Failed:0
1610581809378,325,selenium_save_comment:open_comment_form,Success,True
1610581810379,832,selenium_save_comment:submit_form,Success,True
1610581810379,1326,selenium_save_comment,Success,True
.test_1_selenium_save_comment,Total:351 Passed:351 Failed:0
1610581811451,1070,selenium_search_jql,Success,True
.test_1_selenium_search_jql,Total:352 Passed:352 Failed:0
1610581811928,475,selenium_view_scrum_board_backlog,Success,True
.test_1_selenium_view_backlog_for_scrum_board,Total:353 Passed:353 Failed:0
1610581812943,1013,selenium_view_scrum_board,Success,True
.test_1_selenium_view_scrum_board,Total:354 Passed:354 Failed:0
1610581814381,1437,selenium_view_kanban_board,Success,True
.test_1_selenium_view_kanban_board,Total:355 Passed:355 Failed:0
1610581814924,541,selenium_view_dashboard,Success,True
.test_1_selenium_view_dashboard,Total:356 Passed:356 Failed:0
1610581815562,636,selenium_view_issue,Success,True
.test_1_selenium_view_issue,Total:357 Passed:357 Failed:0
1610581815959,395,selenium_project_summary,Success,True
.test_1_selenium_view_project_summary,Total:358 Passed:358 Failed:0
1610581816424,463,selenium_app_custom_action:view_issue,Success,True
1610581816424,463,selenium_app_custom_action,Success,True
.test_1_selenium_custom_action,Total:359 Passed:359 Failed:0
1610581816736,310,selenium_log_out,Success,True
.test_2_selenium_z_log_out,Total:360 Passed:360 Failed:0


=============================== warnings summary ===============================
../../usr/local/lib/python3.8/dist-packages/_pytest/config/__init__.py:1114
  /usr/local/lib/python3.8/dist-packages/_pytest/config/__init__.py:1114: PytestAssertRewriteWarning: Module already imported so cannot be rewritten: apiritif
    self._mark_plugins_for_rewrite(hook)

-- Docs: https://docs.pytest.org/en/stable/warnings.html
======================== 15 passed, 1 warning in 11.99s ========================
============================= test session starts ==============================
platform linux -- Python 3.8.0, pytest-6.2.1, py-1.10.0, pluggy-0.13.1
rootdir: /dc-app-performance-toolkit/app
plugins: apiritif-0.9.5
collected 15 items

selenium_ui/jira_ui.py get driver from global
1610581816876,93,selenium_login:open_login_page,Success,True
1610581817313,436,selenium_login:login_and_view_dashboard,Success,True
1610581817313,530,selenium_login,Success,True
.test_0_selenium_a_login,Total:361 Passed:361 Failed:0
1610581817653,325,selenium_browse_projects_list,Success,True
.test_1_selenium_browse_projects_list,Total:362 Passed:362 Failed:0
1610581818362,707,selenium_browse_boards_list,Success,True
.test_1_selenium_browse_boards_list,Total:363 Passed:363 Failed:0
1610581819037,666,selenium_create_issue:open_quick_create,Success,True
1610581820161,600,selenium_create_issue:fill_and_submit_issue_form:submit_issue_form,Success,True
1610581820161,1124,selenium_create_issue:fill_and_submit_issue_form,Success,True
1610581820161,1791,selenium_create_issue,Success,True
.test_1_selenium_create_issue,Total:364 Passed:364 Failed:0
1610581820696,523,selenium_edit_issue:open_edit_issue_form,Success,True
1610581821554,533,selenium_edit_issue:save_edit_issue_form,Success,True
1610581821554,1381,selenium_edit_issue,Success,True
.test_1_selenium_edit_issue,Total:365 Passed:365 Failed:0
1610581821878,322,selenium_save_comment:open_comment_form,Success,True
1610581822756,712,selenium_save_comment:submit_form,Success,True
1610581822756,1200,selenium_save_comment,Success,True
[...]

-- Docs: https://docs.pytest.org/en/stable/warnings.html
======================== 15 passed, 1 warning in 11.17s ========================
============================= test session starts ==============================
platform linux -- Python 3.8.0, pytest-6.2.1, py-1.10.0, pluggy-0.13.1
rootdir: /dc-app-performance-toolkit/app
plugins: apiritif-0.9.5
collected 15 items

selenium_ui/jira_ui.py get driver from global
1610584163060,102,selenium_login:open_login_page,Success,True
1610584163527,466,selenium_login:login_and_view_dashboard,Success,True
1610584163527,569,selenium_login,Success,True
.test_0_selenium_a_login,Total:3256 Passed:3256 Failed:0
1610584163850,311,selenium_browse_projects_list,Success,True
.test_1_selenium_browse_projects_list,Total:3257 Passed:3257 Failed:0
1610584164107,256,selenium_browse_boards_list,Success,True
.test_1_selenium_browse_boards_list,Total:3258 Passed:3258 Failed:0
1610584164753,637,selenium_create_issue:open_quick_create,Success,True
1610584165805,590,selenium_create_issue:fill_and_submit_issue_form:submit_issue_form,Success,True
1610584165805,1051,selenium_create_issue:fill_and_submit_issue_form,Success,True
1610584165805,1689,selenium_create_issue,Success,True
.test_1_selenium_create_issue,Total:3259 Passed:3259 Failed:0
1610584166416,598,selenium_edit_issue:open_edit_issue_form,Success,True
1610584167161,497,selenium_edit_issue:save_edit_issue_form,Success,True
1610584167161,1343,selenium_edit_issue,Success,True
.test_1_selenium_edit_issue,Total:3260 Passed:3260 Failed:0
1610584167489,327,selenium_save_comment:open_comment_form,Success,True
1610584168354,697,selenium_save_comment:submit_form,Success,True
1610584168355,1192,selenium_save_comment,Success,True
.test_1_selenium_save_comment,Total:3261 Passed:3261 Failed:0
1610584169484,1128,selenium_search_jql,Success,True
.test_1_selenium_search_jql,Total:3262 Passed:3262 Failed:0
1610584170026,540,selenium_view_scrum_board_backlog,Success,True
.test_1_selenium_view_backlog_for_scrum_board,Total:3263 Passed:3263 Failed:0
1610584170431,403,selenium_view_scrum_board,Success,True
.test_1_selenium_view_scrum_board,Total:3264 Passed:3264 Failed:0
1610584172239,1806,selenium_view_kanban_board,Success,True
.test_1_selenium_view_kanban_board,Total:3265 Passed:3265 Failed:0
1610584172456,216,selenium_view_dashboard,Success,True
.test_1_selenium_view_dashboard,Total:3266 Passed:3266 Failed:0
1610584172993,535,selenium_view_issue,Success,True
.test_1_selenium_view_issue,Total:3267 Passed:3267 Failed:0
1610584173347,352,selenium_project_summary,Success,True
.test_1_selenium_view_project_summary,Total:3268 Passed:3268 Failed:0
1610584173855,506,selenium_app_custom_action:view_issue,Success,True
1610584173855,506,selenium_app_custom_action,Success,True
.test_1_selenium_custom_action,Total:3269 Passed:3269 Failed:0
1610584174227,370,selenium_log_out,Success,True
.test_2_selenium_z_log_out,Total:3270 Passed:3270 Failed:0


=============================== warnings summary ===============================
../../usr/local/lib/python3.8/dist-packages/_pytest/config/__init__.py:1114
  /usr/local/lib/python3.8/dist-packages/_pytest/config/__init__.py:1114: PytestAssertRewriteWarning: Module already imported so cannot be rewritten: apiritif
    self._mark_plugins_for_rewrite(hook)

-- Docs: https://docs.pytest.org/en/stable/warnings.html
======================== 15 passed, 1 warning in 11.28s ========================
============================= test session starts ==============================
platform linux -- Python 3.8.0, pytest-6.2.1, py-1.10.0, pluggy-0.13.1
rootdir: /dc-app-performance-toolkit/app
plugins: apiritif-0.9.5
collected 15 items

selenium_ui/jira_ui.py get driver from global
1610584174383,107,selenium_login:open_login_page,Success,True
1610584174829,446,selenium_login:login_and_view_dashboard,Success,True
1610584174829,553,selenium_login,Success,True
.test_0_selenium_a_login,Total:3271 Passed:3271 Failed:0
1610584175202,357,selenium_browse_projects_list,Success,True
.test_1_selenium_browse_projects_list,Total:3272 Passed:3272 Failed:0
1610584175458,254,selenium_browse_boards_list,Success,True
.test_1_selenium_browse_boards_list,Total:3273 Passed:3273 Failed:0
1610584176163,696,selenium_create_issue:open_quick_create,Success,True
1610584177284,601,selenium_create_issue:fill_and_submit_issue_form:submit_issue_form,Success,True
1610584177284,1121,selenium_create_issue:fill_and_submit_issue_form,Success,True
1610584177284,1818,selenium_create_issue,Success,True
.test_1_selenium_create_issue,Total:3274 Passed:3274 Failed:0
1610584177817,519,selenium_edit_issue:open_edit_issue_form,Success,True
1610584178662,528,selenium_edit_issue:save_edit_issue_form,Success,True
1610584178662,1365,selenium_edit_issue,Success,True
.test_1_selenium_edit_issue,Total:3275 Passed:3275 Failed:0
1610584179003,339,selenium_save_comment:open_comment_form,Success,True
1610584179882,734,selenium_save_comment:submit_form,Success,True
1610584179882,1218,selenium_save_comment,Success,True
.test_1_selenium_save_comment,Total:3276 Passed:3276 Failed:0
1610584181023,1140,selenium_search_jql,Success,True
.test_1_selenium_search_jql,Total:3277 Passed:3277 Failed:0
1610584181558,533,selenium_view_scrum_board_backlog,Success,True
.test_1_selenium_view_backlog_for_scrum_board,Total:3278 Passed:3278 Failed:0
1610584182001,440,selenium_view_scrum_board,Success,True
.test_1_selenium_view_scrum_board,Total:3279 Passed:3279 Failed:0
1610584184015,2012,selenium_view_kanban_board,Success,True
.test_1_selenium_view_kanban_board,Total:3280 Passed:3280 Failed:0
1610584184540,523,selenium_view_dashboard,Success,True
.test_1_selenium_view_dashboard,Total:3281 Passed:3281 Failed:0
1610584185163,622,selenium_view_issue,Success,True
.test_1_selenium_view_issue,Total:3282 Passed:3282 Failed:0
1610584185620,456,selenium_project_summary,Success,True
.test_1_selenium_view_project_summary,Total:3283 Passed:3283 Failed:0
1610584186046,423,selenium_app_custom_action:view_issue,Success,True
1610584186046,424,selenium_app_custom_action,Success,True
.test_1_selenium_custom_action,Total:3284 Passed:3284 Failed:0
1610584186344,296,selenium_log_out,Success,True
.test_2_selenium_z_log_out,Total:3285 Passed:3285 Failed:0


=============================== warnings summary ===============================
../../usr/local/lib/python3.8/dist-packages/_pytest/config/__init__.py:1114
  /usr/local/lib/python3.8/dist-packages/_pytest/config/__init__.py:1114: PytestAssertRewriteWarning: Module already imported so cannot be rewritten: apiritif
    self._mark_plugins_for_rewrite(hook)

-- Docs: https://docs.pytest.org/en/stable/warnings.html
======================== 15 passed, 1 warning in 12.08s ========================
============================= test session starts ==============================
platform linux -- Python 3.8.0, pytest-6.2.1, py-1.10.0, pluggy-0.13.1
rootdir: /dc-app-performance-toolkit/app
plugins: apiritif-0.9.5
collected 15 items

selenium_ui/jira_ui.py get driver from global
1610584186485,94,selenium_login:open_login_page,Success,True
1610584186909,424,selenium_login:login_and_view_dashboard,Success,True
1610584186909,518,selenium_login,Success,True
.test_0_selenium_a_login,Total:3286 Passed:3286 Failed:0
1610584187293,370,selenium_browse_projects_list,Success,True
.test_1_selenium_browse_projects_list,Total:3287 Passed:3287 Failed:0
1610584188028,733,selenium_browse_boards_list,Success,True
.test_1_selenium_browse_boards_list,Total:3288 Passed:3288 Failed:0
1610584188689,649,selenium_create_issue:open_quick_create,Success,True
1610584189785,597,selenium_create_issue:fill_and_submit_issue_form:submit_issue_form,Success,True
1610584189785,1096,selenium_create_issue:fill_and_submit_issue_form,Success,True
1610584189785,1746,selenium_create_issue,Success,True
.test_1_selenium_create_issue,Total:3289 Passed:3289 Failed:0
1610584190329,533,selenium_edit_issue:open_edit_issue_form,Success,True
1610584191144,499,selenium_edit_issue:save_edit_issue_form,Success,True
1610584191144,1348,selenium_edit_issue,Success,True
.test_1_selenium_edit_issue,Total:3290 Passed:3290 Failed:0
1610584191498,352,selenium_save_comment:open_comment_form,Success,True
1610584192351,708,selenium_save_comment:submit_form,Success,True
1610584192351,1205,selenium_save_comment,Success,True
.test_1_selenium_save_comment,Total:3291 Passed:3291 Failed:0
1610584193491,1138,selenium_search_jql,Success,True
.test_1_selenium_search_jql,Total:3292 Passed:3292 Failed:0
1610584194065,572,selenium_view_scrum_board_backlog,Success,True
.test_1_selenium_view_backlog_for_scrum_board,Total:3293 Passed:3293 Failed:0
1610584194457,390,selenium_view_scrum_board,Success,True
.test_1_selenium_view_scrum_board,Total:3294 Passed:3294 Failed:0
1610584196201,1742,selenium_view_kanban_board,Success,True
.test_1_selenium_view_kanban_board,Total:3295 Passed:3295 Failed:0
1610584196431,228,selenium_view_dashboard,Success,True
.test_1_selenium_view_dashboard,Total:3296 Passed:3296 Failed:0
1610584197034,601,selenium_view_issue,Success,True
.test_1_selenium_view_issue,Total:3297 Passed:3297 Failed:0
1610584197487,451,selenium_project_summary,Success,True
.test_1_selenium_view_project_summary,Total:3298 Passed:3298 Failed:0
1610584197938,449,selenium_app_custom_action:view_issue,Success,True
1610584197938,449,selenium_app_custom_action,Success,True
.test_1_selenium_custom_action,Total:3299 Passed:3299 Failed:0
1610584198238,299,selenium_log_out,Success,True
.test_2_selenium_z_log_out,Total:3300 Passed:3300 Failed:0


=============================== warnings summary ===============================
../../usr/local/lib/python3.8/dist-packages/_pytest/config/__init__.py:1114
  /usr/local/lib/python3.8/dist-packages/_pytest/config/__init__.py:1114: PytestAssertRewriteWarning: Module already imported so cannot be rewritten: apiritif
    self._mark_plugins_for_rewrite(hook)

-- Docs: https://docs.pytest.org/en/stable/warnings.html
======================== 15 passed, 1 warning in 11.86s ========================
============================= test session starts ==============================
platform linux -- Python 3.8.0, pytest-6.2.1, py-1.10.0, pluggy-0.13.1
rootdir: /dc-app-performance-toolkit/app
plugins: apiritif-0.9.5
collected 15 items

selenium_ui/jira_ui.py get driver from global
1610584198379,93,selenium_login:open_login_page,Success,True
1610584198834,454,selenium_login:login_and_view_dashboard,Success,True
1610584198834,547,selenium_login,Success,True
.test_0_selenium_a_login,Total:3301 Passed:3301 Failed:0
1610584199216,367,selenium_browse_projects_list,Success,True
.test_1_selenium_browse_projects_list,Total:3302 Passed:3302 Failed:0
1610584199456,238,selenium_browse_boards_list,Success,True
.test_1_selenium_browse_boards_list,Total:3303 Passed:3303 Failed:0
1610584200113,649,selenium_create_issue:open_quick_create,Success,True
1610584201235,600,selenium_create_issue:fill_and_submit_issue_form:submit_issue_form,Success,True
1610584201235,1121,selenium_create_issue:fill_and_submit_issue_form,Success,True
1610584201235,1771,selenium_create_issue,Success,True
.test_1_selenium_create_issue,Total:3304 Passed:3304 Failed:0
1610584201772,525,selenium_edit_issue:open_edit_issue_form,Success,True
1610584202610,510,selenium_edit_issue:save_edit_issue_form,Success,True
1610584202610,1364,selenium_edit_issue,Success,True
.test_1_selenium_edit_issue,Total:3305 Passed:3305 Failed:0
1610584202934,322,selenium_save_comment:open_comment_form,Success,True
1610584203759,648,selenium_save_comment:submit_form,Success,True
1610584203759,1147,selenium_save_comment,Success,True
.test_1_selenium_save_comment,Total:3306 Passed:3306 Failed:0
1610584204828,1067,selenium_search_jql,Success,True
.test_1_selenium_search_jql,Total:3307 Passed:3307 Failed:0
1610584205413,583,selenium_view_scrum_board_backlog,Success,True
.test_1_selenium_view_backlog_for_scrum_board,Total:3308 Passed:3308 Failed:0
1610584205818,403,selenium_view_scrum_board,Success,True
.test_1_selenium_view_scrum_board,Total:3309 Passed:3309 Failed:0
1610584207706,1886,selenium_view_kanban_board,Success,True
.test_1_selenium_view_kanban_board,Total:3310 Passed:3310 Failed:0
1610584208073,366,selenium_view_dashboard,Success,True
.test_1_selenium_view_dashboard,Total:3311 Passed:3311 Failed:0
1610584208570,495,selenium_view_issue,Success,True
.test_1_selenium_view_issue,Total:3312 Passed:3312 Failed:0
1610584209058,486,selenium_project_summary,Success,True
.test_1_selenium_view_project_summary,Total:3313 Passed:3313 Failed:0
1610584209488,429,selenium_app_custom_action:view_issue,Success,True
1610584209488,429,selenium_app_custom_action,Success,True
.test_1_selenium_custom_action,Total:3314 Passed:3314 Failed:0
1610584209790,300,selenium_log_out,Success,True
.test_2_selenium_z_log_out,Total:3315 Passed:3315 Failed:0


=============================== warnings summary ===============================
../../usr/local/lib/python3.8/dist-packages/_pytest/config/__init__.py:1114
  /usr/local/lib/python3.8/dist-packages/_pytest/config/__init__.py:1114: PytestAssertRewriteWarning: Module already imported so cannot be rewritten: apiritif
    self._mark_plugins_for_rewrite(hook)

-- Docs: https://docs.pytest.org/en/stable/warnings.html
======================== 15 passed, 1 warning in 11.51s ========================
============================= test session starts ==============================
platform linux -- Python 3.8.0, pytest-6.2.1, py-1.10.0, pluggy-0.13.1
rootdir: /dc-app-performance-toolkit/app
plugins: apiritif-0.9.5
collected 15 items

selenium_ui/jira_ui.py get driver from global
1610584209943,104,selenium_login:open_login_page,Success,True
1610584210388,444,selenium_login:login_and_view_dashboard,Success,True
1610584210388,549,selenium_login,Success,True
.test_0_selenium_a_login,Total:3316 Passed:3316 Failed:0
1610584210755,350,selenium_browse_projects_list,Success,True
.test_1_selenium_browse_projects_list,Total:3317 Passed:3317 Failed:0
1610584211001,244,selenium_browse_boards_list,Success,True
.test_1_selenium_browse_boards_list,Total:3318 Passed:3318 Failed:0
1610584211667,656,selenium_create_issue:open_quick_create,Success,True
1610584212732,602,selenium_create_issue:fill_and_submit_issue_form:submit_issue_form,Success,True
1610584212732,1065,selenium_create_issue:fill_and_submit_issue_form,Success,True
1610584212732,1722,selenium_create_issue,Success,True
.test_1_selenium_create_issue,Total:3319 Passed:3319 Failed:0
1610584213277,529,selenium_edit_issue:open_edit_issue_form,Success,True
1610584214149,557,selenium_edit_issue:save_edit_issue_form,Success,True
1610584214149,1402,selenium_edit_issue,Success,True
.test_1_selenium_edit_issue,Total:3320 Passed:3320 Failed:0
1610584214494,343,selenium_save_comment:open_comment_form,Success,True
1610584215339,694,selenium_save_comment:submit_form,Success,True
1610584215339,1188,selenium_save_comment,Success,True
.test_1_selenium_save_comment,Total:3321 Passed:3321 Failed:0
1610584216482,1141,selenium_search_jql,Success,True
.test_1_selenium_search_jql,Total:3322 Passed:3322 Failed:0
1610584217126,642,selenium_view_scrum_board_backlog,Success,True
.test_1_selenium_view_backlog_for_scrum_board,Total:3323 Passed:3323 Failed:0
1610584217519,391,selenium_view_scrum_board,Success,True
.test_1_selenium_view_scrum_board,Total:3324 Passed:3324 Failed:0
1610584219502,1982,selenium_view_kanban_board,Success,True
.test_1_selenium_view_kanban_board,Total:3325 Passed:3325 Failed:0
1610584219891,388,selenium_view_dashboard,Success,True
.test_1_selenium_view_dashboard,Total:3326 Passed:3326 Failed:0
1610584220507,614,selenium_view_issue,Success,True
.test_1_selenium_view_issue,Total:3327 Passed:3327 Failed:0
1610584220938,428,selenium_project_summary,Success,True
.test_1_selenium_view_project_summary,Total:3328 Passed:3328 Failed:0
1610584221385,446,selenium_app_custom_action:view_issue,Success,True
1610584221385,446,selenium_app_custom_action,Success,True
.test_1_selenium_custom_action,Total:3329 Passed:3329 Failed:0
1610584221720,333,selenium_log_out,Success,True
.test_2_selenium_z_log_out,Total:3330 Passed:3330 Failed:0


=============================== warnings summary ===============================
../../usr/local/lib/python3.8/dist-packages/_pytest/config/__init__.py:1114
  /usr/local/lib/python3.8/dist-packages/_pytest/config/__init__.py:1114: PytestAssertRewriteWarning: Module already imported so cannot be rewritten: apiritif
    self._mark_plugins_for_rewrite(hook)

-- Docs: https://docs.pytest.org/en/stable/warnings.html
======================== 15 passed, 1 warning in 11.89s ========================
============================= test session starts ==============================
platform linux -- Python 3.8.0, pytest-6.2.1, py-1.10.0, pluggy-0.13.1
rootdir: /dc-app-performance-toolkit/app
plugins: apiritif-0.9.5
collected 15 items

selenium_ui/jira_ui.py get driver from global
1610584221870,100,selenium_login:open_login_page,Success,True
1610584222326,455,selenium_login:login_and_view_dashboard,Success,True
1610584222326,555,selenium_login,Success,True
.test_0_selenium_a_login,Total:3331 Passed:3331 Failed:0
1610584222659,322,selenium_browse_projects_list,Success,True
.test_1_selenium_browse_projects_list,Total:3332 Passed:3332 Failed:0
1610584222898,238,selenium_browse_boards_list,Success,True
.test_1_selenium_browse_boards_list,Total:3333 Passed:3333 Failed:0
1610584223550,644,selenium_create_issue:open_quick_create,Success,True
1610584224644,591,selenium_create_issue:fill_and_submit_issue_form:submit_issue_form,Success,True
1610584224644,1093,selenium_create_issue:fill_and_submit_issue_form,Success,True
1610584224644,1737,selenium_create_issue,Success,True
.test_1_selenium_create_issue,Total:3334 Passed:3334 Failed:0
1610584225281,624,selenium_edit_issue:open_edit_issue_form,Success,True
1610584226051,514,selenium_edit_issue:save_edit_issue_form,Success,True
1610584226051,1394,selenium_edit_issue,Success,True
.test_1_selenium_edit_issue,Total:3335 Passed:3335 Failed:0
1610584226322,269,selenium_save_comment:open_comment_form,Success,True
1610584227245,763,selenium_save_comment:submit_form,Success,True
1610584227245,1192,selenium_save_comment,Success,True
.test_1_selenium_save_comment,Total:3336 Passed:3336 Failed:0
1610584228452,1205,selenium_search_jql,Success,True
.test_1_selenium_search_jql,Total:3337 Passed:3337 Failed:0
1610584228952,498,selenium_view_scrum_board_backlog,Success,True
.test_1_selenium_view_backlog_for_scrum_board,Total:3338 Passed:3338 Failed:0
1610584229902,948,selenium_view_scrum_board,Success,True
.test_1_selenium_view_scrum_board,Total:3339 Passed:3339 Failed:0
1610584231660,1757,selenium_view_kanban_board,Success,True
.test_1_selenium_view_kanban_board,Total:3340 Passed:3340 Failed:0
1610584231873,211,selenium_view_dashboard,Success,True
.test_1_selenium_view_dashboard,Total:3341 Passed:3341 Failed:0
1610584232528,653,selenium_view_issue,Success,True
.test_1_selenium_view_issue,Total:3342 Passed:3342 Failed:0
1610584232904,375,selenium_project_summary,Success,True
.test_1_selenium_view_project_summary,Total:3343 Passed:3343 Failed:0
1610584233321,416,selenium_app_custom_action:view_issue,Success,True
1610584233321,416,selenium_app_custom_action,Success,True
.test_1_selenium_custom_action,Total:3344 Passed:3344 Failed:0
1610584233620,296,selenium_log_out,Success,True
.test_2_selenium_z_log_out,Total:3345 Passed:3345 Failed:0


=============================== warnings summary ===============================
../../usr/local/lib/python3.8/dist-packages/_pytest/config/__init__.py:1114
  /usr/local/lib/python3.8/dist-packages/_pytest/config/__init__.py:1114: PytestAssertRewriteWarning: Module already imported so cannot be rewritten: apiritif
    self._mark_plugins_for_rewrite(hook)

-- Docs: https://docs.pytest.org/en/stable/warnings.html
======================== 15 passed, 1 warning in 11.86s ========================
