============================= test session starts ==============================
platform linux -- Python 3.8.0, pytest-6.2.1, py-1.10.0, pluggy-0.13.1
rootdir: /dc-app-performance-toolkit/app
plugins: apiritif-0.9.5
collected 15 items

selenium_ui/jira_ui.py first driver inits
1610598004586,3611,selenium_login:open_login_page,Success,True
1610598008036,3449,selenium_login:login_and_view_dashboard,Success,True
1610598008036,7060,selenium_login,Success,True
.test_0_selenium_a_login,Total:1 Passed:1 Failed:0
1610598009049,997,selenium_browse_projects_list,Success,True
.test_1_selenium_browse_projects_list,Total:2 Passed:2 Failed:0
1610598012943,3892,selenium_browse_boards_list,Success,True
.test_1_selenium_browse_boards_list,Total:3 Passed:3 Failed:0
1610598014047,1096,selenium_create_issue:open_quick_create,Success,True
1610598015223,602,selenium_create_issue:fill_and_submit_issue_form:submit_issue_form,Success,True
1610598015223,1176,selenium_create_issue:fill_and_submit_issue_form,Success,True
1610598015223,2272,selenium_create_issue,Success,True
.test_1_selenium_create_issue,Total:4 Passed:4 Failed:0
1610598016646,1410,selenium_edit_issue:open_edit_issue_form,Success,True
1610598017647,535,selenium_edit_issue:save_edit_issue_form,Success,True
1610598017647,2411,selenium_edit_issue,Success,True
.test_1_selenium_edit_issue,Total:5 Passed:5 Failed:0
1610598017981,332,selenium_save_comment:open_comment_form,Success,True
1610598020054,1916,selenium_save_comment:submit_form,Success,True
1610598020054,2406,selenium_save_comment,Success,True
.test_1_selenium_save_comment,Total:6 Passed:6 Failed:0
1610598022982,2926,selenium_search_jql,Success,True
.test_1_selenium_search_jql,Total:7 Passed:7 Failed:0
1610598026204,3220,selenium_view_scrum_board_backlog,Success,True
.test_1_selenium_view_backlog_for_scrum_board,Total:8 Passed:8 Failed:0
1610598029602,3396,selenium_view_scrum_board,Success,True
.test_1_selenium_view_scrum_board,Total:9 Passed:9 Failed:0
1610598037003,7399,selenium_view_kanban_board,Success,True
.test_1_selenium_view_kanban_board,Total:10 Passed:10 Failed:0
1610598037887,882,selenium_view_dashboard,Success,True
.test_1_selenium_view_dashboard,Total:11 Passed:11 Failed:0
1610598039916,2027,selenium_view_issue,Success,True
.test_1_selenium_view_issue,Total:12 Passed:12 Failed:0
1610598042053,2135,selenium_project_summary,Success,True
.test_1_selenium_view_project_summary,Total:13 Passed:13 Failed:0
1610598042562,507,selenium_app_custom_action:view_issue,Success,True
1610598042562,507,selenium_app_custom_action,Success,True
.test_1_selenium_custom_action,Total:14 Passed:14 Failed:0
1610598042946,383,selenium_log_out,Success,True
.test_2_selenium_z_log_out,Total:15 Passed:15 Failed:0


=============================== warnings summary ===============================
../../usr/local/lib/python3.8/dist-packages/_pytest/config/__init__.py:1114
  /usr/local/lib/python3.8/dist-packages/_pytest/config/__init__.py:1114: PytestAssertRewriteWarning: Module already imported so cannot be rewritten: apiritif
    self._mark_plugins_for_rewrite(hook)

-- Docs: https://docs.pytest.org/en/stable/warnings.html
======================== 15 passed, 1 warning in 43.24s ========================
============================= test session starts ==============================
platform linux -- Python 3.8.0, pytest-6.2.1, py-1.10.0, pluggy-0.13.1
rootdir: /dc-app-performance-toolkit/app
plugins: apiritif-0.9.5
collected 15 items

selenium_ui/jira_ui.py get driver from global
1610598043093,96,selenium_login:open_login_page,Success,True
1610598043525,431,selenium_login:login_and_view_dashboard,Success,True
1610598043525,528,selenium_login,Success,True
.test_0_selenium_a_login,Total:16 Passed:16 Failed:0
1610598043912,372,selenium_browse_projects_list,Success,True
.test_1_selenium_browse_projects_list,Total:17 Passed:17 Failed:0
1610598044696,782,selenium_browse_boards_list,Success,True
.test_1_selenium_browse_boards_list,Total:18 Passed:18 Failed:0
1610598045374,670,selenium_create_issue:open_quick_create,Success,True
1610598046473,599,selenium_create_issue:fill_and_submit_issue_form:submit_issue_form,Success,True
1610598046473,1098,selenium_create_issue:fill_and_submit_issue_form,Success,True
1610598046473,1769,selenium_create_issue,Success,True
.test_1_selenium_create_issue,Total:19 Passed:19 Failed:0
1610598047098,612,selenium_edit_issue:open_edit_issue_form,Success,True
1610598047862,505,selenium_edit_issue:save_edit_issue_form,Success,True
1610598047862,1376,selenium_edit_issue,Success,True
.test_1_selenium_edit_issue,Total:20 Passed:20 Failed:0
1610598048187,323,selenium_save_comment:open_comment_form,Success,True
1610598049026,671,selenium_save_comment:submit_form,Success,True
1610598049026,1162,selenium_save_comment,Success,True
.test_1_selenium_save_comment,Total:21 Passed:21 Failed:0
1610598050276,1248,selenium_search_jql,Success,True
.test_1_selenium_search_jql,Total:22 Passed:22 Failed:0
1610598050838,560,selenium_view_scrum_board_backlog,Success,True
.test_1_selenium_view_backlog_for_scrum_board,Total:23 Passed:23 Failed:0
1610598051230,390,selenium_view_scrum_board,Success,True
.test_1_selenium_view_scrum_board,Total:24 Passed:24 Failed:0
1610598052613,1381,selenium_view_kanban_board,Success,True
.test_1_selenium_view_kanban_board,Total:25 Passed:25 Failed:0
1610598052988,373,selenium_view_dashboard,Success,True
.test_1_selenium_view_dashboard,Total:26 Passed:26 Failed:0
1610598053612,622,selenium_view_issue,Success,True
.test_1_selenium_view_issue,Total:27 Passed:27 Failed:0
1610598054150,536,selenium_project_summary,Success,True
.test_1_selenium_view_project_summary,Total:28 Passed:28 Failed:0
1610598054548,396,selenium_app_custom_action:view_issue,Success,True
1610598054548,396,selenium_app_custom_action,Success,True
.test_1_selenium_custom_action,Total:29 Passed:29 Failed:0
1610598054862,313,selenium_log_out,Success,True
.test_2_selenium_z_log_out,Total:30 Passed:30 Failed:0


=============================== warnings summary ===============================
../../usr/local/lib/python3.8/dist-packages/_pytest/config/__init__.py:1114
  /usr/local/lib/python3.8/dist-packages/_pytest/config/__init__.py:1114: PytestAssertRewriteWarning: Module already imported so cannot be rewritten: apiritif
    self._mark_plugins_for_rewrite(hook)

-- Docs: https://docs.pytest.org/en/stable/warnings.html
======================== 15 passed, 1 warning in 11.88s ========================
============================= test session starts ==============================
platform linux -- Python 3.8.0, pytest-6.2.1, py-1.10.0, pluggy-0.13.1
rootdir: /dc-app-performance-toolkit/app
plugins: apiritif-0.9.5
collected 15 items

selenium_ui/jira_ui.py get driver from global
1610598055007,95,selenium_login:open_login_page,Success,True
1610598055448,440,selenium_login:login_and_view_dashboard,Success,True
1610598055448,537,selenium_login,Success,True
.test_0_selenium_a_login,Total:31 Passed:31 Failed:0
1610598055835,371,selenium_browse_projects_list,Success,True
.test_1_selenium_browse_projects_list,Total:32 Passed:32 Failed:0
1610598056584,748,selenium_browse_boards_list,Success,True
.test_1_selenium_browse_boards_list,Total:33 Passed:33 Failed:0
1610598057240,647,selenium_create_issue:open_quick_create,Success,True
1610598058333,596,selenium_create_issue:fill_and_submit_issue_form:submit_issue_form,Success,True
1610598058333,1092,selenium_create_issue:fill_and_submit_issue_form,Success,True
1610598058333,1740,selenium_create_issue,Success,True
.test_1_selenium_create_issue,Total:34 Passed:34 Failed:0
1610598058976,632,selenium_edit_issue:open_edit_issue_form,Success,True
1610598059722,509,selenium_edit_issue:save_edit_issue_form,Success,True
1610598059722,1377,selenium_edit_issue,Success,True
.test_1_selenium_edit_issue,Total:35 Passed:35 Failed:0
1610598060049,325,selenium_save_comment:open_comment_form,Success,True
1610598060923,710,selenium_save_comment:submit_form,Success,True
1610598060923,1200,selenium_save_comment,Success,True
.test_1_selenium_save_comment,Total:36 Passed:36 Failed:0
1610598062145,1220,selenium_search_jql,Success,True
.test_1_selenium_search_jql,Total:37 Passed:37 Failed:0
1610598063145,997,selenium_view_scrum_board_backlog,Success,True
.test_1_selenium_view_backlog_for_scrum_board,Total:38 Passed:38 Failed:0
1610598063519,372,selenium_view_scrum_board,Success,True
.test_1_selenium_view_scrum_board,Total:39 Passed:39 Failed:0
1610598064766,1245,selenium_view_kanban_board,Success,True
.test_1_selenium_view_kanban_board,Total:40 Passed:40 Failed:0
1610598065017,250,selenium_view_dashboard,Success,True
.test_1_selenium_view_dashboard,Total:41 Passed:41 Failed:0
1610598065590,572,selenium_view_issue,Success,True
.test_1_selenium_view_issue,Total:42 Passed:42 Failed:0
1610598065995,403,selenium_project_summary,Success,True
.test_1_selenium_view_project_summary,Total:43 Passed:43 Failed:0
1610598066479,481,selenium_app_custom_action:view_issue,Success,True
1610598066479,481,selenium_app_custom_action,Success,True
.test_1_selenium_custom_action,Total:44 Passed:44 Failed:0
1610598066803,322,selenium_log_out,Success,True
.test_2_selenium_z_log_out,Total:45 Passed:45 Failed:0


=============================== warnings summary ===============================
../../usr/local/lib/python3.8/dist-packages/_pytest/config/__init__.py:1114
  /usr/local/lib/python3.8/dist-packages/_pytest/config/__init__.py:1114: PytestAssertRewriteWarning: Module already imported so cannot be rewritten: apiritif
    self._mark_plugins_for_rewrite(hook)

-- Docs: https://docs.pytest.org/en/stable/warnings.html
======================== 15 passed, 1 warning in 11.90s ========================
============================= test session starts ==============================
platform linux -- Python 3.8.0, pytest-6.2.1, py-1.10.0, pluggy-0.13.1
rootdir: /dc-app-performance-toolkit/app
plugins: apiritif-0.9.5
collected 15 items

selenium_ui/jira_ui.py get driver from global
1610598066945,93,selenium_login:open_login_page,Success,True
1610598067383,437,selenium_login:login_and_view_dashboard,Success,True
1610598067383,531,selenium_login,Success,True
.test_0_selenium_a_login,Total:46 Passed:46 Failed:0
1610598067756,360,selenium_browse_projects_list,Success,True
.test_1_selenium_browse_projects_list,Total:47 Passed:47 Failed:0
1610598068029,271,selenium_browse_boards_list,Success,True
.test_1_selenium_browse_boards_list,Total:48 Passed:48 Failed:0
1610598068710,673,selenium_create_issue:open_quick_create,Success,True
1610598069828,596,selenium_create_issue:fill_and_submit_issue_form:submit_issue_form,Success,True
1610598069828,1118,selenium_create_issue:fill_and_submit_issue_form,Success,True
1610598069829,1791,selenium_create_issue,Success,True
.test_1_selenium_create_issue,Total:49 Passed:49 Failed:0
1610598070434,593,selenium_edit_issue:open_edit_issue_form,Success,True
1610598071303,620,selenium_edit_issue:save_edit_issue_form,Success,True
1610598071303,1462,selenium_edit_issue,Success,True
.test_1_selenium_edit_issue,Total:50 Passed:50 Failed:0
1610598071590,286,selenium_save_comment:open_comment_form,Success,True
1610598072440,718,selenium_save_comment:submit_form,Success,True
1610598072440,1136,selenium_save_comment,Success,True
.test_1_selenium_save_comment,Total:51 Passed:51 Failed:0
1610598073636,1194,selenium_search_jql,Success,True
.test_1_selenium_search_jql,Total:52 Passed:52 Failed:0
1610598074735,1097,selenium_view_scrum_board_backlog,Success,True
.test_1_selenium_view_backlog_for_scrum_board,Total:53 Passed:53 Failed:0
1610598075015,278,selenium_view_scrum_board,Success,True
.test_1_selenium_view_scrum_board,Total:54 Passed:54 Failed:0
1610598076263,1246,selenium_view_kanban_board,Success,True
.test_1_selenium_view_kanban_board,Total:55 Passed:55 Failed:0
1610598076483,219,selenium_view_dashboard,Success,True
.test_1_selenium_view_dashboard,Total:56 Passed:56 Failed:0
1610598077045,560,selenium_view_issue,Success,True
.test_1_selenium_view_issue,Total:57 Passed:57 Failed:0
1610598077484,437,selenium_project_summary,Success,True
.test_1_selenium_view_project_summary,Total:58 Passed:58 Failed:0
1610598077944,458,selenium_app_custom_action:view_issue,Success,True
1610598077944,458,selenium_app_custom_action,Success,True
.test_1_selenium_custom_action,Total:59 Passed:59 Failed:0
1610598078269,323,selenium_log_out,Success,True
.test_2_selenium_z_log_out,Total:60 Passed:60 Failed:0


=============================== warnings summary ===============================
../../usr/local/lib/python3.8/dist-packages/_pytest/config/__init__.py:1114
  /usr/local/lib/python3.8/dist-packages/_pytest/config/__init__.py:1114: PytestAssertRewriteWarning: Module already imported so cannot be rewritten: apiritif
    self._mark_plugins_for_rewrite(hook)

-- Docs: https://docs.pytest.org/en/stable/warnings.html
======================== 15 passed, 1 warning in 11.43s ========================
============================= test session starts ==============================
platform linux -- Python 3.8.0, pytest-6.2.1, py-1.10.0, pluggy-0.13.1
rootdir: /dc-app-performance-toolkit/app
plugins: apiritif-0.9.5
collected 15 items

selenium_ui/jira_ui.py get driver from global
1610598078439,121,selenium_login:open_login_page,Success,True
1610598078868,428,selenium_login:login_and_view_dashboard,Success,True
1610598078868,550,selenium_login,Success,True
.test_0_selenium_a_login,Total:61 Passed:61 Failed:0
1610598079240,356,selenium_browse_projects_list,Success,True
.test_1_selenium_browse_projects_list,Total:62 Passed:62 Failed:0
1610598079492,250,selenium_browse_boards_list,Success,True
.test_1_selenium_browse_boards_list,Total:63 Passed:63 Failed:0
1610598080131,630,selenium_create_issue:open_quick_create,Success,True
1610598081209,597,selenium_create_issue:fill_and_submit_issue_form:submit_issue_form,Success,True
1610598081209,1078,selenium_create_issue:fill_and_submit_issue_form,Success,True
1610598081209,1709,selenium_create_issue,Success,True
.test_1_selenium_create_issue,Total:64 Passed:64 Failed:0
1610598081821,597,selenium_edit_issue:open_edit_issue_form,Success,True
1610598082562,503,selenium_edit_issue:save_edit_issue_form,Success,True
1610598082562,1338,selenium_edit_issue,Success,True
.test_1_selenium_edit_issue,Total:65 Passed:65 Failed:0
1610598082923,360,selenium_save_comment:open_comment_form,Success,True
1610598083794,751,selenium_save_comment:submit_form,Success,True
1610598083794,1230,selenium_save_comment,Success,True
.test_1_selenium_save_comment,Total:66 Passed:66 Failed:0
1610598084995,1200,selenium_search_jql,Success,True
.test_1_selenium_search_jql,Total:67 Passed:67 Failed:0
1610598085600,603,selenium_view_scrum_board_backlog,Success,True
.test_1_selenium_view_backlog_for_scrum_board,Total:68 Passed:68 Failed:0
1610598085982,381,selenium_view_scrum_board,Success,True
.test_1_selenium_view_scrum_board,Total:69 Passed:69 Failed:0
1610598087293,1309,selenium_view_kanban_board,Success,True
.test_1_selenium_view_kanban_board,Total:70 Passed:70 Failed:0
1610598087692,398,selenium_view_dashboard,Success,True
.test_1_selenium_view_dashboard,Total:71 Passed:71 Failed:0
1610598088354,660,selenium_view_issue,Success,True
.test_1_selenium_view_issue,Total:72 Passed:72 Failed:0
1610598088730,375,selenium_project_summary,Success,True
.test_1_selenium_view_project_summary,Total:73 Passed:73 Failed:0
1610598089177,445,selenium_app_custom_action:view_issue,Success,True
1610598089177,445,selenium_app_custom_action,Success,True
.test_1_selenium_custom_action,Total:74 Passed:74 Failed:0
1610598089469,290,selenium_log_out,Success,True
.test_2_selenium_z_log_out,Total:75 Passed:75 Failed:0


=============================== warnings summary ===============================
../../usr/local/lib/python3.8/dist-packages/_pytest/config/__init__.py:1114
  /usr/local/lib/python3.8/dist-packages/_pytest/config/__init__.py:1114: PytestAssertRewriteWarning: Module already imported so cannot be rewritten: apiritif
    self._mark_plugins_for_rewrite(hook)

-- Docs: https://docs.pytest.org/en/stable/warnings.html
======================== 15 passed, 1 warning in 11.16s ========================
============================= test session starts ==============================
platform linux -- Python 3.8.0, pytest-6.2.1, py-1.10.0, pluggy-0.13.1
rootdir: /dc-app-performance-toolkit/app
plugins: apiritif-0.9.5
collected 15 items

selenium_ui/jira_ui.py get driver from global
1610598089610,93,selenium_login:open_login_page,Success,True
1610598090055,444,selenium_login:login_and_view_dashboard,Success,True
1610598090055,538,selenium_login,Success,True
.test_0_selenium_a_login,Total:76 Passed:76 Failed:0
1610598090366,301,selenium_browse_projects_list,Success,True
.test_1_selenium_browse_projects_list,Total:77 Passed:77 Failed:0
1610598090623,256,selenium_browse_boards_list,Success,True
.test_1_selenium_browse_boards_list,Total:78 Passed:78 Failed:0
1610598091273,641,selenium_create_issue:open_quick_create,Success,True
1610598092386,594,selenium_create_issue:fill_and_submit_issue_form:submit_issue_form,Success,True
1610598092387,1113,selenium_create_issue:fill_and_submit_issue_form,Success,True
1610598092387,1755,selenium_create_issue,Success,True
.test_1_selenium_create_issue,Total:79 Passed:79 Failed:0
1610598093062,662,selenium_edit_issue:open_edit_issue_form,Success,True
1610598093959,631,selenium_edit_issue:save_edit_issue_form,Success,True
1610598093959,1558,selenium_edit_issue,Success,True
.test_1_selenium_edit_issue,Total:80 Passed:80 Failed:0
1610598094243,281,selenium_save_comment:open_comment_form,Success,True
1610598095328,956,selenium_save_comment:submit_form,Success,True
1610598095329,1368,selenium_save_comment,Success,True
.test_1_selenium_save_comment,Total:81 Passed:81 Failed:0
1610598096484,1153,selenium_search_jql,Success,True
.test_1_selenium_search_jql,Total:82 Passed:82 Failed:0
1610598096953,467,selenium_view_scrum_board_backlog,Success,True
.test_1_selenium_view_backlog_for_scrum_board,Total:83 Passed:83 Failed:0
1610598097896,942,selenium_view_scrum_board,Success,True
.test_1_selenium_view_scrum_board,Total:84 Passed:84 Failed:0
1610598099196,1299,selenium_view_kanban_board,Success,True
.test_1_selenium_view_kanban_board,Total:85 Passed:85 Failed:0
1610598099535,337,selenium_view_dashboard,Success,True
.test_1_selenium_view_dashboard,Total:86 Passed:86 Failed:0
1610598100201,664,selenium_view_issue,Success,True
.test_1_selenium_view_issue,Total:87 Passed:87 Failed:0
1610598100597,394,selenium_project_summary,Success,True
.test_1_selenium_view_project_summary,Total:88 Passed:88 Failed:0
1610598101049,451,selenium_app_custom_action:view_issue,Success,True
1610598101049,451,selenium_app_custom_action,Success,True
.test_1_selenium_custom_action,Total:89 Passed:89 Failed:0
1610598101345,294,selenium_log_out,Success,True
.test_2_selenium_z_log_out,Total:90 Passed:90 Failed:0


=============================== warnings summary ===============================
../../usr/local/lib/python3.8/dist-packages/_pytest/config/__init__.py:1114
  /usr/local/lib/python3.8/dist-packages/_pytest/config/__init__.py:1114: PytestAssertRewriteWarning: Module already imported so cannot be rewritten: apiritif
    self._mark_plugins_for_rewrite(hook)

-- Docs: https://docs.pytest.org/en/stable/warnings.html
======================== 15 passed, 1 warning in 11.84s ========================
============================= test session starts ==============================
platform linux -- Python 3.8.0, pytest-6.2.1, py-1.10.0, pluggy-0.13.1
rootdir: /dc-app-performance-toolkit/app
plugins: apiritif-0.9.5
collected 15 items

selenium_ui/jira_ui.py get driver from global
1610598101486,92,selenium_login:open_login_page,Success,True
1610598101944,457,selenium_login:login_and_view_dashboard,Success,True
1610598101944,550,selenium_login,Success,True
.test_0_selenium_a_login,Total:91 Passed:91 Failed:0
1610598102258,303,selenium_browse_projects_list,Success,True
.test_1_selenium_browse_projects_list,Total:92 Passed:92 Failed:0
1610598103028,768,selenium_browse_boards_list,Success,True
.test_1_selenium_browse_boards_list,Total:93 Passed:93 Failed:0
1610598103716,679,selenium_create_issue:open_quick_create,Success,True
1610598104870,599,selenium_create_issue:fill_and_submit_issue_form:submit_issue_form,Success,True
1610598104870,1153,selenium_create_issue:fill_and_submit_issue_form,Success,True
1610598104870,1834,selenium_create_issue,Success,True
.test_1_selenium_create_issue,Total:94 Passed:94 Failed:0
1610598105465,581,selenium_edit_issue:open_edit_issue_form,Success,True
1610598106256,540,selenium_edit_issue:save_edit_issue_form,Success,True
1610598106256,1373,selenium_edit_issue,Success,True
.test_1_selenium_edit_issue,Total:95 Passed:95 Failed:0
1610598106557,299,selenium_save_comment:open_comment_form,Success,True
1610598107399,702,selenium_save_comment:submit_form,Success,True
1610598107399,1141,selenium_save_comment,Success,True
.test_1_selenium_save_comment,Total:96 Passed:96 Failed:0
1610598108496,1095,selenium_search_jql,Success,True
.test_1_selenium_search_jql,Total:97 Passed:97 Failed:0
1610598108973,475,selenium_view_scrum_board_backlog,Success,True
.test_1_selenium_view_backlog_for_scrum_board,Total:98 Passed:98 Failed:0
1610598109953,978,selenium_view_scrum_board,Success,True
.test_1_selenium_view_scrum_board,Total:99 Passed:99 Failed:0
1610598110672,717,selenium_view_kanban_board,Success,True
.test_1_selenium_view_kanban_board,Total:100 Passed:100 Failed:0
1610598110868,195,selenium_view_dashboard,Success,True
.test_1_selenium_view_dashboard,Total:101 Passed:101 Failed:0
1610598111433,563,selenium_view_issue,Success,True
.test_1_selenium_view_issue,Total:102 Passed:102 Failed:0
1610598111933,498,selenium_project_summary,Success,True
.test_1_selenium_view_project_summary,Total:103 Passed:103 Failed:0
1610598112360,425,selenium_app_custom_action:view_issue,Success,True
1610598112360,425,selenium_app_custom_action,Success,True
.test_1_selenium_custom_action,Total:104 Passed:104 Failed:0
1610598112722,360,selenium_log_out,Success,True
.test_2_selenium_z_log_out,Total:105 Passed:105 Failed:0


=============================== warnings summary ===============================
../../usr/local/lib/python3.8/dist-packages/_pytest/config/__init__.py:1114
  /usr/local/lib/python3.8/dist-packages/_pytest/config/__init__.py:1114: PytestAssertRewriteWarning: Module already imported so cannot be rewritten: apiritif
    self._mark_plugins_for_rewrite(hook)

-- Docs: https://docs.pytest.org/en/stable/warnings.html
======================== 15 passed, 1 warning in 11.34s ========================
============================= test session starts ==============================
platform linux -- Python 3.8.0, pytest-6.2.1, py-1.10.0, pluggy-0.13.1
rootdir: /dc-app-performance-toolkit/app
plugins: apiritif-0.9.5
collected 15 items

selenium_ui/jira_ui.py get driver from global
1610598112860,90,selenium_login:open_login_page,Success,True
1610598113325,464,selenium_login:login_and_view_dashboard,Success,True
1610598113325,555,selenium_login,Success,True
.test_0_selenium_a_login,Total:106 Passed:106 Failed:0
1610598113644,308,selenium_browse_projects_list,Success,True
.test_1_selenium_browse_projects_list,Total:107 Passed:107 Failed:0
1610598113883,237,selenium_browse_boards_list,Success,True
.test_1_selenium_browse_boards_list,Total:108 Passed:108 Failed:0
1610598114588,697,selenium_create_issue:open_quick_create,Success,True
1610598115725,599,selenium_create_issue:fill_and_submit_issue_form:submit_issue_form,Success,True
1610598115725,1136,selenium_create_issue:fill_and_submit_issue_form,Success,True
1610598115725,1833,selenium_create_issue,Success,True
.test_1_selenium_create_issue,Total:109 Passed:109 Failed:0
1610598116311,574,selenium_edit_issue:open_edit_issue_form,Success,True
1610598117080,520,selenium_edit_issue:save_edit_issue_form,Success,True
1610598117080,1344,selenium_edit_issue,Success,True
.test_1_selenium_edit_issue,Total:110 Passed:110 Failed:0
1610598117374,292,selenium_save_comment:open_comment_form,Success,True
1610598118203,680,selenium_save_comment:submit_form,Success,True
1610598118203,1121,selenium_save_comment,Success,True
.test_1_selenium_save_comment,Total:111 Passed:111 Failed:0
1610598119431,1227,selenium_search_jql,Success,True
.test_1_selenium_search_jql,Total:112 Passed:112 Failed:0
1610598119901,468,selenium_view_scrum_board_backlog,Success,True
.test_1_selenium_view_backlog_for_scrum_board,Total:113 Passed:113 Failed:0
1610598120872,970,selenium_view_scrum_board,Success,True
.test_1_selenium_view_scrum_board,Total:114 Passed:114 Failed:0
1610598122199,1325,selenium_view_kanban_board,Success,True
.test_1_selenium_view_kanban_board,Total:115 Passed:115 Failed:0
1610598122885,685,selenium_view_dashboard,Success,True
.test_1_selenium_view_dashboard,Total:116 Passed:116 Failed:0
1610598123389,502,selenium_view_issue,Success,True
.test_1_selenium_view_issue,Total:117 Passed:117 Failed:0
1610598123717,326,selenium_project_summary,Success,True
.test_1_selenium_view_project_summary,Total:118 Passed:118 Failed:0
1610598124139,421,selenium_app_custom_action:view_issue,Success,True
1610598124140,421,selenium_app_custom_action,Success,True
.test_1_selenium_custom_action,Total:119 Passed:119 Failed:0
1610598124432,291,selenium_log_out,Success,True
.test_2_selenium_z_log_out,Total:120 Passed:120 Failed:0


=============================== warnings summary ===============================
../../usr/local/lib/python3.8/dist-packages/_pytest/config/__init__.py:1114
  /usr/local/lib/python3.8/dist-packages/_pytest/config/__init__.py:1114: PytestAssertRewriteWarning: Module already imported so cannot be rewritten: apiritif
    self._mark_plugins_for_rewrite(hook)

-- Docs: https://docs.pytest.org/en/stable/warnings.html
======================== 15 passed, 1 warning in 11.67s ========================
============================= test session starts ==============================
platform linux -- Python 3.8.0, pytest-6.2.1, py-1.10.0, pluggy-0.13.1
rootdir: /dc-app-performance-toolkit/app
plugins: apiritif-0.9.5
collected 15 items

selenium_ui/jira_ui.py get driver from global
1610598124575,95,selenium_login:open_login_page,Success,True
1610598125020,445,selenium_login:login_and_view_dashboard,Success,True
1610598125020,541,selenium_login,Success,True
.test_0_selenium_a_login,Total:121 Passed:121 Failed:0
1610598125341,310,selenium_browse_projects_list,Success,True
.test_1_selenium_browse_projects_list,Total:122 Passed:122 Failed:0
1610598125585,242,selenium_browse_boards_list,Success,True
.test_1_selenium_browse_boards_list,Total:123 Passed:123 Failed:0
1610598126277,684,selenium_create_issue:open_quick_create,Success,True
1610598127428,599,selenium_create_issue:fill_and_submit_issue_form:submit_issue_form,Success,True
1610598127428,1150,selenium_create_issue:fill_and_submit_issue_form,Success,True
1610598127428,1835,selenium_create_issue,Success,True
.test_1_selenium_create_issue,Total:124 Passed:124 Failed:0
1610598127979,540,selenium_edit_issue:open_edit_issue_form,Success,True
1610598128802,510,selenium_edit_issue:save_edit_issue_form,Success,True
1610598128802,1363,selenium_edit_issue,Success,True
.test_1_selenium_edit_issue,Total:125 Passed:125 Failed:0
1610598129115,311,selenium_save_comment:open_comment_form,Success,True
1610598130226,946,selenium_save_comment:submit_form,Success,True
1610598130226,1422,selenium_save_comment,Success,True
.test_1_selenium_save_comment,Total:126 Passed:126 Failed:0
1610598131751,1523,selenium_search_jql,Success,True
.test_1_selenium_search_jql,Total:127 Passed:127 Failed:0
1610598132320,567,selenium_view_scrum_board_backlog,Success,True
.test_1_selenium_view_backlog_for_scrum_board,Total:128 Passed:128 Failed:0
1610598132728,407,selenium_view_scrum_board,Success,True
.test_1_selenium_view_scrum_board,Total:129 Passed:129 Failed:0
1610598133784,1054,selenium_view_kanban_board,Success,True
.test_1_selenium_view_kanban_board,Total:130 Passed:130 Failed:0
1610598134322,536,selenium_view_dashboard,Success,True
.test_1_selenium_view_dashboard,Total:131 Passed:131 Failed:0
1610598134942,618,selenium_view_issue,Success,True
.test_1_selenium_view_issue,Total:132 Passed:132 Failed:0
1610598135314,370,selenium_project_summary,Success,True
.test_1_selenium_view_project_summary,Total:133 Passed:133 Failed:0
1610598135781,464,selenium_app_custom_action:view_issue,Success,True
1610598135781,464,selenium_app_custom_action,Success,True
.test_1_selenium_custom_action,Total:134 Passed:134 Failed:0
1610598136081,299,selenium_log_out,Success,True
.test_2_selenium_z_log_out,Total:135 Passed:135 Failed:0


=============================== warnings summary ===============================
../../usr/local/lib/python3.8/dist-packages/_pytest/config/__init__.py:1114
  /usr/local/lib/python3.8/dist-packages/_pytest/config/__init__.py:1114: PytestAssertRewriteWarning: Module already imported so cannot be rewritten: apiritif
    self._mark_plugins_for_rewrite(hook)

-- Docs: https://docs.pytest.org/en/stable/warnings.html
======================== 15 passed, 1 warning in 11.61s ========================
============================= test session starts ==============================
platform linux -- Python 3.8.0, pytest-6.2.1, py-1.10.0, pluggy-0.13.1
rootdir: /dc-app-performance-toolkit/app
plugins: apiritif-0.9.5
collected 15 items

selenium_ui/jira_ui.py get driver from global
1610598136221,90,selenium_login:open_login_page,Success,True
1610598136662,441,selenium_login:login_and_view_dashboard,Success,True
1610598136662,532,selenium_login,Success,True
.test_0_selenium_a_login,Total:136 Passed:136 Failed:0
1610598137029,355,selenium_browse_projects_list,Success,True
.test_1_selenium_browse_projects_list,Total:137 Passed:137 Failed:0
1610598137291,261,selenium_browse_boards_list,Success,True
.test_1_selenium_browse_boards_list,Total:138 Passed:138 Failed:0
1610598137941,642,selenium_create_issue:open_quick_create,Success,True
1610598138985,595,selenium_create_issue:fill_and_submit_issue_form:submit_issue_form,Success,True
1610598138986,1044,selenium_create_issue:fill_and_submit_issue_form,Success,True
1610598138986,1686,selenium_create_issue,Success,True
.test_1_selenium_create_issue,Total:139 Passed:139 Failed:0
1610598139527,529,selenium_edit_issue:open_edit_issue_form,Success,True
1610598140364,522,selenium_edit_issue:save_edit_issue_form,Success,True
1610598140364,1365,selenium_edit_issue,Success,True
.test_1_selenium_edit_issue,Total:140 Passed:140 Failed:0
1610598140714,349,selenium_save_comment:open_comment_form,Success,True
1610598141486,604,selenium_save_comment:submit_form,Success,True
1610598141486,1121,selenium_save_comment,Success,True
.test_1_selenium_save_comment,Total:141 Passed:141 Failed:0
1610598142687,1199,selenium_search_jql,Success,True
.test_1_selenium_search_jql,Total:142 Passed:142 Failed:0
1610598143249,560,selenium_view_scrum_board_backlog,Success,True
.test_1_selenium_view_backlog_for_scrum_board,Total:143 Passed:143 Failed:0
1610598143635,384,selenium_view_scrum_board,Success,True
.test_1_selenium_view_scrum_board,Total:144 Passed:144 Failed:0
1610598144871,1234,selenium_view_kanban_board,Success,True
.test_1_selenium_view_kanban_board,Total:145 Passed:145 Failed:0
1610598145102,229,selenium_view_dashboard,Success,True
.test_1_selenium_view_dashboard,Total:146 Passed:146 Failed:0
1610598145688,585,selenium_view_issue,Success,True
.test_1_selenium_view_issue,Total:147 Passed:147 Failed:0
1610598146064,374,selenium_project_summary,Success,True
.test_1_selenium_view_project_summary,Total:148 Passed:148 Failed:0
1610598146511,445,selenium_app_custom_action:view_issue,Success,True
1610598146511,445,selenium_app_custom_action,Success,True
.test_1_selenium_custom_action,Total:149 Passed:149 Failed:0
1610598146866,353,selenium_log_out,Success,True
.test_2_selenium_z_log_out,Total:150 Passed:150 Failed:0


=============================== warnings summary ===============================
../../usr/local/lib/python3.8/dist-packages/_pytest/config/__init__.py:1114
  /usr/local/lib/python3.8/dist-packages/_pytest/config/__init__.py:1114: PytestAssertRewriteWarning: Module already imported so cannot be rewritten: apiritif
    self._mark_plugins_for_rewrite(hook)

-- Docs: https://docs.pytest.org/en/stable/warnings.html
======================== 15 passed, 1 warning in 10.74s ========================
============================= test session starts ==============================
platform linux -- Python 3.8.0, pytest-6.2.1, py-1.10.0, pluggy-0.13.1
rootdir: /dc-app-performance-toolkit/app
plugins: apiritif-0.9.5
collected 15 items

selenium_ui/jira_ui.py get driver from global
1610598147008,95,selenium_login:open_login_page,Success,True
1610598148275,1266,selenium_login:login_and_view_dashboard,Success,True
1610598148275,1362,selenium_login,Success,True
.test_0_selenium_a_login,Total:151 Passed:151 Failed:0
1610598148570,278,selenium_browse_projects_list,Success,True
.test_1_selenium_browse_projects_list,Total:152 Passed:152 Failed:0
1610598148805,233,selenium_browse_boards_list,Success,True
.test_1_selenium_browse_boards_list,Total:153 Passed:153 Failed:0
1610598149438,624,selenium_create_issue:open_quick_create,Success,True
1610598150482,604,selenium_create_issue:fill_and_submit_issue_form:submit_issue_form,Success,True
1610598150482,1043,selenium_create_issue:fill_and_submit_issue_form,Success,True
1610598150482,1668,selenium_create_issue,Success,True
.test_1_selenium_create_issue,Total:154 Passed:154 Failed:0
1610598151096,598,selenium_edit_issue:open_edit_issue_form,Success,True
1610598151866,514,selenium_edit_issue:save_edit_issue_form,Success,True
1610598151866,1369,selenium_edit_issue,Success,True
.test_1_selenium_edit_issue,Total:155 Passed:155 Failed:0
1610598152166,298,selenium_save_comment:open_comment_form,Success,True
1610598153026,681,selenium_save_comment:submit_form,Success,True
1610598153027,1158,selenium_save_comment,Success,True
.test_1_selenium_save_comment,Total:156 Passed:156 Failed:0
1610598154212,1184,selenium_search_jql,Success,True
.test_1_selenium_search_jql,Total:157 Passed:157 Failed:0
1610598154673,459,selenium_view_scrum_board_backlog,Success,True
.test_1_selenium_view_backlog_for_scrum_board,Total:158 Passed:158 Failed:0
1610598155659,984,selenium_view_scrum_board,Success,True
.test_1_selenium_view_scrum_board,Total:159 Passed:159 Failed:0
1610598156380,720,selenium_view_kanban_board,Success,True
.test_1_selenium_view_kanban_board,Total:160 Passed:160 Failed:0
1610598156587,205,selenium_view_dashboard,Success,True
.test_1_selenium_view_dashboard,Total:161 Passed:161 Failed:0
1610598157218,629,selenium_view_issue,Success,True
.test_1_selenium_view_issue,Total:162 Passed:162 Failed:0
1610598157596,376,selenium_project_summary,Success,True
.test_1_selenium_view_project_summary,Total:163 Passed:163 Failed:0
1610598158037,440,selenium_app_custom_action:view_issue,Success,True
1610598158037,440,selenium_app_custom_action,Success,True
.test_1_selenium_custom_action,Total:164 Passed:164 Failed:0
1610598158331,293,selenium_log_out,Success,True
.test_2_selenium_z_log_out,Total:165 Passed:165 Failed:0


=============================== warnings summary ===============================
../../usr/local/lib/python3.8/dist-packages/_pytest/config/__init__.py:1114
  /usr/local/lib/python3.8/dist-packages/_pytest/config/__init__.py:1114: PytestAssertRewriteWarning: Module already imported so cannot be rewritten: apiritif
    self._mark_plugins_for_rewrite(hook)

-- Docs: https://docs.pytest.org/en/stable/warnings.html
======================== 15 passed, 1 warning in 11.43s ========================
============================= test session starts ==============================
platform linux -- Python 3.8.0, pytest-6.2.1, py-1.10.0, pluggy-0.13.1
rootdir: /dc-app-performance-toolkit/app
plugins: apiritif-0.9.5
collected 15 items

selenium_ui/jira_ui.py get driver from global
1610598158479,98,selenium_login:open_login_page,Success,True
1610598158979,500,selenium_login:login_and_view_dashboard,Success,True
1610598158980,598,selenium_login,Success,True
.test_0_selenium_a_login,Total:166 Passed:166 Failed:0
1610598159305,313,selenium_browse_projects_list,Success,True
.test_1_selenium_browse_projects_list,Total:167 Passed:167 Failed:0
1610598159552,245,selenium_browse_boards_list,Success,True
.test_1_selenium_browse_boards_list,Total:168 Passed:168 Failed:0
1610598160254,691,selenium_create_issue:open_quick_create,Success,True
1610598161343,596,selenium_create_issue:fill_and_submit_issue_form:submit_issue_form,Success,True
1610598161343,1088,selenium_create_issue:fill_and_submit_issue_form,Success,True
1610598161343,1780,selenium_create_issue,Success,True
.test_1_selenium_create_issue,Total:169 Passed:169 Failed:0
1610598161886,532,selenium_edit_issue:open_edit_issue_form,Success,True
1610598162733,537,selenium_edit_issue:save_edit_issue_form,Success,True
1610598162733,1379,selenium_edit_issue,Success,True
.test_1_selenium_edit_issue,Total:170 Passed:170 Failed:0
1610598163040,305,selenium_save_comment:open_comment_form,Success,True
1610598163881,699,selenium_save_comment:submit_form,Success,True
1610598163882,1147,selenium_save_comment,Success,True
.test_1_selenium_save_comment,Total:171 Passed:171 Failed:0
1610598165038,1155,selenium_search_jql,Success,True
.test_1_selenium_search_jql,Total:172 Passed:172 Failed:0
1610598165530,491,selenium_view_scrum_board_backlog,Success,True
.test_1_selenium_view_backlog_for_scrum_board,Total:173 Passed:173 Failed:0
1610598166467,934,selenium_view_scrum_board,Success,True
.test_1_selenium_view_scrum_board,Total:174 Passed:174 Failed:0
1610598167722,1254,selenium_view_kanban_board,Success,True
.test_1_selenium_view_kanban_board,Total:175 Passed:175 Failed:0
1610598168019,295,selenium_view_dashboard,Success,True
.test_1_selenium_view_dashboard,Total:176 Passed:176 Failed:0
1610598168665,644,selenium_view_issue,Success,True
.test_1_selenium_view_issue,Total:177 Passed:177 Failed:0
1610598169089,423,selenium_project_summary,Success,True
.test_1_selenium_view_project_summary,Total:178 Passed:178 Failed:0
1610598169508,417,selenium_app_custom_action:view_issue,Success,True
1610598169508,417,selenium_app_custom_action,Success,True
.test_1_selenium_custom_action,Total:179 Passed:179 Failed:0
1610598169817,307,selenium_log_out,Success,True
.test_2_selenium_z_log_out,Total:180 Passed:180 Failed:0


=============================== warnings summary ===============================
../../usr/local/lib/python3.8/dist-packages/_pytest/config/__init__.py:1114
  /usr/local/lib/python3.8/dist-packages/_pytest/config/__init__.py:1114: PytestAssertRewriteWarning: Module already imported so cannot be rewritten: apiritif
    self._mark_plugins_for_rewrite(hook)

-- Docs: https://docs.pytest.org/en/stable/warnings.html
======================== 15 passed, 1 warning in 11.44s ========================
============================= test session starts ==============================
platform linux -- Python 3.8.0, pytest-6.2.1, py-1.10.0, pluggy-0.13.1
rootdir: /dc-app-performance-toolkit/app
plugins: apiritif-0.9.5
collected 15 items

selenium_ui/jira_ui.py get driver from global
1610598169958,93,selenium_login:open_login_page,Success,True
1610598170390,431,selenium_login:login_and_view_dashboard,Success,True
1610598170390,524,selenium_login,Success,True
.test_0_selenium_a_login,Total:181 Passed:181 Failed:0
1610598170779,376,selenium_browse_projects_list,Success,True
.test_1_selenium_browse_projects_list,Total:182 Passed:182 Failed:0
1610598171017,236,selenium_browse_boards_list,Success,True
.test_1_selenium_browse_boards_list,Total:183 Passed:183 Failed:0
1610598171664,638,selenium_create_issue:open_quick_create,Success,True
1610598172739,594,selenium_create_issue:fill_and_submit_issue_form:submit_issue_form,Success,True
1610598172739,1075,selenium_create_issue:fill_and_submit_issue_form,Success,True
1610598172739,1713,selenium_create_issue,Success,True
.test_1_selenium_create_issue,Total:184 Passed:184 Failed:0
1610598173380,629,selenium_edit_issue:open_edit_issue_form,Success,True
1610598174185,508,selenium_edit_issue:save_edit_issue_form,Success,True
1610598174185,1433,selenium_edit_issue,Success,True
.test_1_selenium_edit_issue,Total:185 Passed:185 Failed:0
1610598174549,362,selenium_save_comment:open_comment_form,Success,True
1610598175487,848,selenium_save_comment:submit_form,Success,True
1610598175488,1301,selenium_save_comment,Success,True
.test_1_selenium_save_comment,Total:186 Passed:186 Failed:0
1610598176843,1354,selenium_search_jql,Success,True
.test_1_selenium_search_jql,Total:187 Passed:187 Failed:0
1610598177432,587,selenium_view_scrum_board_backlog,Success,True
.test_1_selenium_view_backlog_for_scrum_board,Total:188 Passed:188 Failed:0
1610598177842,408,selenium_view_scrum_board,Success,True
.test_1_selenium_view_scrum_board,Total:189 Passed:189 Failed:0
1610598178579,734,selenium_view_kanban_board,Success,True
.test_1_selenium_view_kanban_board,Total:190 Passed:190 Failed:0
1610598178967,386,selenium_view_dashboard,Success,True
.test_1_selenium_view_dashboard,Total:191 Passed:191 Failed:0
1610598179585,616,selenium_view_issue,Success,True
.test_1_selenium_view_issue,Total:192 Passed:192 Failed:0
1610598179904,317,selenium_project_summary,Success,True
.test_1_selenium_view_project_summary,Total:193 Passed:193 Failed:0
1610598180370,465,selenium_app_custom_action:view_issue,Success,True
1610598180370,465,selenium_app_custom_action,Success,True
.test_1_selenium_custom_action,Total:194 Passed:194 Failed:0
1610598180679,307,selenium_log_out,Success,True
.test_2_selenium_z_log_out,Total:195 Passed:195 Failed:0


=============================== warnings summary ===============================
../../usr/local/lib/python3.8/dist-packages/_pytest/config/__init__.py:1114
  /usr/local/lib/python3.8/dist-packages/_pytest/config/__init__.py:1114: PytestAssertRewriteWarning: Module already imported so cannot be rewritten: apiritif
    self._mark_plugins_for_rewrite(hook)

-- Docs: https://docs.pytest.org/en/stable/warnings.html
======================== 15 passed, 1 warning in 10.82s ========================
============================= test session starts ==============================
platform linux -- Python 3.8.0, pytest-6.2.1, py-1.10.0, pluggy-0.13.1
rootdir: /dc-app-performance-toolkit/app
plugins: apiritif-0.9.5
collected 15 items

selenium_ui/jira_ui.py get driver from global
1610598180826,97,selenium_login:open_login_page,Success,True
1610598181241,415,selenium_login:login_and_view_dashboard,Success,True
1610598181241,513,selenium_login,Success,True
.test_0_selenium_a_login,Total:196 Passed:196 Failed:0
1610598181627,372,selenium_browse_projects_list,Success,True
.test_1_selenium_browse_projects_list,Total:197 Passed:197 Failed:0
1610598181877,249,selenium_browse_boards_list,Success,True
.test_1_selenium_browse_boards_list,Total:198 Passed:198 Failed:0
1610598182533,647,selenium_create_issue:open_quick_create,Success,True
1610598183684,598,selenium_create_issue:fill_and_submit_issue_form:submit_issue_form,Success,True
1610598183684,1151,selenium_create_issue:fill_and_submit_issue_form,Success,True
1610598183684,1799,selenium_create_issue,Success,True
.test_1_selenium_create_issue,Total:199 Passed:199 Failed:0
1610598184340,643,selenium_edit_issue:open_edit_issue_form,Success,True
1610598185116,509,selenium_edit_issue:save_edit_issue_form,Success,True
1610598185116,1419,selenium_edit_issue,Success,True
.test_1_selenium_edit_issue,Total:200 Passed:200 Failed:0
1610598185461,343,selenium_save_comment:open_comment_form,Success,True
1610598186293,689,selenium_save_comment:submit_form,Success,True
1610598186293,1176,selenium_save_comment,Success,True
.test_1_selenium_save_comment,Total:201 Passed:201 Failed:0
1610598187591,1296,selenium_search_jql,Success,True
.test_1_selenium_search_jql,Total:202 Passed:202 Failed:0
1610598188171,579,selenium_view_scrum_board_backlog,Success,True
.test_1_selenium_view_backlog_for_scrum_board,Total:203 Passed:203 Failed:0
1610598188572,399,selenium_view_scrum_board,Success,True
.test_1_selenium_view_scrum_board,Total:204 Passed:204 Failed:0
1610598189788,1214,selenium_view_kanban_board,Success,True
.test_1_selenium_view_kanban_board,Total:205 Passed:205 Failed:0
1610598190014,225,selenium_view_dashboard,Success,True
.test_1_selenium_view_dashboard,Total:206 Passed:206 Failed:0
1610598190601,586,selenium_view_issue,Success,True
.test_1_selenium_view_issue,Total:207 Passed:207 Failed:0
1610598191070,467,selenium_project_summary,Success,True
.test_1_selenium_view_project_summary,Total:208 Passed:208 Failed:0
1610598191547,475,selenium_app_custom_action:view_issue,Success,True
1610598191547,475,selenium_app_custom_action,Success,True
.test_1_selenium_custom_action,Total:209 Passed:209 Failed:0
1610598191855,307,selenium_log_out,Success,True
.test_2_selenium_z_log_out,Total:210 Passed:210 Failed:0


=============================== warnings summary ===============================
../../usr/local/lib/python3.8/dist-packages/_pytest/config/__init__.py:1114
  /usr/local/lib/python3.8/dist-packages/_pytest/config/__init__.py:1114: PytestAssertRewriteWarning: Module already imported so cannot be rewritten: apiritif
    self._mark_plugins_for_rewrite(hook)

-- Docs: https://docs.pytest.org/en/stable/warnings.html
======================== 15 passed, 1 warning in 11.14s ========================
============================= test session starts ==============================
platform linux -- Python 3.8.0, pytest-6.2.1, py-1.10.0, pluggy-0.13.1
rootdir: /dc-app-performance-toolkit/app
plugins: apiritif-0.9.5
collected 15 items

selenium_ui/jira_ui.py get driver from global
1610598192018,92,selenium_login:open_login_page,Success,True
1610598192453,434,selenium_login:login_and_view_dashboard,Success,True
1610598192453,527,selenium_login,Success,True
.test_0_selenium_a_login,Total:211 Passed:211 Failed:0
1610598192810,344,selenium_browse_projects_list,Success,True
.test_1_selenium_browse_projects_list,Total:212 Passed:212 Failed:0
1610598193068,257,selenium_browse_boards_list,Success,True
.test_1_selenium_browse_boards_list,Total:213 Passed:213 Failed:0
1610598193741,664,selenium_create_issue:open_quick_create,Success,True
1610598194850,595,selenium_create_issue:fill_and_submit_issue_form:submit_issue_form,Success,True
1610598194850,1109,selenium_create_issue:fill_and_submit_issue_form,Success,True
1610598194850,1773,selenium_create_issue,Success,True
.test_1_selenium_create_issue,Total:214 Passed:214 Failed:0
1610598195383,520,selenium_edit_issue:open_edit_issue_form,Success,True
1610598196199,497,selenium_edit_issue:save_edit_issue_form,Success,True
1610598196199,1336,selenium_edit_issue,Success,True
.test_1_selenium_edit_issue,Total:215 Passed:215 Failed:0
1610598196501,300,selenium_save_comment:open_comment_form,Success,True
1610598197395,747,selenium_save_comment:submit_form,Success,True
1610598197395,1195,selenium_save_comment,Success,True
.test_1_selenium_save_comment,Total:216 Passed:216 Failed:0
1610598198612,1216,selenium_search_jql,Success,True
.test_1_selenium_search_jql,Total:217 Passed:217 Failed:0
1610598199094,479,selenium_view_scrum_board_backlog,Success,True
.test_1_selenium_view_backlog_for_scrum_board,Total:218 Passed:218 Failed:0
1610598200047,952,selenium_view_scrum_board,Success,True
.test_1_selenium_view_scrum_board,Total:219 Passed:219 Failed:0
1610598200956,907,selenium_view_kanban_board,Success,True
.test_1_selenium_view_kanban_board,Total:220 Passed:220 Failed:0
1610598201398,440,selenium_view_dashboard,Success,True
.test_1_selenium_view_dashboard,Total:221 Passed:221 Failed:0
1610598202023,623,selenium_view_issue,Success,True
.test_1_selenium_view_issue,Total:222 Passed:222 Failed:0
1610598202424,399,selenium_project_summary,Success,True
.test_1_selenium_view_project_summary,Total:223 Passed:223 Failed:0
1610598202896,470,selenium_app_custom_action:view_issue,Success,True
1610598202896,470,selenium_app_custom_action,Success,True
.test_1_selenium_custom_action,Total:224 Passed:224 Failed:0
1610598203296,399,selenium_log_out,Success,True
.test_2_selenium_z_log_out,Total:225 Passed:225 Failed:0


=============================== warnings summary ===============================
../../usr/local/lib/python3.8/dist-packages/_pytest/config/__init__.py:1114
  /usr/local/lib/python3.8/dist-packages/_pytest/config/__init__.py:1114: PytestAssertRewriteWarning: Module already imported so cannot be rewritten: apiritif
    self._mark_plugins_for_rewrite(hook)

-- Docs: https://docs.pytest.org/en/stable/warnings.html
======================== 15 passed, 1 warning in 11.39s ========================
============================= test session starts ==============================
platform linux -- Python 3.8.0, pytest-6.2.1, py-1.10.0, pluggy-0.13.1
rootdir: /dc-app-performance-toolkit/app
plugins: apiritif-0.9.5
collected 15 items

selenium_ui/jira_ui.py get driver from global
1610598203655,224,selenium_login:open_login_page,Success,True
1610598204155,500,selenium_login:login_and_view_dashboard,Success,True
1610598204156,725,selenium_login,Success,True
.test_0_selenium_a_login,Total:226 Passed:226 Failed:0
1610598204484,318,selenium_browse_projects_list,Success,True
.test_1_selenium_browse_projects_list,Total:227 Passed:227 Failed:0
1610598204741,255,selenium_browse_boards_list,Success,True
.test_1_selenium_browse_boards_list,Total:228 Passed:228 Failed:0
1610598205446,696,selenium_create_issue:open_quick_create,Success,True
1610598206571,600,selenium_create_issue:fill_and_submit_issue_form:submit_issue_form,Success,True
1610598206571,1125,selenium_create_issue:fill_and_submit_issue_form,Success,True
1610598206571,1821,selenium_create_issue,Success,True
.test_1_selenium_create_issue,Total:229 Passed:229 Failed:0
1610598207209,625,selenium_edit_issue:open_edit_issue_form,Success,True
1610598208096,637,selenium_edit_issue:save_edit_issue_form,Success,True
1610598208096,1513,selenium_edit_issue,Success,True
.test_1_selenium_edit_issue,Total:230 Passed:230 Failed:0
1610598208380,282,selenium_save_comment:open_comment_form,Success,True
1610598209208,700,selenium_save_comment:submit_form,Success,True
1610598209209,1111,selenium_save_comment,Success,True
.test_1_selenium_save_comment,Total:231 Passed:231 Failed:0
1610598210423,1212,selenium_search_jql,Success,True
.test_1_selenium_search_jql,Total:232 Passed:232 Failed:0
1610598210999,575,selenium_view_scrum_board_backlog,Success,True
.test_1_selenium_view_backlog_for_scrum_board,Total:233 Passed:233 Failed:0
1610598211390,389,selenium_view_scrum_board,Success,True
.test_1_selenium_view_scrum_board,Total:234 Passed:234 Failed:0
1610598212413,1021,selenium_view_kanban_board,Success,True
.test_1_selenium_view_kanban_board,Total:235 Passed:235 Failed:0
1610598212923,509,selenium_view_dashboard,Success,True
.test_1_selenium_view_dashboard,Total:236 Passed:236 Failed:0
1610598213524,599,selenium_view_issue,Success,True
.test_1_selenium_view_issue,Total:237 Passed:237 Failed:0
1610598213897,370,selenium_project_summary,Success,True
.test_1_selenium_view_project_summary,Total:238 Passed:238 Failed:0
1610598214337,439,selenium_app_custom_action:view_issue,Success,True
1610598214337,439,selenium_app_custom_action,Success,True
.test_1_selenium_custom_action,Total:239 Passed:239 Failed:0
1610598214659,320,selenium_log_out,Success,True
.test_2_selenium_z_log_out,Total:240 Passed:240 Failed:0


=============================== warnings summary ===============================
../../usr/local/lib/python3.8/dist-packages/_pytest/config/__init__.py:1114
  /usr/local/lib/python3.8/dist-packages/_pytest/config/__init__.py:1114: PytestAssertRewriteWarning: Module already imported so cannot be rewritten: apiritif
    self._mark_plugins_for_rewrite(hook)

-- Docs: https://docs.pytest.org/en/stable/warnings.html
======================== 15 passed, 1 warning in 11.27s ========================
============================= test session starts ==============================
platform linux -- Python 3.8.0, pytest-6.2.1, py-1.10.0, pluggy-0.13.1
rootdir: /dc-app-performance-toolkit/app
plugins: apiritif-0.9.5
collected 15 items

selenium_ui/jira_ui.py get driver from global
1610598214797,91,selenium_login:open_login_page,Success,True
1610598215253,455,selenium_login:login_and_view_dashboard,Success,True
1610598215253,547,selenium_login,Success,True
.test_0_selenium_a_login,Total:241 Passed:241 Failed:0
1610598215581,315,selenium_browse_projects_list,Success,True
.test_1_selenium_browse_projects_list,Total:242 Passed:242 Failed:0
1610598215822,240,selenium_browse_boards_list,Success,True
.test_1_selenium_browse_boards_list,Total:243 Passed:243 Failed:0
1610598216530,700,selenium_create_issue:open_quick_create,Success,True
1610598217618,601,selenium_create_issue:fill_and_submit_issue_form:submit_issue_form,Success,True
1610598217618,1087,selenium_create_issue:fill_and_submit_issue_form,Success,True
1610598217618,1788,selenium_create_issue,Success,True
.test_1_selenium_create_issue,Total:244 Passed:244 Failed:0
1610598218224,591,selenium_edit_issue:open_edit_issue_form,Success,True
1610598219110,623,selenium_edit_issue:save_edit_issue_form,Success,True
1610598219110,1478,selenium_edit_issue,Success,True
.test_1_selenium_edit_issue,Total:245 Passed:245 Failed:0
1610598219435,323,selenium_save_comment:open_comment_form,Success,True
1610598220235,708,selenium_save_comment:submit_form,Success,True
1610598220235,1123,selenium_save_comment,Success,True
.test_1_selenium_save_comment,Total:246 Passed:246 Failed:0
1610598221421,1184,selenium_search_jql,Success,True
.test_1_selenium_search_jql,Total:247 Passed:247 Failed:0
1610598221908,484,selenium_view_scrum_board_backlog,Success,True
.test_1_selenium_view_backlog_for_scrum_board,Total:248 Passed:248 Failed:0
1610598222837,928,selenium_view_scrum_board,Success,True
.test_1_selenium_view_scrum_board,Total:249 Passed:249 Failed:0
1610598223882,1043,selenium_view_kanban_board,Success,True
.test_1_selenium_view_kanban_board,Total:250 Passed:250 Failed:0
1610598224273,389,selenium_view_dashboard,Success,True
.test_1_selenium_view_dashboard,Total:251 Passed:251 Failed:0
1610598224892,617,selenium_view_issue,Success,True
.test_1_selenium_view_issue,Total:252 Passed:252 Failed:0
1610598225330,437,selenium_project_summary,Success,True
.test_1_selenium_view_project_summary,Total:253 Passed:253 Failed:0
1610598225793,461,selenium_app_custom_action:view_issue,Success,True
1610598225793,461,selenium_app_custom_action,Success,True
.test_1_selenium_custom_action,Total:254 Passed:254 Failed:0
1610598226092,297,selenium_log_out,Success,True
.test_2_selenium_z_log_out,Total:255 Passed:255 Failed:0


=============================== warnings summary ===============================
../../usr/local/lib/python3.8/dist-packages/_pytest/config/__init__.py:1114
  /usr/local/lib/python3.8/dist-packages/_pytest/config/__init__.py:1114: PytestAssertRewriteWarning: Module already imported so cannot be rewritten: apiritif
    self._mark_plugins_for_rewrite(hook)

-- Docs: https://docs.pytest.org/en/stable/warnings.html
======================== 15 passed, 1 warning in 11.39s ========================
============================= test session starts ==============================
platform linux -- Python 3.8.0, pytest-6.2.1, py-1.10.0, pluggy-0.13.1
rootdir: /dc-app-performance-toolkit/app
plugins: apiritif-0.9.5
collected 15 items

selenium_ui/jira_ui.py get driver from global
1610598226245,105,selenium_login:open_login_page,Success,True
1610598226679,433,selenium_login:login_and_view_dashboard,Success,True
1610598226679,538,selenium_login,Success,True
.test_0_selenium_a_login,Total:256 Passed:256 Failed:0
1610598227040,346,selenium_browse_projects_list,Success,True
.test_1_selenium_browse_projects_list,Total:257 Passed:257 Failed:0
1610598227289,247,selenium_browse_boards_list,Success,True
.test_1_selenium_browse_boards_list,Total:258 Passed:258 Failed:0
1610598227970,673,selenium_create_issue:open_quick_create,Success,True
1610598229107,599,selenium_create_issue:fill_and_submit_issue_form:submit_issue_form,Success,True
1610598229107,1136,selenium_create_issue:fill_and_submit_issue_form,Success,True
1610598229107,1810,selenium_create_issue,Success,True
.test_1_selenium_create_issue,Total:259 Passed:259 Failed:0
1610598229709,590,selenium_edit_issue:open_edit_issue_form,Success,True
1610598230460,494,selenium_edit_issue:save_edit_issue_form,Success,True
1610598230460,1341,selenium_edit_issue,Success,True
.test_1_selenium_edit_issue,Total:260 Passed:260 Failed:0
1610598230760,298,selenium_save_comment:open_comment_form,Success,True
1610598231630,724,selenium_save_comment:submit_form,Success,True
1610598231631,1169,selenium_save_comment,Success,True
.test_1_selenium_save_comment,Total:261 Passed:261 Failed:0
1610598232882,1250,selenium_search_jql,Success,True
.test_1_selenium_search_jql,Total:262 Passed:262 Failed:0
1610598233450,565,selenium_view_scrum_board_backlog,Success,True
.test_1_selenium_view_backlog_for_scrum_board,Total:263 Passed:263 Failed:0
1610598233833,382,selenium_view_scrum_board,Success,True
.test_1_selenium_view_scrum_board,Total:264 Passed:264 Failed:0
1610598235090,1255,selenium_view_kanban_board,Success,True
.test_1_selenium_view_kanban_board,Total:265 Passed:265 Failed:0
1610598235336,244,selenium_view_dashboard,Success,True
.test_1_selenium_view_dashboard,Total:266 Passed:266 Failed:0
1610598235998,661,selenium_view_issue,Success,True
.test_1_selenium_view_issue,Total:267 Passed:267 Failed:0
1610598236365,365,selenium_project_summary,Success,True
.test_1_selenium_view_project_summary,Total:268 Passed:268 Failed:0
1610598236830,463,selenium_app_custom_action:view_issue,Success,True
1610598236830,463,selenium_app_custom_action,Success,True
.test_1_selenium_custom_action,Total:269 Passed:269 Failed:0
1610598237131,299,selenium_log_out,Success,True
.test_2_selenium_z_log_out,Total:270 Passed:270 Failed:0


=============================== warnings summary ===============================
../../usr/local/lib/python3.8/dist-packages/_pytest/config/__init__.py:1114
  /usr/local/lib/python3.8/dist-packages/_pytest/config/__init__.py:1114: PytestAssertRewriteWarning: Module already imported so cannot be rewritten: apiritif
    self._mark_plugins_for_rewrite(hook)

-- Docs: https://docs.pytest.org/en/stable/warnings.html
======================== 15 passed, 1 warning in 11.00s ========================
============================= test session starts ==============================
platform linux -- Python 3.8.0, pytest-6.2.1, py-1.10.0, pluggy-0.13.1
rootdir: /dc-app-performance-toolkit/app
plugins: apiritif-0.9.5
collected 15 items

selenium_ui/jira_ui.py get driver from global
1610598237279,100,selenium_login:open_login_page,Success,True
1610598237706,426,selenium_login:login_and_view_dashboard,Success,True
1610598237706,526,selenium_login,Success,True
.test_0_selenium_a_login,Total:271 Passed:271 Failed:0
1610598238036,315,selenium_browse_projects_list,Success,True
.test_1_selenium_browse_projects_list,Total:272 Passed:272 Failed:0
1610598238281,243,selenium_browse_boards_list,Success,True
.test_1_selenium_browse_boards_list,Total:273 Passed:273 Failed:0
1610598238965,676,selenium_create_issue:open_quick_create,Success,True
1610598240059,597,selenium_create_issue:fill_and_submit_issue_form:submit_issue_form,Success,True
1610598240059,1093,selenium_create_issue:fill_and_submit_issue_form,Success,True
1610598240059,1769,selenium_create_issue,Success,True
.test_1_selenium_create_issue,Total:274 Passed:274 Failed:0
1610598240666,596,selenium_edit_issue:open_edit_issue_form,Success,True
1610598241425,512,selenium_edit_issue:save_edit_issue_form,Success,True
1610598241425,1355,selenium_edit_issue,Success,True
.test_1_selenium_edit_issue,Total:275 Passed:275 Failed:0
1610598241830,403,selenium_save_comment:open_comment_form,Success,True
1610598242599,671,selenium_save_comment:submit_form,Success,True
1610598242599,1172,selenium_save_comment,Success,True
.test_1_selenium_save_comment,Total:276 Passed:276 Failed:0
1610598243860,1260,selenium_search_jql,Success,True
.test_1_selenium_search_jql,Total:277 Passed:277 Failed:0
1610598244431,568,selenium_view_scrum_board_backlog,Success,True
.test_1_selenium_view_backlog_for_scrum_board,Total:278 Passed:278 Failed:0
1610598244830,397,selenium_view_scrum_board,Success,True
.test_1_selenium_view_scrum_board,Total:279 Passed:279 Failed:0
1610598246073,1242,selenium_view_kanban_board,Success,True
.test_1_selenium_view_kanban_board,Total:280 Passed:280 Failed:0
1610598246390,315,selenium_view_dashboard,Success,True
.test_1_selenium_view_dashboard,Total:281 Passed:281 Failed:0
1610598246999,607,selenium_view_issue,Success,True
.test_1_selenium_view_issue,Total:282 Passed:282 Failed:0
1610598247456,455,selenium_project_summary,Success,True
.test_1_selenium_view_project_summary,Total:283 Passed:283 Failed:0
1610598247897,438,selenium_app_custom_action:view_issue,Success,True
1610598247897,439,selenium_app_custom_action,Success,True
.test_1_selenium_custom_action,Total:284 Passed:284 Failed:0
1610598248181,282,selenium_log_out,Success,True
.test_2_selenium_z_log_out,Total:285 Passed:285 Failed:0


=============================== warnings summary ===============================
../../usr/local/lib/python3.8/dist-packages/_pytest/config/__init__.py:1114
  /usr/local/lib/python3.8/dist-packages/_pytest/config/__init__.py:1114: PytestAssertRewriteWarning: Module already imported so cannot be rewritten: apiritif
    self._mark_plugins_for_rewrite(hook)

-- Docs: https://docs.pytest.org/en/stable/warnings.html
======================== 15 passed, 1 warning in 11.01s ========================
============================= test session starts ==============================
platform linux -- Python 3.8.0, pytest-6.2.1, py-1.10.0, pluggy-0.13.1
rootdir: /dc-app-performance-toolkit/app
plugins: apiritif-0.9.5
collected 15 items

selenium_ui/jira_ui.py get driver from global
1610598248319,90,selenium_login:open_login_page,Success,True
1610598248770,451,selenium_login:login_and_view_dashboard,Success,True
1610598248770,542,selenium_login,Success,True
.test_0_selenium_a_login,Total:286 Passed:286 Failed:0
1610598249076,295,selenium_browse_projects_list,Success,True
.test_1_selenium_browse_projects_list,Total:287 Passed:287 Failed:0
1610598249798,720,selenium_browse_boards_list,Success,True
.test_1_selenium_browse_boards_list,Total:288 Passed:288 Failed:0
1610598250470,663,selenium_create_issue:open_quick_create,Success,True
1610598251567,596,selenium_create_issue:fill_and_submit_issue_form:submit_issue_form,Success,True
1610598251567,1097,selenium_create_issue:fill_and_submit_issue_form,Success,True
1610598251567,1761,selenium_create_issue,Success,True
.test_1_selenium_create_issue,Total:289 Passed:289 Failed:0
1610598252184,605,selenium_edit_issue:open_edit_issue_form,Success,True
1610598252946,517,selenium_edit_issue:save_edit_issue_form,Success,True
1610598252946,1367,selenium_edit_issue,Success,True
.test_1_selenium_edit_issue,Total:290 Passed:290 Failed:0
1610598253282,333,selenium_save_comment:open_comment_form,Success,True
1610598254155,729,selenium_save_comment:submit_form,Success,True
1610598254155,1207,selenium_save_comment,Success,True
.test_1_selenium_save_comment,Total:291 Passed:291 Failed:0
1610598255348,1191,selenium_search_jql,Success,True
.test_1_selenium_search_jql,Total:292 Passed:292 Failed:0
1610598255847,498,selenium_view_scrum_board_backlog,Success,True
.test_1_selenium_view_backlog_for_scrum_board,Total:293 Passed:293 Failed:0
1610598256816,967,selenium_view_scrum_board,Success,True
.test_1_selenium_view_scrum_board,Total:294 Passed:294 Failed:0
1610598257785,967,selenium_view_kanban_board,Success,True
.test_1_selenium_view_kanban_board,Total:295 Passed:295 Failed:0
1610598258224,437,selenium_view_dashboard,Success,True
.test_1_selenium_view_dashboard,Total:296 Passed:296 Failed:0
1610598258864,638,selenium_view_issue,Success,True
.test_1_selenium_view_issue,Total:297 Passed:297 Failed:0
1610598259265,399,selenium_project_summary,Success,True
.test_1_selenium_view_project_summary,Total:298 Passed:298 Failed:0
1610598259737,471,selenium_app_custom_action:view_issue,Success,True
1610598259737,471,selenium_app_custom_action,Success,True
.test_1_selenium_custom_action,Total:299 Passed:299 Failed:0
1610598260034,295,selenium_log_out,Success,True
.test_2_selenium_z_log_out,Total:300 Passed:300 Failed:0


=============================== warnings summary ===============================
../../usr/local/lib/python3.8/dist-packages/_pytest/config/__init__.py:1114
  /usr/local/lib/python3.8/dist-packages/_pytest/config/__init__.py:1114: PytestAssertRewriteWarning: Module already imported so cannot be rewritten: apiritif
    self._mark_plugins_for_rewrite(hook)

-- Docs: https://docs.pytest.org/en/stable/warnings.html
======================== 15 passed, 1 warning in 11.81s ========================
============================= test session starts ==============================
platform linux -- Python 3.8.0, pytest-6.2.1, py-1.10.0, pluggy-0.13.1
rootdir: /dc-app-performance-toolkit/app
plugins: apiritif-0.9.5
collected 15 items

selenium_ui/jira_ui.py get driver from global
1610598260170,89,selenium_login:open_login_page,Success,True
1610598260612,442,selenium_login:login_and_view_dashboard,Success,True
1610598260612,531,selenium_login,Success,True
.test_0_selenium_a_login,Total:301 Passed:301 Failed:0
1610598260926,303,selenium_browse_projects_list,Success,True
.test_1_selenium_browse_projects_list,Total:302 Passed:302 Failed:0
1610598261170,242,selenium_browse_boards_list,Success,True
.test_1_selenium_browse_boards_list,Total:303 Passed:303 Failed:0
1610598261866,689,selenium_create_issue:open_quick_create,Success,True
1610598262939,598,selenium_create_issue:fill_and_submit_issue_form:submit_issue_form,Success,True
1610598262940,1073,selenium_create_issue:fill_and_submit_issue_form,Success,True
1610598262940,1762,selenium_create_issue,Success,True
.test_1_selenium_create_issue,Total:304 Passed:304 Failed:0
1610598263516,564,selenium_edit_issue:open_edit_issue_form,Success,True
1610598264396,555,selenium_edit_issue:save_edit_issue_form,Success,True
1610598264396,1444,selenium_edit_issue,Success,True
.test_1_selenium_edit_issue,Total:305 Passed:305 Failed:0
1610598264693,296,selenium_save_comment:open_comment_form,Success,True
1610598265617,783,selenium_save_comment:submit_form,Success,True
1610598265617,1220,selenium_save_comment,Success,True
.test_1_selenium_save_comment,Total:306 Passed:306 Failed:0
1610598266876,1257,selenium_search_jql,Success,True
.test_1_selenium_search_jql,Total:307 Passed:307 Failed:0
1610598267324,447,selenium_view_scrum_board_backlog,Success,True
.test_1_selenium_view_backlog_for_scrum_board,Total:308 Passed:308 Failed:0
1610598268289,963,selenium_view_scrum_board,Success,True
.test_1_selenium_view_scrum_board,Total:309 Passed:309 Failed:0
1610598269230,939,selenium_view_kanban_board,Success,True
.test_1_selenium_view_kanban_board,Total:310 Passed:310 Failed:0
1610598269582,351,selenium_view_dashboard,Success,True
.test_1_selenium_view_dashboard,Total:311 Passed:311 Failed:0
1610598270221,637,selenium_view_issue,Success,True
.test_1_selenium_view_issue,Total:312 Passed:312 Failed:0
1610598270653,430,selenium_project_summary,Success,True
.test_1_selenium_view_project_summary,Total:313 Passed:313 Failed:0
1610598271089,434,selenium_app_custom_action:view_issue,Success,True
1610598271089,434,selenium_app_custom_action,Success,True
.test_1_selenium_custom_action,Total:314 Passed:314 Failed:0
1610598271465,374,selenium_log_out,Success,True
.test_2_selenium_z_log_out,Total:315 Passed:315 Failed:0


=============================== warnings summary ===============================
../../usr/local/lib/python3.8/dist-packages/_pytest/config/__init__.py:1114
  /usr/local/lib/python3.8/dist-packages/_pytest/config/__init__.py:1114: PytestAssertRewriteWarning: Module already imported so cannot be rewritten: apiritif
    self._mark_plugins_for_rewrite(hook)

-- Docs: https://docs.pytest.org/en/stable/warnings.html
======================== 15 passed, 1 warning in 11.39s ========================
============================= test session starts ==============================
platform linux -- Python 3.8.0, pytest-6.2.1, py-1.10.0, pluggy-0.13.1
rootdir: /dc-app-performance-toolkit/app
plugins: apiritif-0.9.5
collected 15 items

selenium_ui/jira_ui.py get driver from global
1610598271606,91,selenium_login:open_login_page,Success,True
1610598272087,481,selenium_login:login_and_view_dashboard,Success,True
1610598272087,572,selenium_login,Success,True
.test_0_selenium_a_login,Total:316 Passed:316 Failed:0
1610598272411,313,selenium_browse_projects_list,Success,True
.test_1_selenium_browse_projects_list,Total:317 Passed:317 Failed:0
1610598272659,246,selenium_browse_boards_list,Success,True
.test_1_selenium_browse_boards_list,Total:318 Passed:318 Failed:0
1610598273353,685,selenium_create_issue:open_quick_create,Success,True
1610598274512,598,selenium_create_issue:fill_and_submit_issue_form:submit_issue_form,Success,True
1610598274512,1159,selenium_create_issue:fill_and_submit_issue_form,Success,True
1610598274512,1844,selenium_create_issue,Success,True
.test_1_selenium_create_issue,Total:319 Passed:319 Failed:0
1610598275132,607,selenium_edit_issue:open_edit_issue_form,Success,True
1610598275892,514,selenium_edit_issue:save_edit_issue_form,Success,True
1610598275892,1367,selenium_edit_issue,Success,True
.test_1_selenium_edit_issue,Total:320 Passed:320 Failed:0
1610598276194,300,selenium_save_comment:open_comment_form,Success,True
1610598277045,704,selenium_save_comment:submit_form,Success,True
1610598277045,1151,selenium_save_comment,Success,True
.test_1_selenium_save_comment,Total:321 Passed:321 Failed:0
1610598278219,1172,selenium_search_jql,Success,True
.test_1_selenium_search_jql,Total:322 Passed:322 Failed:0
1610598278784,563,selenium_view_scrum_board_backlog,Success,True
.test_1_selenium_view_backlog_for_scrum_board,Total:323 Passed:323 Failed:0
1610598279174,389,selenium_view_scrum_board,Success,True
.test_1_selenium_view_scrum_board,Total:324 Passed:324 Failed:0
1610598280732,1557,selenium_view_kanban_board,Success,True
.test_1_selenium_view_kanban_board,Total:325 Passed:325 Failed:0
1610598281181,447,selenium_view_dashboard,Success,True
.test_1_selenium_view_dashboard,Total:326 Passed:326 Failed:0
1610598281806,623,selenium_view_issue,Success,True
.test_1_selenium_view_issue,Total:327 Passed:327 Failed:0
1610598282174,366,selenium_project_summary,Success,True
.test_1_selenium_view_project_summary,Total:328 Passed:328 Failed:0
1610598282628,452,selenium_app_custom_action:view_issue,Success,True
1610598282628,452,selenium_app_custom_action,Success,True
.test_1_selenium_custom_action,Total:329 Passed:329 Failed:0
1610598282921,291,selenium_log_out,Success,True
.test_2_selenium_z_log_out,Total:330 Passed:330 Failed:0


=============================== warnings summary ===============================
../../usr/local/lib/python3.8/dist-packages/_pytest/config/__init__.py:1114
  /usr/local/lib/python3.8/dist-packages/_pytest/config/__init__.py:1114: PytestAssertRewriteWarning: Module already imported so cannot be rewritten: apiritif
    self._mark_plugins_for_rewrite(hook)

-- Docs: https://docs.pytest.org/en/stable/warnings.html
======================== 15 passed, 1 warning in 11.41s ========================
============================= test session starts ==============================
platform linux -- Python 3.8.0, pytest-6.2.1, py-1.10.0, pluggy-0.13.1
rootdir: /dc-app-performance-toolkit/app
plugins: apiritif-0.9.5
collected 15 items

selenium_ui/jira_ui.py get driver from global
1610598283060,92,selenium_login:open_login_page,Success,True
1610598283543,483,selenium_login:login_and_view_dashboard,Success,True
1610598283544,575,selenium_login,Success,True
.test_0_selenium_a_login,Total:331 Passed:331 Failed:0
1610598283860,306,selenium_browse_projects_list,Success,True
.test_1_selenium_browse_projects_list,Total:332 Passed:332 Failed:0
1610598284100,238,selenium_browse_boards_list,Success,True
.test_1_selenium_browse_boards_list,Total:333 Passed:333 Failed:0
1610598284809,700,selenium_create_issue:open_quick_create,Success,True
1610598285880,602,selenium_create_issue:fill_and_submit_issue_form:submit_issue_form,Success,True
1610598285880,1071,selenium_create_issue:fill_and_submit_issue_form,Success,True
1610598285880,1772,selenium_create_issue,Success,True
.test_1_selenium_create_issue,Total:334 Passed:334 Failed:0
1610598286539,643,selenium_edit_issue:open_edit_issue_form,Success,True
1610598287445,639,selenium_edit_issue:save_edit_issue_form,Success,True
1610598287445,1549,selenium_edit_issue,Success,True
.test_1_selenium_edit_issue,Total:335 Passed:335 Failed:0
1610598287775,328,selenium_save_comment:open_comment_form,Success,True
1610598288498,632,selenium_save_comment:submit_form,Success,True
1610598288499,1051,selenium_save_comment,Success,True
.test_1_selenium_save_comment,Total:336 Passed:336 Failed:0
1610598289728,1228,selenium_search_jql,Success,True
.test_1_selenium_search_jql,Total:337 Passed:337 Failed:0
1610598290844,1114,selenium_view_scrum_board_backlog,Success,True
.test_1_selenium_view_backlog_for_scrum_board,Total:338 Passed:338 Failed:0
1610598291123,276,selenium_view_scrum_board,Success,True
.test_1_selenium_view_scrum_board,Total:339 Passed:339 Failed:0
1610598292358,1233,selenium_view_kanban_board,Success,True
.test_1_selenium_view_kanban_board,Total:340 Passed:340 Failed:0
1610598292572,213,selenium_view_dashboard,Success,True
.test_1_selenium_view_dashboard,Total:341 Passed:341 Failed:0
1610598293170,596,selenium_view_issue,Success,True
.test_1_selenium_view_issue,Total:342 Passed:342 Failed:0
1610598293538,367,selenium_project_summary,Success,True
.test_1_selenium_view_project_summary,Total:343 Passed:343 Failed:0
1610598294020,480,selenium_app_custom_action:view_issue,Success,True
1610598294021,480,selenium_app_custom_action,Success,True
.test_1_selenium_custom_action,Total:344 Passed:344 Failed:0
1610598294318,295,selenium_log_out,Success,True
.test_2_selenium_z_log_out,Total:345 Passed:345 Failed:0


=============================== warnings summary ===============================
../../usr/local/lib/python3.8/dist-packages/_pytest/config/__init__.py:1114
  /usr/local/lib/python3.8/dist-packages/_pytest/config/__init__.py:1114: PytestAssertRewriteWarning: Module already imported so cannot be rewritten: apiritif
    self._mark_plugins_for_rewrite(hook)

-- Docs: https://docs.pytest.org/en/stable/warnings.html
======================== 15 passed, 1 warning in 11.36s ========================
============================= test session starts ==============================
platform linux -- Python 3.8.0, pytest-6.2.1, py-1.10.0, pluggy-0.13.1
rootdir: /dc-app-performance-toolkit/app
plugins: apiritif-0.9.5
collected 15 items

selenium_ui/jira_ui.py get driver from global
1610598294461,94,selenium_login:open_login_page,Success,True
1610598294888,427,selenium_login:login_and_view_dashboard,Success,True
1610598294888,522,selenium_login,Success,True
.test_0_selenium_a_login,Total:346 Passed:346 Failed:0
1610598295256,347,selenium_browse_projects_list,Success,True
.test_1_selenium_browse_projects_list,Total:347 Passed:347 Failed:0
1610598295508,251,selenium_browse_boards_list,Success,True
.test_1_selenium_browse_boards_list,Total:348 Passed:348 Failed:0
1610598296154,638,selenium_create_issue:open_quick_create,Success,True
1610598297229,599,selenium_create_issue:fill_and_submit_issue_form:submit_issue_form,Success,True
1610598297229,1074,selenium_create_issue:fill_and_submit_issue_form,Success,True
1610598297229,1713,selenium_create_issue,Success,True
.test_1_selenium_create_issue,Total:349 Passed:349 Failed:0
1610598297884,642,selenium_edit_issue:open_edit_issue_form,Success,True
1610598298652,501,selenium_edit_issue:save_edit_issue_form,Success,True
1610598298652,1410,selenium_edit_issue,Success,True
.test_1_selenium_edit_issue,Total:350 Passed:350 Failed:0
1610598299040,387,selenium_save_comment:open_comment_form,Success,True
1610598299810,669,selenium_save_comment:submit_form,Success,True
1610598299810,1157,selenium_save_comment,Success,True
.test_1_selenium_save_comment,Total:351 Passed:351 Failed:0
1610598300995,1183,selenium_search_jql,Success,True
.test_1_selenium_search_jql,Total:352 Passed:352 Failed:0
1610598301456,459,selenium_view_scrum_board_backlog,Success,True
.test_1_selenium_view_backlog_for_scrum_board,Total:353 Passed:353 Failed:0
1610598302411,954,selenium_view_scrum_board,Success,True
.test_1_selenium_view_scrum_board,Total:354 Passed:354 Failed:0
1610598303671,1258,selenium_view_kanban_board,Success,True
.test_1_selenium_view_kanban_board,Total:355 Passed:355 Failed:0
1610598303953,280,selenium_view_dashboard,Success,True
.test_1_selenium_view_dashboard,Total:356 Passed:356 Failed:0
1610598304533,579,selenium_view_issue,Success,True
.test_1_selenium_view_issue,Total:357 Passed:357 Failed:0
1610598304895,361,selenium_project_summary,Success,True
.test_1_selenium_view_project_summary,Total:358 Passed:358 Failed:0
1610598305333,436,selenium_app_custom_action:view_issue,Success,True
1610598305333,436,selenium_app_custom_action,Success,True
.test_1_selenium_custom_action,Total:359 Passed:359 Failed:0
1610598305645,310,selenium_log_out,Success,True
.test_2_selenium_z_log_out,Total:360 Passed:360 Failed:0


=============================== warnings summary ===============================
../../usr/local/lib/python3.8/dist-packages/_pytest/config/__init__.py:1114
  /usr/local/lib/python3.8/dist-packages/_pytest/config/__init__.py:1114: PytestAssertRewriteWarning: Module already imported so cannot be rewritten: apiritif
    self._mark_plugins_for_rewrite(hook)

-- Docs: https://docs.pytest.org/en/stable/warnings.html
======================== 15 passed, 1 warning in 11.29s ========================
============================= test session starts ==============================
platform linux -- Python 3.8.0, pytest-6.2.1, py-1.10.0, pluggy-0.13.1
rootdir: /dc-app-performance-toolkit/app
plugins: apiritif-0.9.5
collected 15 items

selenium_ui/jira_ui.py get driver from global
1610598305804,110,selenium_login:open_login_page,Success,True
1610598306254,449,selenium_login:login_and_view_dashboard,Success,True
1610598306254,560,selenium_login,Success,True
.test_0_selenium_a_login,Total:361 Passed:361 Failed:0
1610598306572,307,selenium_browse_projects_list,Success,True
.test_1_selenium_browse_projects_list,Total:362 Passed:362 Failed:0
1610598306818,245,selenium_browse_boards_list,Success,True
.test_1_selenium_browse_boards_list,Total:363 Passed:363 Failed:0
1610598307492,666,selenium_create_issue:open_quick_create,Success,True
1610598308615,599,selenium_create_issue:fill_and_submit_issue_form:submit_issue_form,Success,True
1610598308615,1122,selenium_create_issue:fill_and_submit_issue_form,Success,True
1610598308615,1789,selenium_create_issue,Success,True
.test_1_selenium_create_issue,Total:364 Passed:364 Failed:0
1610598309143,516,selenium_edit_issue:open_edit_issue_form,Success,True
1610598310013,536,selenium_edit_issue:save_edit_issue_form,Success,True
1610598310013,1386,selenium_edit_issue,Success,True
.test_1_selenium_edit_issue,Total:365 Passed:365 Failed:0
1610598310400,386,selenium_save_comment:open_comment_form,Success,True
1610598311223,727,selenium_save_comment:submit_form,Success,True
1610598311223,1208,selenium_save_comment,Success,True
[...]

-- Docs: https://docs.pytest.org/en/stable/warnings.html
======================== 15 passed, 1 warning in 11.08s ========================
============================= test session starts ==============================
platform linux -- Python 3.8.0, pytest-6.2.1, py-1.10.0, pluggy-0.13.1
rootdir: /dc-app-performance-toolkit/app
plugins: apiritif-0.9.5
collected 15 items

selenium_ui/jira_ui.py get driver from global
1610600641053,99,selenium_login:open_login_page,Success,True
1610600641511,457,selenium_login:login_and_view_dashboard,Success,True
1610600641511,557,selenium_login,Success,True
.test_0_selenium_a_login,Total:3421 Passed:3421 Failed:0
1610600641818,295,selenium_browse_projects_list,Success,True
.test_1_selenium_browse_projects_list,Total:3422 Passed:3422 Failed:0
1610600642066,246,selenium_browse_boards_list,Success,True
.test_1_selenium_browse_boards_list,Total:3423 Passed:3423 Failed:0
1610600642778,704,selenium_create_issue:open_quick_create,Success,True
1610600643919,607,selenium_create_issue:fill_and_submit_issue_form:submit_issue_form,Success,True
1610600643919,1140,selenium_create_issue:fill_and_submit_issue_form,Success,True
1610600643919,1845,selenium_create_issue,Success,True
.test_1_selenium_create_issue,Total:3424 Passed:3424 Failed:0
1610600644555,622,selenium_edit_issue:open_edit_issue_form,Success,True
1610600645366,552,selenium_edit_issue:save_edit_issue_form,Success,True
1610600645366,1433,selenium_edit_issue,Success,True
.test_1_selenium_edit_issue,Total:3425 Passed:3425 Failed:0
1610600645779,411,selenium_save_comment:open_comment_form,Success,True
1610600646537,655,selenium_save_comment:submit_form,Success,True
1610600646537,1170,selenium_save_comment,Success,True
.test_1_selenium_save_comment,Total:3426 Passed:3426 Failed:0
1610600647786,1246,selenium_search_jql,Success,True
.test_1_selenium_search_jql,Total:3427 Passed:3427 Failed:0
1610600648262,475,selenium_view_scrum_board_backlog,Success,True
.test_1_selenium_view_backlog_for_scrum_board,Total:3428 Passed:3428 Failed:0
1610600649264,1000,selenium_view_scrum_board,Success,True
.test_1_selenium_view_scrum_board,Total:3429 Passed:3429 Failed:0
1610600651002,1737,selenium_view_kanban_board,Success,True
.test_1_selenium_view_kanban_board,Total:3430 Passed:3430 Failed:0
1610600651205,201,selenium_view_dashboard,Success,True
.test_1_selenium_view_dashboard,Total:3431 Passed:3431 Failed:0
1610600651731,524,selenium_view_issue,Success,True
.test_1_selenium_view_issue,Total:3432 Passed:3432 Failed:0
1610600652233,500,selenium_project_summary,Success,True
.test_1_selenium_view_project_summary,Total:3433 Passed:3433 Failed:0
1610600652671,436,selenium_app_custom_action:view_issue,Success,True
1610600652671,436,selenium_app_custom_action,Success,True
.test_1_selenium_custom_action,Total:3434 Passed:3434 Failed:0
1610600653044,371,selenium_log_out,Success,True
.test_2_selenium_z_log_out,Total:3435 Passed:3435 Failed:0


=============================== warnings summary ===============================
../../usr/local/lib/python3.8/dist-packages/_pytest/config/__init__.py:1114
  /usr/local/lib/python3.8/dist-packages/_pytest/config/__init__.py:1114: PytestAssertRewriteWarning: Module already imported so cannot be rewritten: apiritif
    self._mark_plugins_for_rewrite(hook)

-- Docs: https://docs.pytest.org/en/stable/warnings.html
======================== 15 passed, 1 warning in 12.10s ========================
============================= test session starts ==============================
platform linux -- Python 3.8.0, pytest-6.2.1, py-1.10.0, pluggy-0.13.1
rootdir: /dc-app-performance-toolkit/app
plugins: apiritif-0.9.5
collected 15 items

selenium_ui/jira_ui.py get driver from global
1610600653186,92,selenium_login:open_login_page,Success,True
1610600653642,456,selenium_login:login_and_view_dashboard,Success,True
1610600653642,549,selenium_login,Success,True
.test_0_selenium_a_login,Total:3436 Passed:3436 Failed:0
1610600653977,322,selenium_browse_projects_list,Success,True
.test_1_selenium_browse_projects_list,Total:3437 Passed:3437 Failed:0
1610600654226,248,selenium_browse_boards_list,Success,True
.test_1_selenium_browse_boards_list,Total:3438 Passed:3438 Failed:0
1610600654878,644,selenium_create_issue:open_quick_create,Success,True
1610600655927,596,selenium_create_issue:fill_and_submit_issue_form:submit_issue_form,Success,True
1610600655927,1048,selenium_create_issue:fill_and_submit_issue_form,Success,True
1610600655927,1693,selenium_create_issue,Success,True
.test_1_selenium_create_issue,Total:3439 Passed:3439 Failed:0
1610600656554,615,selenium_edit_issue:open_edit_issue_form,Success,True
1610600657362,551,selenium_edit_issue:save_edit_issue_form,Success,True
1610600657362,1423,selenium_edit_issue,Success,True
.test_1_selenium_edit_issue,Total:3440 Passed:3440 Failed:0
1610600657765,401,selenium_save_comment:open_comment_form,Success,True
1610600658590,725,selenium_save_comment:submit_form,Success,True
1610600658590,1226,selenium_save_comment,Success,True
.test_1_selenium_save_comment,Total:3441 Passed:3441 Failed:0
1610600659758,1165,selenium_search_jql,Success,True
.test_1_selenium_search_jql,Total:3442 Passed:3442 Failed:0
1610600660268,509,selenium_view_scrum_board_backlog,Success,True
.test_1_selenium_view_backlog_for_scrum_board,Total:3443 Passed:3443 Failed:0
1610600661183,913,selenium_view_scrum_board,Success,True
.test_1_selenium_view_scrum_board,Total:3444 Passed:3444 Failed:0
1610600662569,1384,selenium_view_kanban_board,Success,True
.test_1_selenium_view_kanban_board,Total:3445 Passed:3445 Failed:0
1610600662907,336,selenium_view_dashboard,Success,True
.test_1_selenium_view_dashboard,Total:3446 Passed:3446 Failed:0
1610600663594,685,selenium_view_issue,Success,True
.test_1_selenium_view_issue,Total:3447 Passed:3447 Failed:0
1610600664042,446,selenium_project_summary,Success,True
.test_1_selenium_view_project_summary,Total:3448 Passed:3448 Failed:0
1610600664476,433,selenium_app_custom_action:view_issue,Success,True
1610600664477,433,selenium_app_custom_action,Success,True
.test_1_selenium_custom_action,Total:3449 Passed:3449 Failed:0
1610600664773,295,selenium_log_out,Success,True
.test_2_selenium_z_log_out,Total:3450 Passed:3450 Failed:0


=============================== warnings summary ===============================
../../usr/local/lib/python3.8/dist-packages/_pytest/config/__init__.py:1114
  /usr/local/lib/python3.8/dist-packages/_pytest/config/__init__.py:1114: PytestAssertRewriteWarning: Module already imported so cannot be rewritten: apiritif
    self._mark_plugins_for_rewrite(hook)

-- Docs: https://docs.pytest.org/en/stable/warnings.html
======================== 15 passed, 1 warning in 11.69s ========================
============================= test session starts ==============================
platform linux -- Python 3.8.0, pytest-6.2.1, py-1.10.0, pluggy-0.13.1
rootdir: /dc-app-performance-toolkit/app
plugins: apiritif-0.9.5
collected 15 items

selenium_ui/jira_ui.py get driver from global
1610600664914,91,selenium_login:open_login_page,Success,True
1610600665363,449,selenium_login:login_and_view_dashboard,Success,True
1610600665363,541,selenium_login,Success,True
.test_0_selenium_a_login,Total:3451 Passed:3451 Failed:0
1610600665731,352,selenium_browse_projects_list,Success,True
.test_1_selenium_browse_projects_list,Total:3452 Passed:3452 Failed:0
1610600665974,241,selenium_browse_boards_list,Success,True
.test_1_selenium_browse_boards_list,Total:3453 Passed:3453 Failed:0
1610600666648,665,selenium_create_issue:open_quick_create,Success,True
1610600667743,605,selenium_create_issue:fill_and_submit_issue_form:submit_issue_form,Success,True
1610600667744,1095,selenium_create_issue:fill_and_submit_issue_form,Success,True
1610600667744,1761,selenium_create_issue,Success,True
.test_1_selenium_create_issue,Total:3454 Passed:3454 Failed:0
1610600668364,609,selenium_edit_issue:open_edit_issue_form,Success,True
1610600669116,499,selenium_edit_issue:save_edit_issue_form,Success,True
1610600669116,1361,selenium_edit_issue,Success,True
.test_1_selenium_edit_issue,Total:3455 Passed:3455 Failed:0
1610600669418,300,selenium_save_comment:open_comment_form,Success,True
1610600670245,678,selenium_save_comment:submit_form,Success,True
1610600670245,1127,selenium_save_comment,Success,True
.test_1_selenium_save_comment,Total:3456 Passed:3456 Failed:0
1610600671483,1236,selenium_search_jql,Success,True
.test_1_selenium_search_jql,Total:3457 Passed:3457 Failed:0
1610600671945,460,selenium_view_scrum_board_backlog,Success,True
.test_1_selenium_view_backlog_for_scrum_board,Total:3458 Passed:3458 Failed:0
1610600672917,970,selenium_view_scrum_board,Success,True
.test_1_selenium_view_scrum_board,Total:3459 Passed:3459 Failed:0
1610600674464,1545,selenium_view_kanban_board,Success,True
.test_1_selenium_view_kanban_board,Total:3460 Passed:3460 Failed:0
1610600675015,549,selenium_view_dashboard,Success,True
.test_1_selenium_view_dashboard,Total:3461 Passed:3461 Failed:0
1610600675645,627,selenium_view_issue,Success,True
.test_1_selenium_view_issue,Total:3462 Passed:3462 Failed:0
1610600676042,395,selenium_project_summary,Success,True
.test_1_selenium_view_project_summary,Total:3463 Passed:3463 Failed:0
1610600676469,425,selenium_app_custom_action:view_issue,Success,True
1610600676469,425,selenium_app_custom_action,Success,True
.test_1_selenium_custom_action,Total:3464 Passed:3464 Failed:0
1610600676761,291,selenium_log_out,Success,True
.test_2_selenium_z_log_out,Total:3465 Passed:3465 Failed:0


=============================== warnings summary ===============================
../../usr/local/lib/python3.8/dist-packages/_pytest/config/__init__.py:1114
  /usr/local/lib/python3.8/dist-packages/_pytest/config/__init__.py:1114: PytestAssertRewriteWarning: Module already imported so cannot be rewritten: apiritif
    self._mark_plugins_for_rewrite(hook)

-- Docs: https://docs.pytest.org/en/stable/warnings.html
======================== 15 passed, 1 warning in 11.95s ========================
============================= test session starts ==============================
platform linux -- Python 3.8.0, pytest-6.2.1, py-1.10.0, pluggy-0.13.1
rootdir: /dc-app-performance-toolkit/app
plugins: apiritif-0.9.5
collected 15 items

selenium_ui/jira_ui.py get driver from global
1610600676906,96,selenium_login:open_login_page,Success,True
1610600677366,459,selenium_login:login_and_view_dashboard,Success,True
1610600677366,556,selenium_login,Success,True
.test_0_selenium_a_login,Total:3466 Passed:3466 Failed:0
1610600677709,332,selenium_browse_projects_list,Success,True
.test_1_selenium_browse_projects_list,Total:3467 Passed:3467 Failed:0
1610600677958,247,selenium_browse_boards_list,Success,True
.test_1_selenium_browse_boards_list,Total:3468 Passed:3468 Failed:0
1610600678659,692,selenium_create_issue:open_quick_create,Success,True
1610600679790,598,selenium_create_issue:fill_and_submit_issue_form:submit_issue_form,Success,True
1610600679790,1131,selenium_create_issue:fill_and_submit_issue_form,Success,True
1610600679790,1823,selenium_create_issue,Success,True
.test_1_selenium_create_issue,Total:3469 Passed:3469 Failed:0
1610600680330,528,selenium_edit_issue:open_edit_issue_form,Success,True
1610600681188,541,selenium_edit_issue:save_edit_issue_form,Success,True
1610600681188,1386,selenium_edit_issue,Success,True
.test_1_selenium_edit_issue,Total:3470 Passed:3470 Failed:0
1610600681528,338,selenium_save_comment:open_comment_form,Success,True
1610600682368,706,selenium_save_comment:submit_form,Success,True
1610600682368,1179,selenium_save_comment,Success,True
.test_1_selenium_save_comment,Total:3471 Passed:3471 Failed:0
1610600683649,1280,selenium_search_jql,Success,True
.test_1_selenium_search_jql,Total:3472 Passed:3472 Failed:0
1610600684225,574,selenium_view_scrum_board_backlog,Success,True
.test_1_selenium_view_backlog_for_scrum_board,Total:3473 Passed:3473 Failed:0
1610600684592,366,selenium_view_scrum_board,Success,True
.test_1_selenium_view_scrum_board,Total:3474 Passed:3474 Failed:0
1610600685821,1227,selenium_view_kanban_board,Success,True
.test_1_selenium_view_kanban_board,Total:3475 Passed:3475 Failed:0
1610600686274,451,selenium_view_dashboard,Success,True
.test_1_selenium_view_dashboard,Total:3476 Passed:3476 Failed:0
1610600686947,670,selenium_view_issue,Success,True
.test_1_selenium_view_issue,Total:3477 Passed:3477 Failed:0
1610600687355,407,selenium_project_summary,Success,True
.test_1_selenium_view_project_summary,Total:3478 Passed:3478 Failed:0
1610600687762,405,selenium_app_custom_action:view_issue,Success,True
1610600687762,405,selenium_app_custom_action,Success,True
.test_1_selenium_custom_action,Total:3479 Passed:3479 Failed:0
1610600688061,298,selenium_log_out,Success,True
.test_2_selenium_z_log_out,Total:3480 Passed:3480 Failed:0


=============================== warnings summary ===============================
../../usr/local/lib/python3.8/dist-packages/_pytest/config/__init__.py:1114
  /usr/local/lib/python3.8/dist-packages/_pytest/config/__init__.py:1114: PytestAssertRewriteWarning: Module already imported so cannot be rewritten: apiritif
    self._mark_plugins_for_rewrite(hook)

-- Docs: https://docs.pytest.org/en/stable/warnings.html
======================== 15 passed, 1 warning in 11.26s ========================
============================= test session starts ==============================
platform linux -- Python 3.8.0, pytest-6.2.1, py-1.10.0, pluggy-0.13.1
rootdir: /dc-app-performance-toolkit/app
plugins: apiritif-0.9.5
collected 15 items

selenium_ui/jira_ui.py get driver from global
1610600688202,91,selenium_login:open_login_page,Success,True
1610600688663,460,selenium_login:login_and_view_dashboard,Success,True
1610600688663,552,selenium_login,Success,True
.test_0_selenium_a_login,Total:3481 Passed:3481 Failed:0
1610600688979,303,selenium_browse_projects_list,Success,True
.test_1_selenium_browse_projects_list,Total:3482 Passed:3482 Failed:0
1610600689232,251,selenium_browse_boards_list,Success,True
.test_1_selenium_browse_boards_list,Total:3483 Passed:3483 Failed:0
1610600689914,674,selenium_create_issue:open_quick_create,Success,True
1610600691050,602,selenium_create_issue:fill_and_submit_issue_form:submit_issue_form,Success,True
1610600691050,1136,selenium_create_issue:fill_and_submit_issue_form,Success,True
1610600691050,1810,selenium_create_issue,Success,True
.test_1_selenium_create_issue,Total:3484 Passed:3484 Failed:0
1610600691577,514,selenium_edit_issue:open_edit_issue_form,Success,True
1610600692525,620,selenium_edit_issue:save_edit_issue_form,Success,True
1610600692525,1463,selenium_edit_issue,Success,True
.test_1_selenium_edit_issue,Total:3485 Passed:3485 Failed:0
1610600692824,297,selenium_save_comment:open_comment_form,Success,True
1610600693567,611,selenium_save_comment:submit_form,Success,True
1610600693567,1040,selenium_save_comment,Success,True
.test_1_selenium_save_comment,Total:3486 Passed:3486 Failed:0
1610600694733,1164,selenium_search_jql,Success,True
.test_1_selenium_search_jql,Total:3487 Passed:3487 Failed:0
1610600695220,485,selenium_view_scrum_board_backlog,Success,True
.test_1_selenium_view_backlog_for_scrum_board,Total:3488 Passed:3488 Failed:0
1610600695565,343,selenium_view_scrum_board,Success,True
.test_1_selenium_view_scrum_board,Total:3489 Passed:3489 Failed:0
1610600697486,1919,selenium_view_kanban_board,Success,True
.test_1_selenium_view_kanban_board,Total:3490 Passed:3490 Failed:0
1610600698083,595,selenium_view_dashboard,Success,True
.test_1_selenium_view_dashboard,Total:3491 Passed:3491 Failed:0
1610600698642,558,selenium_view_issue,Success,True
.test_1_selenium_view_issue,Total:3492 Passed:3492 Failed:0
1610600699009,365,selenium_project_summary,Success,True
.test_1_selenium_view_project_summary,Total:3493 Passed:3493 Failed:0
1610600699427,416,selenium_app_custom_action:view_issue,Success,True
1610600699427,416,selenium_app_custom_action,Success,True
.test_1_selenium_custom_action,Total:3494 Passed:3494 Failed:0
1610600699751,322,selenium_log_out,Success,True
.test_2_selenium_z_log_out,Total:3495 Passed:3495 Failed:0


=============================== warnings summary ===============================
../../usr/local/lib/python3.8/dist-packages/_pytest/config/__init__.py:1114
  /usr/local/lib/python3.8/dist-packages/_pytest/config/__init__.py:1114: PytestAssertRewriteWarning: Module already imported so cannot be rewritten: apiritif
    self._mark_plugins_for_rewrite(hook)

-- Docs: https://docs.pytest.org/en/stable/warnings.html
======================== 15 passed, 1 warning in 11.65s ========================
============================= test session starts ==============================
platform linux -- Python 3.8.0, pytest-6.2.1, py-1.10.0, pluggy-0.13.1
rootdir: /dc-app-performance-toolkit/app
plugins: apiritif-0.9.5
collected 15 items

selenium_ui/jira_ui.py get driver from global
1610600699889,89,selenium_login:open_login_page,Success,True
1610600700326,437,selenium_login:login_and_view_dashboard,Success,True
1610600700326,526,selenium_login,Success,True
.test_0_selenium_a_login,Total:3496 Passed:3496 Failed:0
1610600700631,295,selenium_browse_projects_list,Success,True
.test_1_selenium_browse_projects_list,Total:3497 Passed:3497 Failed:0
1610600700871,238,selenium_browse_boards_list,Success,True
.test_1_selenium_browse_boards_list,Total:3498 Passed:3498 Failed:0
1610600701572,693,selenium_create_issue:open_quick_create,Success,True
1610600702632,601,selenium_create_issue:fill_and_submit_issue_form:submit_issue_form,Success,True
1610600702632,1059,selenium_create_issue:fill_and_submit_issue_form,Success,True
1610600702632,1753,selenium_create_issue,Success,True
.test_1_selenium_create_issue,Total:3499 Passed:3499 Failed:0
1610600703257,608,selenium_edit_issue:open_edit_issue_form,Success,True
1610600704033,528,selenium_edit_issue:save_edit_issue_form,Success,True
1610600704033,1385,selenium_edit_issue,Success,True
.test_1_selenium_edit_issue,Total:3500 Passed:3500 Failed:0
1610600704331,296,selenium_save_comment:open_comment_form,Success,True
1610600705152,679,selenium_save_comment:submit_form,Success,True
1610600705152,1117,selenium_save_comment,Success,True
.test_1_selenium_save_comment,Total:3501 Passed:3501 Failed:0
1610600706331,1177,selenium_search_jql,Success,True
.test_1_selenium_search_jql,Total:3502 Passed:3502 Failed:0
1610600706885,553,selenium_view_scrum_board_backlog,Success,True
.test_1_selenium_view_backlog_for_scrum_board,Total:3503 Passed:3503 Failed:0
1610600707331,443,selenium_view_scrum_board,Success,True
.test_1_selenium_view_scrum_board,Total:3504 Passed:3504 Failed:0
1610600709067,1734,selenium_view_kanban_board,Success,True
.test_1_selenium_view_kanban_board,Total:3505 Passed:3505 Failed:0
1610600709294,225,selenium_view_dashboard,Success,True
.test_1_selenium_view_dashboard,Total:3506 Passed:3506 Failed:0
1610600709852,556,selenium_view_issue,Success,True
.test_1_selenium_view_issue,Total:3507 Passed:3507 Failed:0
1610600710332,479,selenium_project_summary,Success,True
.test_1_selenium_view_project_summary,Total:3508 Passed:3508 Failed:0
1610600710769,435,selenium_app_custom_action:view_issue,Success,True
1610600710769,435,selenium_app_custom_action,Success,True
.test_1_selenium_custom_action,Total:3509 Passed:3509 Failed:0
1610600711097,326,selenium_log_out,Success,True
.test_2_selenium_z_log_out,Total:3510 Passed:3510 Failed:0


=============================== warnings summary ===============================
../../usr/local/lib/python3.8/dist-packages/_pytest/config/__init__.py:1114
  /usr/local/lib/python3.8/dist-packages/_pytest/config/__init__.py:1114: PytestAssertRewriteWarning: Module already imported so cannot be rewritten: apiritif
    self._mark_plugins_for_rewrite(hook)

-- Docs: https://docs.pytest.org/en/stable/warnings.html
======================== 15 passed, 1 warning in 11.31s ========================
